17:00:07	[INFO ] [SMART_CARGO    ] PROC | Node Stop                     
17:00:49	[INFO ] [SMART_CARGO    ] PROC | Node Start!!                  
17:00:50	[INFO ] [SMART_CARGO    ] SUB  | CARGO_DOOR                    -> PREPARED  
17:00:51	[INFO ] [SMART_CARGO    ] SUB  | CARGO_DOOR                    -> OPENED    
17:00:51	[INFO ] [SMART_CARGO    ] PUB  | door_state                    -> door_open 
17:01:09	[INFO ] [SMART_CARGO    ] SUB  | CARGO_DOOR                    -> OPENED    
17:01:09	[INFO ] [SMART_CARGO    ] PUB  | door_state                    -> door_open 
17:01:11	[INFO ] [SMART_CARGO    ] SUB  | CARGO_DOOR                    -> OPENED    
17:01:11	[INFO ] [SMART_CARGO    ] PUB  | door_state                    -> door_open 
17:01:14	[INFO ] [SMART_CARGO    ] SUB  | CARGO_DOOR                    -> OPENED    
17:01:14	[INFO ] [SMART_CARGO    ] PUB  | door_state                    -> door_open 
17:01:14	[INFO ] [SMART_CARGO    ] SUB  | WAGO                          -> PREPARED  
17:01:28	[INFO ] [SMART_CARGO    ] SUB  | CARGO_DOOR                    -> OPENED    
17:01:28	[INFO ] [SMART_CARGO    ] PUB  | door_state                    -> door_open 
17:01:28	[INFO ] [SMART_CARGO    ] SUB  | WAGO                          -> PREPARED  
17:01:31	[INFO ] [SMART_CARGO    ] SUB  | WAGO                          -> PREPARED  
17:01:37	[INFO ] [SMART_CARGO    ] SUB  | CARGO_DOOR                    -> OPENED    
17:01:37	[INFO ] [SMART_CARGO    ] PUB  | door_state                    -> door_open 
17:01:37	[INFO ] [SMART_CARGO    ] SUB  | WAGO                          -> PREPARED  
17:01:40	[INFO ] [SMART_CARGO    ] SUB  | CARGO_DOOR                    -> OPENED    
17:01:40	[INFO ] [SMART_CARGO    ] PUB  | door_state                    -> door_open 
17:05:13	[INFO ] [SMART_CARGO    ] SUB  | CARGO_DOOR                    -> OPENED    
17:05:13	[INFO ] [SMART_CARGO    ] PUB  | door_state                    -> door_open 
17:05:15	[INFO ] [SMART_CARGO    ] SUB  | WAGO                          -> PREPARED  
17:06:09	[INFO ] [SMART_CARGO    ] SUB  | WAGO                          -> PREPARED  
17:07:31	[INFO ] [SMART_CARGO    ] PROC | Node Stop                     
17:07:50	[INFO ] [SMART_CARGO    ] PROC | Node Start!!                  
17:07:50	[INFO ] [SMART_CARGO    ] SUB  | CARGO_DOOR                    -> PREPARED  
17:07:52	[INFO ] [SMART_CARGO    ] SUB  | CARGO_DOOR                    -> OPENED    
17:07:52	[INFO ] [SMART_CARGO    ] PUB  | door_state                    -> door_open 
17:07:52	[INFO ] [SMART_CARGO    ] SUB  | WAGO                          -> PREPARED  
17:07:55	[INFO ] [SMART_CARGO    ] SUB  | CARGO_DOOR                    -> OPENED    
17:07:55	[INFO ] [SMART_CARGO    ] PUB  | door_state                    -> door_open 
17:08:55	[INFO ] [SMART_CARGO    ] SUB  | CARGO_DOOR                    -> OPENED    
17:08:55	[INFO ] [SMART_CARGO    ] PUB  | door_state                    -> door_open 
17:09:09	[INFO ] [SMART_CARGO    ] SUB  | CARGO_DOOR                    -> OPENED    
17:09:09	[INFO ] [SMART_CARGO    ] PUB  | door_state                    -> door_open 
17:09:09	[INFO ] [SMART_CARGO    ] SUB  | WAGO                          -> PREPARED  
17:09:12	[INFO ] [SMART_CARGO    ] SUB  | CARGO_DOOR                    -> OPENED    
17:09:12	[INFO ] [SMART_CARGO    ] PUB  | door_state                    -> door_open 
17:09:12	[INFO ] [SMART_CARGO    ] SUB  | WAGO                          -> PREPARED  
17:09:16	[INFO ] [SMART_CARGO    ] SUB  | CARGO_DOOR                    -> OPENED    
17:09:16	[INFO ] [SMART_CARGO    ] PUB  | door_state                    -> door_open 
17:09:16	[INFO ] [SMART_CARGO    ] SUB  | WAGO                          -> PREPARED  
17:09:20	[INFO ] [SMART_CARGO    ] SUB  | CARGO_DOOR                    -> OPENED    
17:09:20	[INFO ] [SMART_CARGO    ] PUB  | door_state                    -> door_open 
17:09:20	[INFO ] [SMART_CARGO    ] SUB  | WAGO                          -> PREPARED  
17:09:23	[INFO ] [SMART_CARGO    ] SUB  | CARGO_DOOR                    -> OPENED    
17:09:23	[INFO ] [SMART_CARGO    ] PUB  | door_state                    -> door_open 
17:09:23	[INFO ] [SMART_CARGO    ] SUB  | WAGO                          -> PREPARED  
17:09:26	[INFO ] [SMART_CARGO    ] SUB  | CARGO_DOOR                    -> OPENED    
17:09:26	[INFO ] [SMART_CARGO    ] PUB  | door_state                    -> door_open 
17:09:58	[INFO ] [SMART_CARGO    ] SUB  | WAGO                          -> PREPARED  
17:15:34	[INFO ] [SMART_CARGO    ] SUB  | CARGO_DOOR                    -> OPENED    
17:15:34	[INFO ] [SMART_CARGO    ] PUB  | door_state                    -> door_open 
17:21:48	[INFO ] [SMART_CARGO    ] SUB  | CARGO_DOOR                    -> OPENED    
17:21:48	[INFO ] [SMART_CARGO    ] PUB  | door_state                    -> door_open 
17:25:09	[INFO ] [SMART_CARGO    ] SUB  | CARGO_DOOR                    -> OPENED    
17:25:09	[INFO ] [SMART_CARGO    ] PUB  | door_state                    -> door_open 
17:25:09	[INFO ] [SMART_CARGO    ] SUB  | WAGO                          -> PREPARED  
17:25:13	[INFO ] [SMART_CARGO    ] SUB  | CARGO_DOOR                    -> OPENED    
17:25:13	[INFO ] [SMART_CARGO    ] PUB  | door_state                    -> door_open 
17:25:13	[INFO ] [SMART_CARGO    ] SUB  | WAGO                          -> PREPARED  
17:25:17	[INFO ] [SMART_CARGO    ] SUB  | CARGO_DOOR                    -> OPENED    
17:25:17	[INFO ] [SMART_CARGO    ] PUB  | door_state                    -> door_open 
17:34:39	[INFO ] [SMART_CARGO    ] SUB  | WAGO                          -> PREPARED  
17:35:58	[INFO ] [SMART_CARGO    ] SUB  | WAGO                          -> PREPARED  
17:37:44	[INFO ] [SMART_CARGO    ] SUB  | CARGO_DOOR                    -> OPENED    
17:37:44	[INFO ] [SMART_CARGO    ] PUB  | door_state                    -> door_open 
17:38:10	[INFO ] [SMART_CARGO    ] SUB  | CARGO_DOOR                    -> OPENED    
17:38:10	[INFO ] [SMART_CARGO    ] PUB  | door_state                    -> door_open 
17:38:13	[INFO ] [SMART_CARGO    ] SUB  | CARGO_DOOR                    -> OPENED    
17:38:13	[INFO ] [SMART_CARGO    ] PUB  | door_state                    -> door_open 
17:38:15	[INFO ] [SMART_CARGO    ] SUB  | CARGO_DOOR                    -> OPENED    
17:38:15	[INFO ] [SMART_CARGO    ] PUB  | door_state                    -> door_open 
17:38:25	[INFO ] [SMART_CARGO    ] SUB  | CARGO_DOOR                    -> OPENED    
17:38:25	[INFO ] [SMART_CARGO    ] PUB  | door_state                    -> door_open 
17:38:25	[INFO ] [SMART_CARGO    ] SUB  | WAGO                          -> PREPARED  
17:38:31	[INFO ] [SMART_CARGO    ] SUB  | CARGO_DOOR                    -> OPENED    
17:38:31	[INFO ] [SMART_CARGO    ] PUB  | door_state                    -> door_open 
17:38:31	[INFO ] [SMART_CARGO    ] SUB  | WAGO                          -> PREPARED  
17:38:34	[INFO ] [SMART_CARGO    ] SUB  | WAGO                          -> PREPARED  
17:38:37	[INFO ] [SMART_CARGO    ] SUB  | CARGO_DOOR                    -> OPENED    
17:38:37	[INFO ] [SMART_CARGO    ] PUB  | door_state                    -> door_open 
17:38:37	[INFO ] [SMART_CARGO    ] SUB  | WAGO                          -> PREPARED  
17:38:40	[INFO ] [SMART_CARGO    ] SUB  | CARGO_DOOR                    -> OPENED    
17:38:40	[INFO ] [SMART_CARGO    ] PUB  | door_state                    -> door_open 
17:38:44	[INFO ] [SMART_CARGO    ] SUB  | CARGO_DOOR                    -> OPENED    
17:38:44	[INFO ] [SMART_CARGO    ] PUB  | door_state                    -> door_open 
17:38:44	[INFO ] [SMART_CARGO    ] SUB  | WAGO                          -> PREPARED  
17:38:59	[INFO ] [SMART_CARGO    ] SUB  | CARGO_DOOR                    -> OPENED    
17:38:59	[INFO ] [SMART_CARGO    ] PUB  | door_state                    -> door_open 
17:39:01	[INFO ] [SMART_CARGO    ] SUB  | CARGO_DOOR                    -> OPENED    
17:39:01	[INFO ] [SMART_CARGO    ] PUB  | door_state                    -> door_open 
17:39:04	[INFO ] [SMART_CARGO    ] SUB  | CARGO_DOOR                    -> OPENED    
17:39:04	[INFO ] [SMART_CARGO    ] PUB  | door_state                    -> door_open 
17:39:04	[INFO ] [SMART_CARGO    ] SUB  | WAGO                          -> PREPARED  
17:39:07	[INFO ] [SMART_CARGO    ] SUB  | CARGO_DOOR                    -> OPENED    
17:39:07	[INFO ] [SMART_CARGO    ] PUB  | door_state                    -> door_open 
17:39:30	[INFO ] [SMART_CARGO    ] SUB  | CARGO_DOOR                    -> OPENED    
17:39:30	[INFO ] [SMART_CARGO    ] PUB  | door_state                    -> door_open 
17:39:30	[INFO ] [SMART_CARGO    ] SUB  | WAGO                          -> PREPARED  
17:39:34	[INFO ] [SMART_CARGO    ] SUB  | WAGO                          -> PREPARED  
17:39:37	[INFO ] [SMART_CARGO    ] SUB  | CARGO_DOOR                    -> OPENED    
17:39:37	[INFO ] [SMART_CARGO    ] PUB  | door_state                    -> door_open 
17:39:42	[INFO ] [SMART_CARGO    ] SUB  | CARGO_DOOR                    -> OPENED    
17:39:42	[INFO ] [SMART_CARGO    ] PUB  | door_state                    -> door_open 
17:39:44	[INFO ] [SMART_CARGO    ] SUB  | CARGO_DOOR                    -> OPENED    
17:39:44	[INFO ] [SMART_CARGO    ] PUB  | door_state                    -> door_open 
17:39:44	[INFO ] [SMART_CARGO    ] SUB  | WAGO                          -> PREPARED  
17:40:37	[INFO ] [SMART_CARGO    ] SUB  | CARGO_DOOR                    -> OPENED    
17:40:37	[INFO ] [SMART_CARGO    ] PUB  | door_state                    -> door_open 
17:40:37	[INFO ] [SMART_CARGO    ] SUB  | WAGO                          -> PREPARED  
17:41:11	[INFO ] [SMART_CARGO    ] SUB  | WAGO                          -> PREPARED  
17:41:18	[INFO ] [SMART_CARGO    ] SUB  | CARGO_DOOR                    -> OPENED    
17:41:18	[INFO ] [SMART_CARGO    ] PUB  | door_state                    -> door_open 
17:41:18	[INFO ] [SMART_CARGO    ] SUB  | WAGO                          -> PREPARED  
17:41:21	[INFO ] [SMART_CARGO    ] SUB  | CARGO_DOOR                    -> OPENED    
17:41:21	[INFO ] [SMART_CARGO    ] PUB  | door_state                    -> door_open 
17:41:21	[INFO ] [SMART_CARGO    ] SUB  | WAGO                          -> PREPARED  
17:41:23	[INFO ] [SMART_CARGO    ] SUB  | WAGO                          -> PREPARED  
17:41:27	[INFO ] [SMART_CARGO    ] SUB  | CARGO_DOOR                    -> OPENED    
17:41:27	[INFO ] [SMART_CARGO    ] PUB  | door_state                    -> door_open 
17:44:02	[INFO ] [SMART_CARGO    ] SUB  | CARGO_DOOR                    -> OPENED    
17:44:02	[INFO ] [SMART_CARGO    ] PUB  | door_state                    -> door_open 
17:44:29	[INFO ] [SMART_CARGO    ] SUB  | CARGO_DOOR                    -> OPENED    
17:44:29	[INFO ] [SMART_CARGO    ] PUB  | door_state                    -> door_open 
17:44:37	[INFO ] [SMART_CARGO    ] SUB  | WAGO                          -> PREPARED  
17:45:06	[INFO ] [SMART_CARGO    ] SUB  | CARGO_DOOR                    -> OPENED    
17:45:06	[INFO ] [SMART_CARGO    ] PUB  | door_state                    -> door_open 
17:45:06	[INFO ] [SMART_CARGO    ] SUB  | WAGO                          -> PREPARED  
17:45:10	[INFO ] [SMART_CARGO    ] SUB  | WAGO                          -> PREPARED  
17:45:14	[INFO ] [SMART_CARGO    ] SUB  | WAGO                          -> PREPARED  
17:45:17	[INFO ] [SMART_CARGO    ] SUB  | CARGO_DOOR                    -> OPENED    
17:45:17	[INFO ] [SMART_CARGO    ] PUB  | door_state                    -> door_open 
17:45:17	[INFO ] [SMART_CARGO    ] SUB  | WAGO                          -> PREPARED  
17:45:20	[INFO ] [SMART_CARGO    ] SUB  | WAGO                          -> PREPARED  
17:45:24	[INFO ] [SMART_CARGO    ] SUB  | CARGO_DOOR                    -> OPENED    
17:45:24	[INFO ] [SMART_CARGO    ] PUB  | door_state                    -> door_open 
17:45:24	[INFO ] [SMART_CARGO    ] SUB  | WAGO                          -> PREPARED  
17:45:27	[INFO ] [SMART_CARGO    ] SUB  | CARGO_DOOR                    -> OPENED    
17:45:27	[INFO ] [SMART_CARGO    ] PUB  | door_state                    -> door_open 
17:45:27	[INFO ] [SMART_CARGO    ] SUB  | WAGO                          -> PREPARED  
17:45:35	[INFO ] [SMART_CARGO    ] SUB  | CARGO_DOOR                    -> OPENED    
17:45:35	[INFO ] [SMART_CARGO    ] PUB  | door_state                    -> door_open 
17:45:35	[INFO ] [SMART_CARGO    ] SUB  | WAGO                          -> PREPARED  
17:45:39	[INFO ] [SMART_CARGO    ] SUB  | CARGO_DOOR                    -> OPENED    
17:45:39	[INFO ] [SMART_CARGO    ] PUB  | door_state                    -> door_open 
17:45:39	[INFO ] [SMART_CARGO    ] SUB  | WAGO                          -> PREPARED  
17:45:42	[INFO ] [SMART_CARGO    ] SUB  | CARGO_DOOR                    -> OPENED    
17:45:42	[INFO ] [SMART_CARGO    ] PUB  | door_state                    -> door_open 
17:45:42	[INFO ] [SMART_CARGO    ] SUB  | WAGO                          -> PREPARED  
17:47:42	[INFO ] [SMART_CARGO    ] SUB  | CARGO_DOOR                    -> OPENED    
17:47:42	[INFO ] [SMART_CARGO    ] PUB  | door_state                    -> door_open 
17:47:45	[INFO ] [SMART_CARGO    ] SUB  | CARGO_DOOR                    -> OPENED    
17:47:45	[INFO ] [SMART_CARGO    ] PUB  | door_state                    -> door_open 
17:47:45	[INFO ] [SMART_CARGO    ] SUB  | WAGO                          -> PREPARED  
17:47:49	[INFO ] [SMART_CARGO    ] SUB  | CARGO_DOOR                    -> OPENED    
17:47:49	[INFO ] [SMART_CARGO    ] PUB  | door_state                    -> door_open 
17:47:49	[INFO ] [SMART_CARGO    ] SUB  | WAGO                          -> PREPARED  
17:47:52	[INFO ] [SMART_CARGO    ] SUB  | CARGO_DOOR                    -> OPENED    
17:47:52	[INFO ] [SMART_CARGO    ] PUB  | door_state                    -> door_open 
17:48:27	[INFO ] [SMART_CARGO    ] SUB  | CARGO_DOOR                    -> OPENED    
17:48:27	[INFO ] [SMART_CARGO    ] PUB  | door_state                    -> door_open 
17:48:30	[INFO ] [SMART_CARGO    ] SUB  | CARGO_DOOR                    -> OPENED    
17:48:30	[INFO ] [SMART_CARGO    ] PUB  | door_state                    -> door_open 
17:48:30	[INFO ] [SMART_CARGO    ] SUB  | WAGO                          -> PREPARED  
17:48:33	[INFO ] [SMART_CARGO    ] SUB  | CARGO_DOOR                    -> OPENED    
17:48:33	[INFO ] [SMART_CARGO    ] PUB  | door_state                    -> door_open 
17:48:33	[INFO ] [SMART_CARGO    ] SUB  | WAGO                          -> PREPARED  
17:48:38	[INFO ] [SMART_CARGO    ] SUB  | CARGO_DOOR                    -> OPENED    
17:48:38	[INFO ] [SMART_CARGO    ] PUB  | door_state                    -> door_open 
17:50:55	[INFO ] [SMART_CARGO    ] SUB  | CARGO_DOOR                    -> OPENED    
17:50:55	[INFO ] [SMART_CARGO    ] PUB  | door_state                    -> door_open 
17:50:58	[INFO ] [SMART_CARGO    ] SUB  | CARGO_DOOR                    -> OPENED    
17:50:58	[INFO ] [SMART_CARGO    ] PUB  | door_state                    -> door_open 
17:50:58	[INFO ] [SMART_CARGO    ] SUB  | WAGO                          -> PREPARED  
17:51:03	[INFO ] [SMART_CARGO    ] SUB  | CARGO_DOOR                    -> OPENED    
17:51:03	[INFO ] [SMART_CARGO    ] PUB  | door_state                    -> door_open 
17:51:03	[INFO ] [SMART_CARGO    ] SUB  | WAGO                          -> PREPARED  
17:51:07	[INFO ] [SMART_CARGO    ] SUB  | CARGO_DOOR                    -> OPENED    
17:51:07	[INFO ] [SMART_CARGO    ] PUB  | door_state                    -> door_open 
17:51:09	[INFO ] [SMART_CARGO    ] SUB  | CARGO_DOOR                    -> OPENED    
17:51:09	[INFO ] [SMART_CARGO    ] PUB  | door_state                    -> door_open 
17:51:09	[INFO ] [SMART_CARGO    ] SUB  | WAGO                          -> PREPARED  
17:51:13	[INFO ] [SMART_CARGO    ] SUB  | CARGO_DOOR                    -> OPENED    
17:51:13	[INFO ] [SMART_CARGO    ] PUB  | door_state                    -> door_open 
17:51:13	[INFO ] [SMART_CARGO    ] SUB  | WAGO                          -> PREPARED  
17:56:14	[INFO ] [SMART_CARGO    ] SUB  | CARGO_DOOR                    -> OPENED    
17:56:14	[INFO ] [SMART_CARGO    ] PUB  | door_state                    -> door_open 
17:56:14	[INFO ] [SMART_CARGO    ] SUB  | WAGO                          -> PREPARED  
17:56:17	[INFO ] [SMART_CARGO    ] SUB  | WAGO                          -> PREPARED  
17:56:20	[INFO ] [SMART_CARGO    ] SUB  | CARGO_DOOR                    -> OPENED    
17:56:20	[INFO ] [SMART_CARGO    ] PUB  | door_state                    -> door_open 
17:56:20	[INFO ] [SMART_CARGO    ] SUB  | WAGO                          -> PREPARED  
17:56:24	[INFO ] [SMART_CARGO    ] SUB  | CARGO_DOOR                    -> OPENED    
17:56:24	[INFO ] [SMART_CARGO    ] PUB  | door_state                    -> door_open 
17:56:24	[INFO ] [SMART_CARGO    ] SUB  | WAGO                          -> PREPARED  
17:56:26	[INFO ] [SMART_CARGO    ] SUB  | CARGO_DOOR                    -> OPENED    
17:56:26	[INFO ] [SMART_CARGO    ] PUB  | door_state                    -> door_open 
17:56:26	[INFO ] [SMART_CARGO    ] SUB  | WAGO                          -> PREPARED  
17:56:29	[INFO ] [SMART_CARGO    ] SUB  | CARGO_DOOR                    -> OPENED    
17:56:29	[INFO ] [SMART_CARGO    ] PUB  | door_state                    -> door_open 
