17:00:10	[INFO ] [DOOR_CONTROL   ] PROC | Motor Stop                    
17:00:10	[INFO ] [DOOR_CONTROL   ] PROC | can_disconnection Success     
17:00:10	[INFO ] [DOOR_CONTROL   ] PROC | Node STOP                     
17:00:50	[INFO ] [DOOR_CONTROL   ] PROC | Node Start                    
17:00:50	[INFO ] [DOOR_CONTROL   ] PROC | can_connection Success        
17:00:50	[INFO ] [DOOR_CONTROL   ] PUB  | CARGO_DOOR                    -> PREPARED  
17:00:51	[INFO ] [DOOR_CONTROL   ] SUB  | DI_DOOR_CLOSE                 -> SIGNAL_OFF
17:00:51	[INFO ] [DOOR_CONTROL   ] SUB  | DI_DOOR_OPEN                  -> SIGNAL_ON 
17:00:51	[INFO ] [DOOR_CONTROL   ] PROC | Door Opened                   
17:00:51	[INFO ] [DOOR_CONTROL   ] PUB  | CARGO_DOOR                    -> OPENED    
17:00:51	[INFO ] [DOOR_CONTROL   ] SUB  | DI_RATCH_LOCK_FLAG            -> SIGNAL_OFF
17:00:51	[INFO ] [DOOR_CONTROL   ] SUB  | DO_RATCH_UNLOCK_FLAG          -> SIGNAL_OFF
17:01:09	[INFO ] [DOOR_CONTROL   ] SUB  | DI_DOOR_CLOSE                 -> SIGNAL_OFF
17:01:09	[INFO ] [DOOR_CONTROL   ] SUB  | DI_DOOR_OPEN                  -> SIGNAL_ON 
17:01:09	[INFO ] [DOOR_CONTROL   ] PROC | Door Opened                   
17:01:09	[INFO ] [DOOR_CONTROL   ] PUB  | CARGO_DOOR                    -> OPENED    
17:01:09	[INFO ] [DOOR_CONTROL   ] SUB  | DI_RATCH_LOCK_FLAG            -> SIGNAL_OFF
17:01:09	[INFO ] [DOOR_CONTROL   ] SUB  | DO_RATCH_UNLOCK_FLAG          -> SIGNAL_OFF
17:01:11	[INFO ] [DOOR_CONTROL   ] SUB  | DI_DOOR_CLOSE                 -> SIGNAL_OFF
17:01:11	[INFO ] [DOOR_CONTROL   ] SUB  | DI_DOOR_OPEN                  -> SIGNAL_ON 
17:01:11	[INFO ] [DOOR_CONTROL   ] PROC | Door Opened                   
17:01:11	[INFO ] [DOOR_CONTROL   ] PUB  | CARGO_DOOR                    -> OPENED    
17:01:11	[INFO ] [DOOR_CONTROL   ] SUB  | DI_RATCH_LOCK_FLAG            -> SIGNAL_OFF
17:01:14	[INFO ] [DOOR_CONTROL   ] SUB  | DI_DOOR_CLOSE                 -> SIGNAL_OFF
17:01:14	[INFO ] [DOOR_CONTROL   ] SUB  | DI_DOOR_OPEN                  -> SIGNAL_ON 
17:01:14	[INFO ] [DOOR_CONTROL   ] PROC | Door Opened                   
17:01:14	[INFO ] [DOOR_CONTROL   ] PUB  | CARGO_DOOR                    -> OPENED    
17:01:14	[INFO ] [DOOR_CONTROL   ] SUB  | DI_RATCH_LOCK_FLAG            -> SIGNAL_OFF
17:01:14	[INFO ] [DOOR_CONTROL   ] SUB  | DO_RATCH_UNLOCK_FLAG          -> SIGNAL_OFF
17:01:28	[INFO ] [DOOR_CONTROL   ] SUB  | DI_DOOR_CLOSE                 -> SIGNAL_OFF
17:01:28	[INFO ] [DOOR_CONTROL   ] SUB  | DI_DOOR_OPEN                  -> SIGNAL_ON 
17:01:28	[INFO ] [DOOR_CONTROL   ] PROC | Door Opened                   
17:01:28	[INFO ] [DOOR_CONTROL   ] PUB  | CARGO_DOOR                    -> OPENED    
17:01:28	[INFO ] [DOOR_CONTROL   ] SUB  | DI_RATCH_LOCK_FLAG            -> SIGNAL_OFF
17:01:28	[INFO ] [DOOR_CONTROL   ] SUB  | DO_RATCH_UNLOCK_FLAG          -> SIGNAL_OFF
17:01:31	[INFO ] [DOOR_CONTROL   ] SUB  | DI_RATCH_LOCK_FLAG            -> SIGNAL_OFF
17:01:31	[INFO ] [DOOR_CONTROL   ] SUB  | DO_RATCH_UNLOCK_FLAG          -> SIGNAL_OFF
17:01:37	[INFO ] [DOOR_CONTROL   ] SUB  | DI_DOOR_CLOSE                 -> SIGNAL_OFF
17:01:37	[INFO ] [DOOR_CONTROL   ] SUB  | DI_DOOR_OPEN                  -> SIGNAL_ON 
17:01:37	[INFO ] [DOOR_CONTROL   ] PROC | Door Opened                   
17:01:37	[INFO ] [DOOR_CONTROL   ] PUB  | CARGO_DOOR                    -> OPENED    
17:01:37	[INFO ] [DOOR_CONTROL   ] SUB  | DI_RATCH_LOCK_FLAG            -> SIGNAL_OFF
17:01:37	[INFO ] [DOOR_CONTROL   ] SUB  | DO_RATCH_UNLOCK_FLAG          -> SIGNAL_OFF
17:01:40	[INFO ] [DOOR_CONTROL   ] SUB  | DI_DOOR_CLOSE                 -> SIGNAL_OFF
17:01:40	[INFO ] [DOOR_CONTROL   ] SUB  | DI_DOOR_OPEN                  -> SIGNAL_ON 
17:01:40	[INFO ] [DOOR_CONTROL   ] PROC | Door Opened                   
17:01:40	[INFO ] [DOOR_CONTROL   ] PUB  | CARGO_DOOR                    -> OPENED    
17:01:40	[INFO ] [DOOR_CONTROL   ] SUB  | DI_RATCH_LOCK_FLAG            -> SIGNAL_OFF
17:01:40	[INFO ] [DOOR_CONTROL   ] SUB  | DO_RATCH_UNLOCK_FLAG          -> SIGNAL_OFF
17:05:13	[INFO ] [DOOR_CONTROL   ] SUB  | DI_DOOR_CLOSE                 -> SIGNAL_OFF
17:05:13	[INFO ] [DOOR_CONTROL   ] SUB  | DI_DOOR_OPEN                  -> SIGNAL_ON 
17:05:13	[INFO ] [DOOR_CONTROL   ] PROC | Door Opened                   
17:05:13	[INFO ] [DOOR_CONTROL   ] PUB  | CARGO_DOOR                    -> OPENED    
17:05:13	[INFO ] [DOOR_CONTROL   ] SUB  | DI_RATCH_LOCK_FLAG            -> SIGNAL_OFF
17:05:13	[INFO ] [DOOR_CONTROL   ] SUB  | DO_RATCH_UNLOCK_FLAG          -> SIGNAL_OFF
17:06:07	[INFO ] [DOOR_CONTROL   ] SUB  | DI_RATCH_LOCK_FLAG            -> SIGNAL_OFF
17:06:07	[INFO ] [DOOR_CONTROL   ] SUB  | DO_RATCH_UNLOCK_FLAG          -> SIGNAL_OFF
17:07:32	[INFO ] [DOOR_CONTROL   ] PROC | Motor Stop                    
17:07:32	[INFO ] [DOOR_CONTROL   ] PROC | can_disconnection Success     
17:07:32	[INFO ] [DOOR_CONTROL   ] PROC | Node STOP                     
17:07:50	[INFO ] [DOOR_CONTROL   ] PROC | Node Start                    
17:07:50	[INFO ] [DOOR_CONTROL   ] PROC | can_connection Success        
17:07:50	[INFO ] [DOOR_CONTROL   ] PUB  | CARGO_DOOR                    -> PREPARED  
17:07:52	[INFO ] [DOOR_CONTROL   ] SUB  | DI_DOOR_CLOSE                 -> SIGNAL_OFF
17:07:52	[INFO ] [DOOR_CONTROL   ] SUB  | DI_DOOR_OPEN                  -> SIGNAL_ON 
17:07:52	[INFO ] [DOOR_CONTROL   ] PROC | Door Opened                   
17:07:52	[INFO ] [DOOR_CONTROL   ] PUB  | CARGO_DOOR                    -> OPENED    
17:07:52	[INFO ] [DOOR_CONTROL   ] SUB  | DI_RATCH_LOCK_FLAG            -> SIGNAL_OFF
17:07:52	[INFO ] [DOOR_CONTROL   ] SUB  | DO_RATCH_UNLOCK_FLAG          -> SIGNAL_OFF
17:07:55	[INFO ] [DOOR_CONTROL   ] SUB  | DI_DOOR_CLOSE                 -> SIGNAL_OFF
17:07:55	[INFO ] [DOOR_CONTROL   ] SUB  | DI_DOOR_OPEN                  -> SIGNAL_ON 
17:07:55	[INFO ] [DOOR_CONTROL   ] PROC | Door Opened                   
17:07:55	[INFO ] [DOOR_CONTROL   ] PUB  | CARGO_DOOR                    -> OPENED    
17:07:55	[INFO ] [DOOR_CONTROL   ] SUB  | DI_RATCH_LOCK_FLAG            -> SIGNAL_OFF
17:07:55	[INFO ] [DOOR_CONTROL   ] SUB  | DO_RATCH_UNLOCK_FLAG          -> SIGNAL_OFF
17:08:55	[INFO ] [DOOR_CONTROL   ] SUB  | DI_DOOR_CLOSE                 -> SIGNAL_OFF
17:08:55	[INFO ] [DOOR_CONTROL   ] SUB  | DI_DOOR_OPEN                  -> SIGNAL_ON 
17:08:55	[INFO ] [DOOR_CONTROL   ] PROC | Door Opened                   
17:08:55	[INFO ] [DOOR_CONTROL   ] PUB  | CARGO_DOOR                    -> OPENED    
17:08:55	[INFO ] [DOOR_CONTROL   ] SUB  | DI_RATCH_LOCK_FLAG            -> SIGNAL_OFF
17:08:55	[INFO ] [DOOR_CONTROL   ] SUB  | DO_RATCH_UNLOCK_FLAG          -> SIGNAL_OFF
17:09:09	[INFO ] [DOOR_CONTROL   ] SUB  | DI_DOOR_CLOSE                 -> SIGNAL_OFF
17:09:09	[INFO ] [DOOR_CONTROL   ] SUB  | DI_DOOR_OPEN                  -> SIGNAL_ON 
17:09:09	[INFO ] [DOOR_CONTROL   ] PROC | Door Opened                   
17:09:09	[INFO ] [DOOR_CONTROL   ] PUB  | CARGO_DOOR                    -> OPENED    
17:09:09	[INFO ] [DOOR_CONTROL   ] SUB  | DI_RATCH_LOCK_FLAG            -> SIGNAL_OFF
17:09:09	[INFO ] [DOOR_CONTROL   ] SUB  | DO_RATCH_UNLOCK_FLAG          -> SIGNAL_OFF
17:09:12	[INFO ] [DOOR_CONTROL   ] SUB  | DI_DOOR_CLOSE                 -> SIGNAL_OFF
17:09:12	[INFO ] [DOOR_CONTROL   ] SUB  | DI_DOOR_OPEN                  -> SIGNAL_ON 
17:09:12	[INFO ] [DOOR_CONTROL   ] PROC | Door Opened                   
17:09:12	[INFO ] [DOOR_CONTROL   ] PUB  | CARGO_DOOR                    -> OPENED    
17:09:12	[INFO ] [DOOR_CONTROL   ] SUB  | DI_RATCH_LOCK_FLAG            -> SIGNAL_OFF
17:09:12	[INFO ] [DOOR_CONTROL   ] SUB  | DO_RATCH_UNLOCK_FLAG          -> SIGNAL_OFF
17:09:16	[INFO ] [DOOR_CONTROL   ] SUB  | DI_DOOR_CLOSE                 -> SIGNAL_OFF
17:09:16	[INFO ] [DOOR_CONTROL   ] SUB  | DI_DOOR_OPEN                  -> SIGNAL_ON 
17:09:16	[INFO ] [DOOR_CONTROL   ] PROC | Door Opened                   
17:09:16	[INFO ] [DOOR_CONTROL   ] PUB  | CARGO_DOOR                    -> OPENED    
17:09:16	[INFO ] [DOOR_CONTROL   ] SUB  | DI_RATCH_LOCK_FLAG            -> SIGNAL_OFF
17:09:16	[INFO ] [DOOR_CONTROL   ] SUB  | DO_RATCH_UNLOCK_FLAG          -> SIGNAL_OFF
17:09:20	[INFO ] [DOOR_CONTROL   ] SUB  | DI_DOOR_CLOSE                 -> SIGNAL_OFF
17:09:20	[INFO ] [DOOR_CONTROL   ] SUB  | DI_DOOR_OPEN                  -> SIGNAL_ON 
17:09:20	[INFO ] [DOOR_CONTROL   ] PROC | Door Opened                   
17:09:20	[INFO ] [DOOR_CONTROL   ] PUB  | CARGO_DOOR                    -> OPENED    
17:09:20	[INFO ] [DOOR_CONTROL   ] SUB  | DI_RATCH_LOCK_FLAG            -> SIGNAL_OFF
17:09:20	[INFO ] [DOOR_CONTROL   ] SUB  | DO_RATCH_UNLOCK_FLAG          -> SIGNAL_OFF
17:09:23	[INFO ] [DOOR_CONTROL   ] SUB  | DI_DOOR_CLOSE                 -> SIGNAL_OFF
17:09:23	[INFO ] [DOOR_CONTROL   ] SUB  | DI_DOOR_OPEN                  -> SIGNAL_ON 
17:09:23	[INFO ] [DOOR_CONTROL   ] PROC | Door Opened                   
17:09:23	[INFO ] [DOOR_CONTROL   ] PUB  | CARGO_DOOR                    -> OPENED    
17:09:23	[INFO ] [DOOR_CONTROL   ] SUB  | DI_RATCH_LOCK_FLAG            -> SIGNAL_OFF
17:09:23	[INFO ] [DOOR_CONTROL   ] SUB  | DO_RATCH_UNLOCK_FLAG          -> SIGNAL_OFF
17:09:26	[INFO ] [DOOR_CONTROL   ] SUB  | DI_DOOR_CLOSE                 -> SIGNAL_OFF
17:09:26	[INFO ] [DOOR_CONTROL   ] SUB  | DI_DOOR_OPEN                  -> SIGNAL_ON 
17:09:26	[INFO ] [DOOR_CONTROL   ] PROC | Door Opened                   
17:09:26	[INFO ] [DOOR_CONTROL   ] PUB  | CARGO_DOOR                    -> OPENED    
17:09:26	[INFO ] [DOOR_CONTROL   ] SUB  | DI_RATCH_LOCK_FLAG            -> SIGNAL_OFF
17:09:26	[INFO ] [DOOR_CONTROL   ] SUB  | DO_RATCH_UNLOCK_FLAG          -> SIGNAL_OFF
17:09:55	[INFO ] [DOOR_CONTROL   ] SUB  | DI_RATCH_LOCK_FLAG            -> SIGNAL_OFF
17:09:55	[INFO ] [DOOR_CONTROL   ] SUB  | DO_RATCH_UNLOCK_FLAG          -> SIGNAL_OFF
17:15:34	[INFO ] [DOOR_CONTROL   ] SUB  | DI_DOOR_CLOSE                 -> SIGNAL_OFF
17:15:34	[INFO ] [DOOR_CONTROL   ] SUB  | DI_DOOR_OPEN                  -> SIGNAL_ON 
17:15:34	[INFO ] [DOOR_CONTROL   ] PROC | Door Opened                   
17:15:34	[INFO ] [DOOR_CONTROL   ] PUB  | CARGO_DOOR                    -> OPENED    
17:15:34	[INFO ] [DOOR_CONTROL   ] SUB  | DI_RATCH_LOCK_FLAG            -> SIGNAL_OFF
17:15:34	[INFO ] [DOOR_CONTROL   ] SUB  | DO_RATCH_UNLOCK_FLAG          -> SIGNAL_OFF
17:21:48	[INFO ] [DOOR_CONTROL   ] SUB  | DI_DOOR_CLOSE                 -> SIGNAL_OFF
17:21:48	[INFO ] [DOOR_CONTROL   ] SUB  | DI_DOOR_OPEN                  -> SIGNAL_ON 
17:21:48	[INFO ] [DOOR_CONTROL   ] PROC | Door Opened                   
17:21:48	[INFO ] [DOOR_CONTROL   ] PUB  | CARGO_DOOR                    -> OPENED    
17:21:48	[INFO ] [DOOR_CONTROL   ] SUB  | DI_RATCH_LOCK_FLAG            -> SIGNAL_OFF
17:21:48	[INFO ] [DOOR_CONTROL   ] SUB  | DO_RATCH_UNLOCK_FLAG          -> SIGNAL_OFF
17:25:09	[INFO ] [DOOR_CONTROL   ] SUB  | DI_DOOR_CLOSE                 -> SIGNAL_OFF
17:25:09	[INFO ] [DOOR_CONTROL   ] SUB  | DI_DOOR_OPEN                  -> SIGNAL_ON 
17:25:09	[INFO ] [DOOR_CONTROL   ] PROC | Door Opened                   
17:25:09	[INFO ] [DOOR_CONTROL   ] PUB  | CARGO_DOOR                    -> OPENED    
17:25:09	[INFO ] [DOOR_CONTROL   ] SUB  | DI_RATCH_LOCK_FLAG            -> SIGNAL_OFF
17:25:09	[INFO ] [DOOR_CONTROL   ] SUB  | DO_RATCH_UNLOCK_FLAG          -> SIGNAL_OFF
17:25:13	[INFO ] [DOOR_CONTROL   ] SUB  | DI_DOOR_CLOSE                 -> SIGNAL_OFF
17:25:13	[INFO ] [DOOR_CONTROL   ] SUB  | DI_DOOR_OPEN                  -> SIGNAL_ON 
17:25:13	[INFO ] [DOOR_CONTROL   ] PROC | Door Opened                   
17:25:13	[INFO ] [DOOR_CONTROL   ] PUB  | CARGO_DOOR                    -> OPENED    
17:25:13	[INFO ] [DOOR_CONTROL   ] SUB  | DI_RATCH_LOCK_FLAG            -> SIGNAL_OFF
17:25:13	[INFO ] [DOOR_CONTROL   ] SUB  | DO_RATCH_UNLOCK_FLAG          -> SIGNAL_OFF
17:25:17	[INFO ] [DOOR_CONTROL   ] SUB  | DI_DOOR_CLOSE                 -> SIGNAL_OFF
17:25:17	[INFO ] [DOOR_CONTROL   ] SUB  | DI_DOOR_OPEN                  -> SIGNAL_ON 
17:25:17	[INFO ] [DOOR_CONTROL   ] PROC | Door Opened                   
17:25:17	[INFO ] [DOOR_CONTROL   ] PUB  | CARGO_DOOR                    -> OPENED    
17:25:17	[INFO ] [DOOR_CONTROL   ] SUB  | DI_RATCH_LOCK_FLAG            -> SIGNAL_OFF
17:37:44	[INFO ] [DOOR_CONTROL   ] SUB  | DI_DOOR_CLOSE                 -> SIGNAL_OFF
17:37:44	[INFO ] [DOOR_CONTROL   ] SUB  | DI_DOOR_OPEN                  -> SIGNAL_ON 
17:37:44	[INFO ] [DOOR_CONTROL   ] PROC | Door Opened                   
17:37:44	[INFO ] [DOOR_CONTROL   ] PUB  | CARGO_DOOR                    -> OPENED    
17:37:44	[INFO ] [DOOR_CONTROL   ] SUB  | DI_RATCH_LOCK_FLAG            -> SIGNAL_OFF
17:37:44	[INFO ] [DOOR_CONTROL   ] SUB  | DO_RATCH_UNLOCK_FLAG          -> SIGNAL_OFF
17:38:10	[INFO ] [DOOR_CONTROL   ] SUB  | DI_DOOR_CLOSE                 -> SIGNAL_OFF
17:38:10	[INFO ] [DOOR_CONTROL   ] SUB  | DI_DOOR_OPEN                  -> SIGNAL_ON 
17:38:10	[INFO ] [DOOR_CONTROL   ] PROC | Door Opened                   
17:38:10	[INFO ] [DOOR_CONTROL   ] PUB  | CARGO_DOOR                    -> OPENED    
17:38:10	[INFO ] [DOOR_CONTROL   ] SUB  | DI_RATCH_LOCK_FLAG            -> SIGNAL_OFF
17:38:10	[INFO ] [DOOR_CONTROL   ] SUB  | DO_RATCH_UNLOCK_FLAG          -> SIGNAL_OFF
17:38:13	[INFO ] [DOOR_CONTROL   ] SUB  | DI_DOOR_CLOSE                 -> SIGNAL_OFF
17:38:13	[INFO ] [DOOR_CONTROL   ] SUB  | DI_DOOR_OPEN                  -> SIGNAL_ON 
17:38:13	[INFO ] [DOOR_CONTROL   ] PROC | Door Opened                   
17:38:13	[INFO ] [DOOR_CONTROL   ] PUB  | CARGO_DOOR                    -> OPENED    
17:38:13	[INFO ] [DOOR_CONTROL   ] SUB  | DI_RATCH_LOCK_FLAG            -> SIGNAL_OFF
17:38:13	[INFO ] [DOOR_CONTROL   ] SUB  | DO_RATCH_UNLOCK_FLAG          -> SIGNAL_OFF
17:38:15	[INFO ] [DOOR_CONTROL   ] SUB  | DI_DOOR_CLOSE                 -> SIGNAL_OFF
17:38:15	[INFO ] [DOOR_CONTROL   ] SUB  | DI_DOOR_OPEN                  -> SIGNAL_ON 
17:38:15	[INFO ] [DOOR_CONTROL   ] PROC | Door Opened                   
17:38:15	[INFO ] [DOOR_CONTROL   ] PUB  | CARGO_DOOR                    -> OPENED    
17:38:15	[INFO ] [DOOR_CONTROL   ] SUB  | DI_RATCH_LOCK_FLAG            -> SIGNAL_OFF
17:38:15	[INFO ] [DOOR_CONTROL   ] SUB  | DO_RATCH_UNLOCK_FLAG          -> SIGNAL_OFF
17:38:25	[INFO ] [DOOR_CONTROL   ] SUB  | DI_DOOR_OPEN                  -> SIGNAL_ON 
17:38:25	[INFO ] [DOOR_CONTROL   ] PROC | Door Opened                   
17:38:25	[INFO ] [DOOR_CONTROL   ] PUB  | CARGO_DOOR                    -> OPENED    
17:38:25	[INFO ] [DOOR_CONTROL   ] SUB  | DI_RATCH_LOCK_FLAG            -> SIGNAL_OFF
17:38:25	[INFO ] [DOOR_CONTROL   ] SUB  | DO_RATCH_UNLOCK_FLAG          -> SIGNAL_OFF
17:38:31	[INFO ] [DOOR_CONTROL   ] SUB  | DI_DOOR_CLOSE                 -> SIGNAL_OFF
17:38:31	[INFO ] [DOOR_CONTROL   ] SUB  | DI_DOOR_OPEN                  -> SIGNAL_ON 
17:38:31	[INFO ] [DOOR_CONTROL   ] PROC | Door Opened                   
17:38:31	[INFO ] [DOOR_CONTROL   ] PUB  | CARGO_DOOR                    -> OPENED    
17:38:31	[INFO ] [DOOR_CONTROL   ] SUB  | DI_RATCH_LOCK_FLAG            -> SIGNAL_OFF
17:38:31	[INFO ] [DOOR_CONTROL   ] SUB  | DO_RATCH_UNLOCK_FLAG          -> SIGNAL_OFF
17:38:34	[INFO ] [DOOR_CONTROL   ] SUB  | DI_RATCH_LOCK_FLAG            -> SIGNAL_OFF
17:38:34	[INFO ] [DOOR_CONTROL   ] SUB  | DO_RATCH_UNLOCK_FLAG          -> SIGNAL_OFF
17:38:37	[INFO ] [DOOR_CONTROL   ] SUB  | DI_DOOR_CLOSE                 -> SIGNAL_OFF
17:38:37	[INFO ] [DOOR_CONTROL   ] SUB  | DI_DOOR_OPEN                  -> SIGNAL_ON 
17:38:37	[INFO ] [DOOR_CONTROL   ] PROC | Door Opened                   
17:38:37	[INFO ] [DOOR_CONTROL   ] PUB  | CARGO_DOOR                    -> OPENED    
17:38:37	[INFO ] [DOOR_CONTROL   ] SUB  | DI_RATCH_LOCK_FLAG            -> SIGNAL_OFF
17:38:37	[INFO ] [DOOR_CONTROL   ] SUB  | DO_RATCH_UNLOCK_FLAG          -> SIGNAL_OFF
17:38:40	[INFO ] [DOOR_CONTROL   ] SUB  | DI_DOOR_CLOSE                 -> SIGNAL_OFF
17:38:40	[INFO ] [DOOR_CONTROL   ] SUB  | DI_DOOR_OPEN                  -> SIGNAL_ON 
17:38:40	[INFO ] [DOOR_CONTROL   ] PROC | Door Opened                   
17:38:40	[INFO ] [DOOR_CONTROL   ] PUB  | CARGO_DOOR                    -> OPENED    
17:38:40	[INFO ] [DOOR_CONTROL   ] SUB  | DI_RATCH_LOCK_FLAG            -> SIGNAL_OFF
17:38:44	[INFO ] [DOOR_CONTROL   ] SUB  | DI_DOOR_CLOSE                 -> SIGNAL_OFF
17:38:44	[INFO ] [DOOR_CONTROL   ] SUB  | DI_DOOR_OPEN                  -> SIGNAL_ON 
17:38:44	[INFO ] [DOOR_CONTROL   ] PROC | Door Opened                   
17:38:44	[INFO ] [DOOR_CONTROL   ] PUB  | CARGO_DOOR                    -> OPENED    
17:38:44	[INFO ] [DOOR_CONTROL   ] SUB  | DI_RATCH_LOCK_FLAG            -> SIGNAL_OFF
17:38:44	[INFO ] [DOOR_CONTROL   ] SUB  | DO_RATCH_UNLOCK_FLAG          -> SIGNAL_OFF
17:38:59	[INFO ] [DOOR_CONTROL   ] SUB  | DI_DOOR_CLOSE                 -> SIGNAL_OFF
17:38:59	[INFO ] [DOOR_CONTROL   ] SUB  | DI_DOOR_OPEN                  -> SIGNAL_ON 
17:38:59	[INFO ] [DOOR_CONTROL   ] PROC | Door Opened                   
17:38:59	[INFO ] [DOOR_CONTROL   ] PUB  | CARGO_DOOR                    -> OPENED    
17:38:59	[INFO ] [DOOR_CONTROL   ] SUB  | DI_RATCH_LOCK_FLAG            -> SIGNAL_OFF
17:38:59	[INFO ] [DOOR_CONTROL   ] SUB  | DO_RATCH_UNLOCK_FLAG          -> SIGNAL_OFF
17:39:01	[INFO ] [DOOR_CONTROL   ] SUB  | DI_DOOR_CLOSE                 -> SIGNAL_OFF
17:39:01	[INFO ] [DOOR_CONTROL   ] SUB  | DI_DOOR_OPEN                  -> SIGNAL_ON 
17:39:01	[INFO ] [DOOR_CONTROL   ] PROC | Door Opened                   
17:39:01	[INFO ] [DOOR_CONTROL   ] PUB  | CARGO_DOOR                    -> OPENED    
17:39:01	[INFO ] [DOOR_CONTROL   ] SUB  | DI_RATCH_LOCK_FLAG            -> SIGNAL_OFF
17:39:01	[INFO ] [DOOR_CONTROL   ] SUB  | DO_RATCH_UNLOCK_FLAG          -> SIGNAL_OFF
17:39:04	[INFO ] [DOOR_CONTROL   ] SUB  | DI_DOOR_CLOSE                 -> SIGNAL_OFF
17:39:04	[INFO ] [DOOR_CONTROL   ] SUB  | DI_DOOR_OPEN                  -> SIGNAL_ON 
17:39:04	[INFO ] [DOOR_CONTROL   ] PROC | Door Opened                   
17:39:04	[INFO ] [DOOR_CONTROL   ] PUB  | CARGO_DOOR                    -> OPENED    
17:39:04	[INFO ] [DOOR_CONTROL   ] SUB  | DI_RATCH_LOCK_FLAG            -> SIGNAL_OFF
17:39:04	[INFO ] [DOOR_CONTROL   ] SUB  | DO_RATCH_UNLOCK_FLAG          -> SIGNAL_OFF
17:39:07	[INFO ] [DOOR_CONTROL   ] SUB  | DI_DOOR_CLOSE                 -> SIGNAL_OFF
17:39:07	[INFO ] [DOOR_CONTROL   ] SUB  | DI_DOOR_OPEN                  -> SIGNAL_ON 
17:39:07	[INFO ] [DOOR_CONTROL   ] PROC | Door Opened                   
17:39:07	[INFO ] [DOOR_CONTROL   ] PUB  | CARGO_DOOR                    -> OPENED    
17:39:07	[INFO ] [DOOR_CONTROL   ] SUB  | DI_RATCH_LOCK_FLAG            -> SIGNAL_OFF
17:39:30	[INFO ] [DOOR_CONTROL   ] SUB  | DI_DOOR_CLOSE                 -> SIGNAL_OFF
17:39:30	[INFO ] [DOOR_CONTROL   ] SUB  | DI_DOOR_OPEN                  -> SIGNAL_ON 
17:39:30	[INFO ] [DOOR_CONTROL   ] PROC | Door Opened                   
17:39:30	[INFO ] [DOOR_CONTROL   ] PUB  | CARGO_DOOR                    -> OPENED    
17:39:30	[INFO ] [DOOR_CONTROL   ] SUB  | DI_RATCH_LOCK_FLAG            -> SIGNAL_OFF
17:39:30	[INFO ] [DOOR_CONTROL   ] SUB  | DO_RATCH_UNLOCK_FLAG          -> SIGNAL_OFF
17:39:34	[INFO ] [DOOR_CONTROL   ] SUB  | DI_RATCH_LOCK_FLAG            -> SIGNAL_OFF
17:39:34	[INFO ] [DOOR_CONTROL   ] SUB  | DO_RATCH_UNLOCK_FLAG          -> SIGNAL_OFF
17:39:37	[INFO ] [DOOR_CONTROL   ] SUB  | DI_DOOR_CLOSE                 -> SIGNAL_OFF
17:39:37	[INFO ] [DOOR_CONTROL   ] SUB  | DI_DOOR_OPEN                  -> SIGNAL_ON 
17:39:37	[INFO ] [DOOR_CONTROL   ] PROC | Door Opened                   
17:39:37	[INFO ] [DOOR_CONTROL   ] PUB  | CARGO_DOOR                    -> OPENED    
17:39:37	[INFO ] [DOOR_CONTROL   ] SUB  | DI_RATCH_LOCK_FLAG            -> SIGNAL_OFF
17:39:37	[INFO ] [DOOR_CONTROL   ] SUB  | DO_RATCH_UNLOCK_FLAG          -> SIGNAL_OFF
17:39:42	[INFO ] [DOOR_CONTROL   ] SUB  | DI_DOOR_CLOSE                 -> SIGNAL_OFF
17:39:42	[INFO ] [DOOR_CONTROL   ] SUB  | DI_DOOR_OPEN                  -> SIGNAL_ON 
17:39:42	[INFO ] [DOOR_CONTROL   ] PROC | Door Opened                   
17:39:42	[INFO ] [DOOR_CONTROL   ] PUB  | CARGO_DOOR                    -> OPENED    
17:39:42	[INFO ] [DOOR_CONTROL   ] SUB  | DI_RATCH_LOCK_FLAG            -> SIGNAL_OFF
17:39:42	[INFO ] [DOOR_CONTROL   ] SUB  | DO_RATCH_UNLOCK_FLAG          -> SIGNAL_OFF
17:39:44	[INFO ] [DOOR_CONTROL   ] SUB  | DI_DOOR_CLOSE                 -> SIGNAL_OFF
17:39:44	[INFO ] [DOOR_CONTROL   ] SUB  | DI_DOOR_OPEN                  -> SIGNAL_ON 
17:39:44	[INFO ] [DOOR_CONTROL   ] PROC | Door Opened                   
17:39:44	[INFO ] [DOOR_CONTROL   ] PUB  | CARGO_DOOR                    -> OPENED    
17:39:44	[INFO ] [DOOR_CONTROL   ] SUB  | DI_RATCH_LOCK_FLAG            -> SIGNAL_OFF
17:39:44	[INFO ] [DOOR_CONTROL   ] SUB  | DO_RATCH_UNLOCK_FLAG          -> SIGNAL_OFF
17:40:37	[INFO ] [DOOR_CONTROL   ] SUB  | DI_DOOR_CLOSE                 -> SIGNAL_OFF
17:40:37	[INFO ] [DOOR_CONTROL   ] SUB  | DI_DOOR_OPEN                  -> SIGNAL_ON 
17:40:37	[INFO ] [DOOR_CONTROL   ] PROC | Door Opened                   
17:40:37	[INFO ] [DOOR_CONTROL   ] PUB  | CARGO_DOOR                    -> OPENED    
17:40:37	[INFO ] [DOOR_CONTROL   ] SUB  | DI_RATCH_LOCK_FLAG            -> SIGNAL_OFF
17:40:37	[INFO ] [DOOR_CONTROL   ] SUB  | DO_RATCH_UNLOCK_FLAG          -> SIGNAL_OFF
17:41:11	[INFO ] [DOOR_CONTROL   ] SUB  | DI_RATCH_LOCK_FLAG            -> SIGNAL_OFF
17:41:11	[INFO ] [DOOR_CONTROL   ] SUB  | DO_RATCH_UNLOCK_FLAG          -> SIGNAL_OFF
17:41:18	[INFO ] [DOOR_CONTROL   ] SUB  | DI_DOOR_CLOSE                 -> SIGNAL_OFF
17:41:18	[INFO ] [DOOR_CONTROL   ] SUB  | DI_DOOR_OPEN                  -> SIGNAL_ON 
17:41:18	[INFO ] [DOOR_CONTROL   ] PROC | Door Opened                   
17:41:18	[INFO ] [DOOR_CONTROL   ] PUB  | CARGO_DOOR                    -> OPENED    
17:41:18	[INFO ] [DOOR_CONTROL   ] SUB  | DI_RATCH_LOCK_FLAG            -> SIGNAL_OFF
17:41:18	[INFO ] [DOOR_CONTROL   ] SUB  | DO_RATCH_UNLOCK_FLAG          -> SIGNAL_OFF
17:41:21	[INFO ] [DOOR_CONTROL   ] SUB  | DI_DOOR_CLOSE                 -> SIGNAL_OFF
17:41:21	[INFO ] [DOOR_CONTROL   ] SUB  | DI_DOOR_OPEN                  -> SIGNAL_ON 
17:41:21	[INFO ] [DOOR_CONTROL   ] PROC | Door Opened                   
17:41:21	[INFO ] [DOOR_CONTROL   ] PUB  | CARGO_DOOR                    -> OPENED    
17:41:21	[INFO ] [DOOR_CONTROL   ] SUB  | DO_RATCH_UNLOCK_FLAG          -> SIGNAL_OFF
17:41:21	[INFO ] [DOOR_CONTROL   ] SUB  | DI_RATCH_LOCK_FLAG            -> SIGNAL_OFF
17:41:23	[INFO ] [DOOR_CONTROL   ] SUB  | DI_RATCH_LOCK_FLAG            -> SIGNAL_OFF
17:41:23	[INFO ] [DOOR_CONTROL   ] SUB  | DO_RATCH_UNLOCK_FLAG          -> SIGNAL_OFF
17:41:27	[INFO ] [DOOR_CONTROL   ] SUB  | DI_DOOR_CLOSE                 -> SIGNAL_OFF
17:41:27	[INFO ] [DOOR_CONTROL   ] SUB  | DI_DOOR_OPEN                  -> SIGNAL_ON 
17:41:27	[INFO ] [DOOR_CONTROL   ] PROC | Door Opened                   
17:41:27	[INFO ] [DOOR_CONTROL   ] PUB  | CARGO_DOOR                    -> OPENED    
17:41:27	[INFO ] [DOOR_CONTROL   ] SUB  | DI_RATCH_LOCK_FLAG            -> SIGNAL_OFF
17:44:02	[INFO ] [DOOR_CONTROL   ] SUB  | DI_DOOR_CLOSE                 -> SIGNAL_OFF
17:44:02	[INFO ] [DOOR_CONTROL   ] SUB  | DI_DOOR_OPEN                  -> SIGNAL_ON 
17:44:02	[INFO ] [DOOR_CONTROL   ] PROC | Door Opened                   
17:44:02	[INFO ] [DOOR_CONTROL   ] PUB  | CARGO_DOOR                    -> OPENED    
17:44:04	[INFO ] [DOOR_CONTROL   ] SUB  | DO_RATCH_UNLOCK_FLAG          -> SIGNAL_OFF
17:44:07	[INFO ] [DOOR_CONTROL   ] SUB  | DI_RATCH_LOCK_FLAG            -> SIGNAL_OFF
17:44:29	[INFO ] [DOOR_CONTROL   ] SUB  | DI_DOOR_CLOSE                 -> SIGNAL_OFF
17:44:29	[INFO ] [DOOR_CONTROL   ] SUB  | DI_DOOR_OPEN                  -> SIGNAL_ON 
17:44:29	[INFO ] [DOOR_CONTROL   ] PROC | Door Opened                   
17:44:29	[INFO ] [DOOR_CONTROL   ] PUB  | CARGO_DOOR                    -> OPENED    
17:44:31	[INFO ] [DOOR_CONTROL   ] SUB  | DO_RATCH_UNLOCK_FLAG          -> SIGNAL_OFF
17:44:35	[INFO ] [DOOR_CONTROL   ] SUB  | DI_RATCH_LOCK_FLAG            -> SIGNAL_OFF
17:45:06	[INFO ] [DOOR_CONTROL   ] SUB  | DI_DOOR_CLOSE                 -> SIGNAL_OFF
17:45:06	[INFO ] [DOOR_CONTROL   ] SUB  | DI_DOOR_OPEN                  -> SIGNAL_ON 
17:45:06	[INFO ] [DOOR_CONTROL   ] PROC | Door Opened                   
17:45:06	[INFO ] [DOOR_CONTROL   ] PUB  | CARGO_DOOR                    -> OPENED    
17:45:06	[INFO ] [DOOR_CONTROL   ] SUB  | DI_RATCH_LOCK_FLAG            -> SIGNAL_OFF
17:45:06	[INFO ] [DOOR_CONTROL   ] SUB  | DO_RATCH_UNLOCK_FLAG          -> SIGNAL_OFF
17:45:10	[INFO ] [DOOR_CONTROL   ] SUB  | DI_RATCH_LOCK_FLAG            -> SIGNAL_OFF
17:45:10	[INFO ] [DOOR_CONTROL   ] SUB  | DO_RATCH_UNLOCK_FLAG          -> SIGNAL_OFF
17:45:14	[INFO ] [DOOR_CONTROL   ] SUB  | DI_RATCH_LOCK_FLAG            -> SIGNAL_OFF
17:45:14	[INFO ] [DOOR_CONTROL   ] SUB  | DO_RATCH_UNLOCK_FLAG          -> SIGNAL_OFF
17:45:17	[INFO ] [DOOR_CONTROL   ] SUB  | DI_DOOR_CLOSE                 -> SIGNAL_OFF
17:45:17	[INFO ] [DOOR_CONTROL   ] SUB  | DI_DOOR_OPEN                  -> SIGNAL_ON 
17:45:17	[INFO ] [DOOR_CONTROL   ] PROC | Door Opened                   
17:45:17	[INFO ] [DOOR_CONTROL   ] PUB  | CARGO_DOOR                    -> OPENED    
17:45:17	[INFO ] [DOOR_CONTROL   ] SUB  | DI_RATCH_LOCK_FLAG            -> SIGNAL_OFF
17:45:17	[INFO ] [DOOR_CONTROL   ] SUB  | DO_RATCH_UNLOCK_FLAG          -> SIGNAL_OFF
17:45:20	[INFO ] [DOOR_CONTROL   ] SUB  | DI_RATCH_LOCK_FLAG            -> SIGNAL_OFF
17:45:20	[INFO ] [DOOR_CONTROL   ] SUB  | DO_RATCH_UNLOCK_FLAG          -> SIGNAL_OFF
17:45:24	[INFO ] [DOOR_CONTROL   ] SUB  | DI_DOOR_CLOSE                 -> SIGNAL_OFF
17:45:24	[INFO ] [DOOR_CONTROL   ] SUB  | DI_DOOR_OPEN                  -> SIGNAL_ON 
17:45:24	[INFO ] [DOOR_CONTROL   ] PROC | Door Opened                   
17:45:24	[INFO ] [DOOR_CONTROL   ] PUB  | CARGO_DOOR                    -> OPENED    
17:45:24	[INFO ] [DOOR_CONTROL   ] SUB  | DI_RATCH_LOCK_FLAG            -> SIGNAL_OFF
17:45:24	[INFO ] [DOOR_CONTROL   ] SUB  | DO_RATCH_UNLOCK_FLAG          -> SIGNAL_OFF
17:45:27	[INFO ] [DOOR_CONTROL   ] SUB  | DI_DOOR_CLOSE                 -> SIGNAL_OFF
17:45:27	[INFO ] [DOOR_CONTROL   ] SUB  | DI_DOOR_OPEN                  -> SIGNAL_ON 
17:45:27	[INFO ] [DOOR_CONTROL   ] PROC | Door Opened                   
17:45:27	[INFO ] [DOOR_CONTROL   ] PUB  | CARGO_DOOR                    -> OPENED    
17:45:27	[INFO ] [DOOR_CONTROL   ] SUB  | DI_RATCH_LOCK_FLAG            -> SIGNAL_OFF
17:45:27	[INFO ] [DOOR_CONTROL   ] SUB  | DO_RATCH_UNLOCK_FLAG          -> SIGNAL_OFF
17:45:35	[INFO ] [DOOR_CONTROL   ] SUB  | DI_DOOR_CLOSE                 -> SIGNAL_OFF
17:45:35	[INFO ] [DOOR_CONTROL   ] SUB  | DI_DOOR_OPEN                  -> SIGNAL_ON 
17:45:35	[INFO ] [DOOR_CONTROL   ] PROC | Door Opened                   
17:45:35	[INFO ] [DOOR_CONTROL   ] PUB  | CARGO_DOOR                    -> OPENED    
17:45:35	[INFO ] [DOOR_CONTROL   ] SUB  | DI_RATCH_LOCK_FLAG            -> SIGNAL_OFF
17:45:35	[INFO ] [DOOR_CONTROL   ] SUB  | DO_RATCH_UNLOCK_FLAG          -> SIGNAL_OFF
17:45:39	[INFO ] [DOOR_CONTROL   ] SUB  | DI_DOOR_CLOSE                 -> SIGNAL_OFF
17:45:39	[INFO ] [DOOR_CONTROL   ] SUB  | DI_DOOR_OPEN                  -> SIGNAL_ON 
17:45:39	[INFO ] [DOOR_CONTROL   ] PROC | Door Opened                   
17:45:39	[INFO ] [DOOR_CONTROL   ] PUB  | CARGO_DOOR                    -> OPENED    
17:45:39	[INFO ] [DOOR_CONTROL   ] SUB  | DI_RATCH_LOCK_FLAG            -> SIGNAL_OFF
17:45:39	[INFO ] [DOOR_CONTROL   ] SUB  | DO_RATCH_UNLOCK_FLAG          -> SIGNAL_OFF
17:45:42	[INFO ] [DOOR_CONTROL   ] SUB  | DI_DOOR_CLOSE                 -> SIGNAL_OFF
17:45:42	[INFO ] [DOOR_CONTROL   ] SUB  | DI_DOOR_OPEN                  -> SIGNAL_ON 
17:45:42	[INFO ] [DOOR_CONTROL   ] PROC | Door Opened                   
17:45:42	[INFO ] [DOOR_CONTROL   ] PUB  | CARGO_DOOR                    -> OPENED    
17:45:42	[INFO ] [DOOR_CONTROL   ] SUB  | DI_RATCH_LOCK_FLAG            -> SIGNAL_OFF
17:45:42	[INFO ] [DOOR_CONTROL   ] SUB  | DO_RATCH_UNLOCK_FLAG          -> SIGNAL_OFF
17:47:42	[INFO ] [DOOR_CONTROL   ] SUB  | DI_DOOR_CLOSE                 -> SIGNAL_OFF
17:47:42	[INFO ] [DOOR_CONTROL   ] SUB  | DI_DOOR_OPEN                  -> SIGNAL_ON 
17:47:42	[INFO ] [DOOR_CONTROL   ] PROC | Door Opened                   
17:47:42	[INFO ] [DOOR_CONTROL   ] PUB  | CARGO_DOOR                    -> OPENED    
17:47:42	[INFO ] [DOOR_CONTROL   ] SUB  | DI_RATCH_LOCK_FLAG            -> SIGNAL_OFF
17:47:42	[INFO ] [DOOR_CONTROL   ] SUB  | DO_RATCH_UNLOCK_FLAG          -> SIGNAL_OFF
17:47:45	[INFO ] [DOOR_CONTROL   ] SUB  | DI_DOOR_CLOSE                 -> SIGNAL_OFF
17:47:45	[INFO ] [DOOR_CONTROL   ] SUB  | DI_DOOR_OPEN                  -> SIGNAL_ON 
17:47:45	[INFO ] [DOOR_CONTROL   ] PROC | Door Opened                   
17:47:45	[INFO ] [DOOR_CONTROL   ] PUB  | CARGO_DOOR                    -> OPENED    
17:47:45	[INFO ] [DOOR_CONTROL   ] SUB  | DI_RATCH_LOCK_FLAG            -> SIGNAL_OFF
17:47:45	[INFO ] [DOOR_CONTROL   ] SUB  | DO_RATCH_UNLOCK_FLAG          -> SIGNAL_OFF
17:47:49	[INFO ] [DOOR_CONTROL   ] SUB  | DI_DOOR_CLOSE                 -> SIGNAL_OFF
17:47:49	[INFO ] [DOOR_CONTROL   ] SUB  | DI_DOOR_OPEN                  -> SIGNAL_ON 
17:47:49	[INFO ] [DOOR_CONTROL   ] PROC | Door Opened                   
17:47:49	[INFO ] [DOOR_CONTROL   ] PUB  | CARGO_DOOR                    -> OPENED    
17:47:49	[INFO ] [DOOR_CONTROL   ] SUB  | DI_RATCH_LOCK_FLAG            -> SIGNAL_OFF
17:47:49	[INFO ] [DOOR_CONTROL   ] SUB  | DO_RATCH_UNLOCK_FLAG          -> SIGNAL_OFF
17:47:52	[INFO ] [DOOR_CONTROL   ] SUB  | DI_DOOR_CLOSE                 -> SIGNAL_OFF
17:47:52	[INFO ] [DOOR_CONTROL   ] SUB  | DI_DOOR_OPEN                  -> SIGNAL_ON 
17:47:52	[INFO ] [DOOR_CONTROL   ] PROC | Door Opened                   
17:47:52	[INFO ] [DOOR_CONTROL   ] PUB  | CARGO_DOOR                    -> OPENED    
17:47:52	[INFO ] [DOOR_CONTROL   ] SUB  | DI_RATCH_LOCK_FLAG            -> SIGNAL_OFF
17:47:52	[INFO ] [DOOR_CONTROL   ] SUB  | DO_RATCH_UNLOCK_FLAG          -> SIGNAL_OFF
17:48:27	[INFO ] [DOOR_CONTROL   ] SUB  | DI_DOOR_CLOSE                 -> SIGNAL_OFF
17:48:27	[INFO ] [DOOR_CONTROL   ] SUB  | DI_DOOR_OPEN                  -> SIGNAL_ON 
17:48:27	[INFO ] [DOOR_CONTROL   ] PROC | Door Opened                   
17:48:27	[INFO ] [DOOR_CONTROL   ] PUB  | CARGO_DOOR                    -> OPENED    
17:48:27	[INFO ] [DOOR_CONTROL   ] SUB  | DI_RATCH_LOCK_FLAG            -> SIGNAL_OFF
17:48:27	[INFO ] [DOOR_CONTROL   ] SUB  | DO_RATCH_UNLOCK_FLAG          -> SIGNAL_OFF
17:48:30	[INFO ] [DOOR_CONTROL   ] SUB  | DI_DOOR_CLOSE                 -> SIGNAL_OFF
17:48:30	[INFO ] [DOOR_CONTROL   ] SUB  | DI_DOOR_OPEN                  -> SIGNAL_ON 
17:48:30	[INFO ] [DOOR_CONTROL   ] PROC | Door Opened                   
17:48:30	[INFO ] [DOOR_CONTROL   ] PUB  | CARGO_DOOR                    -> OPENED    
17:48:30	[INFO ] [DOOR_CONTROL   ] SUB  | DI_RATCH_LOCK_FLAG            -> SIGNAL_OFF
17:48:30	[INFO ] [DOOR_CONTROL   ] SUB  | DO_RATCH_UNLOCK_FLAG          -> SIGNAL_OFF
17:48:33	[INFO ] [DOOR_CONTROL   ] SUB  | DI_DOOR_CLOSE                 -> SIGNAL_OFF
17:48:33	[INFO ] [DOOR_CONTROL   ] SUB  | DI_DOOR_OPEN                  -> SIGNAL_ON 
17:48:33	[INFO ] [DOOR_CONTROL   ] PROC | Door Opened                   
17:48:33	[INFO ] [DOOR_CONTROL   ] PUB  | CARGO_DOOR                    -> OPENED    
17:48:33	[INFO ] [DOOR_CONTROL   ] SUB  | DI_RATCH_LOCK_FLAG            -> SIGNAL_OFF
17:48:33	[INFO ] [DOOR_CONTROL   ] SUB  | DO_RATCH_UNLOCK_FLAG          -> SIGNAL_OFF
17:48:38	[INFO ] [DOOR_CONTROL   ] SUB  | DI_DOOR_CLOSE                 -> SIGNAL_OFF
17:48:38	[INFO ] [DOOR_CONTROL   ] SUB  | DI_DOOR_OPEN                  -> SIGNAL_ON 
17:48:38	[INFO ] [DOOR_CONTROL   ] PROC | Door Opened                   
17:48:38	[INFO ] [DOOR_CONTROL   ] PUB  | CARGO_DOOR                    -> OPENED    
17:48:38	[INFO ] [DOOR_CONTROL   ] SUB  | DI_RATCH_LOCK_FLAG            -> SIGNAL_OFF
17:48:38	[INFO ] [DOOR_CONTROL   ] SUB  | DO_RATCH_UNLOCK_FLAG          -> SIGNAL_OFF
17:50:55	[INFO ] [DOOR_CONTROL   ] SUB  | DI_DOOR_CLOSE                 -> SIGNAL_OFF
17:50:55	[INFO ] [DOOR_CONTROL   ] SUB  | DI_DOOR_OPEN                  -> SIGNAL_ON 
17:50:55	[INFO ] [DOOR_CONTROL   ] PROC | Door Opened                   
17:50:55	[INFO ] [DOOR_CONTROL   ] PUB  | CARGO_DOOR                    -> OPENED    
17:50:55	[INFO ] [DOOR_CONTROL   ] SUB  | DI_RATCH_LOCK_FLAG            -> SIGNAL_OFF
17:50:55	[INFO ] [DOOR_CONTROL   ] SUB  | DO_RATCH_UNLOCK_FLAG          -> SIGNAL_OFF
17:50:58	[INFO ] [DOOR_CONTROL   ] SUB  | DI_DOOR_CLOSE                 -> SIGNAL_OFF
17:50:58	[INFO ] [DOOR_CONTROL   ] SUB  | DI_DOOR_OPEN                  -> SIGNAL_ON 
17:50:58	[INFO ] [DOOR_CONTROL   ] PROC | Door Opened                   
17:50:58	[INFO ] [DOOR_CONTROL   ] PUB  | CARGO_DOOR                    -> OPENED    
17:50:58	[INFO ] [DOOR_CONTROL   ] SUB  | DI_RATCH_LOCK_FLAG            -> SIGNAL_OFF
17:50:58	[INFO ] [DOOR_CONTROL   ] SUB  | DO_RATCH_UNLOCK_FLAG          -> SIGNAL_OFF
17:51:03	[INFO ] [DOOR_CONTROL   ] SUB  | DI_DOOR_CLOSE                 -> SIGNAL_OFF
17:51:03	[INFO ] [DOOR_CONTROL   ] SUB  | DI_DOOR_OPEN                  -> SIGNAL_ON 
17:51:03	[INFO ] [DOOR_CONTROL   ] PROC | Door Opened                   
17:51:03	[INFO ] [DOOR_CONTROL   ] PUB  | CARGO_DOOR                    -> OPENED    
17:51:03	[INFO ] [DOOR_CONTROL   ] SUB  | DI_RATCH_LOCK_FLAG            -> SIGNAL_OFF
17:51:03	[INFO ] [DOOR_CONTROL   ] SUB  | DO_RATCH_UNLOCK_FLAG          -> SIGNAL_OFF
17:51:07	[INFO ] [DOOR_CONTROL   ] SUB  | DI_DOOR_CLOSE                 -> SIGNAL_OFF
17:51:07	[INFO ] [DOOR_CONTROL   ] SUB  | DI_DOOR_OPEN                  -> SIGNAL_ON 
17:51:07	[INFO ] [DOOR_CONTROL   ] PROC | Door Opened                   
17:51:07	[INFO ] [DOOR_CONTROL   ] PUB  | CARGO_DOOR                    -> OPENED    
17:51:07	[INFO ] [DOOR_CONTROL   ] SUB  | DI_RATCH_LOCK_FLAG            -> SIGNAL_OFF
17:51:07	[INFO ] [DOOR_CONTROL   ] SUB  | DO_RATCH_UNLOCK_FLAG          -> SIGNAL_OFF
17:51:09	[INFO ] [DOOR_CONTROL   ] SUB  | DI_DOOR_CLOSE                 -> SIGNAL_OFF
17:51:09	[INFO ] [DOOR_CONTROL   ] SUB  | DI_DOOR_OPEN                  -> SIGNAL_ON 
17:51:09	[INFO ] [DOOR_CONTROL   ] PROC | Door Opened                   
17:51:09	[INFO ] [DOOR_CONTROL   ] PUB  | CARGO_DOOR                    -> OPENED    
17:51:09	[INFO ] [DOOR_CONTROL   ] SUB  | DO_RATCH_UNLOCK_FLAG          -> SIGNAL_OFF
17:51:09	[INFO ] [DOOR_CONTROL   ] SUB  | DI_RATCH_LOCK_FLAG            -> SIGNAL_OFF
17:51:13	[INFO ] [DOOR_CONTROL   ] SUB  | DI_DOOR_CLOSE                 -> SIGNAL_OFF
17:51:13	[INFO ] [DOOR_CONTROL   ] SUB  | DI_DOOR_OPEN                  -> SIGNAL_ON 
17:51:13	[INFO ] [DOOR_CONTROL   ] PROC | Door Opened                   
17:51:13	[INFO ] [DOOR_CONTROL   ] PUB  | CARGO_DOOR                    -> OPENED    
17:51:13	[INFO ] [DOOR_CONTROL   ] SUB  | DI_RATCH_LOCK_FLAG            -> SIGNAL_OFF
17:51:13	[INFO ] [DOOR_CONTROL   ] SUB  | DO_RATCH_UNLOCK_FLAG          -> SIGNAL_OFF
17:56:14	[INFO ] [DOOR_CONTROL   ] SUB  | DI_DOOR_CLOSE                 -> SIGNAL_OFF
17:56:14	[INFO ] [DOOR_CONTROL   ] SUB  | DI_DOOR_OPEN                  -> SIGNAL_ON 
17:56:14	[INFO ] [DOOR_CONTROL   ] PROC | Door Opened                   
17:56:14	[INFO ] [DOOR_CONTROL   ] PUB  | CARGO_DOOR                    -> OPENED    
17:56:14	[INFO ] [DOOR_CONTROL   ] SUB  | DI_RATCH_LOCK_FLAG            -> SIGNAL_OFF
17:56:14	[INFO ] [DOOR_CONTROL   ] SUB  | DO_RATCH_UNLOCK_FLAG          -> SIGNAL_OFF
17:56:17	[INFO ] [DOOR_CONTROL   ] SUB  | DI_RATCH_LOCK_FLAG            -> SIGNAL_OFF
17:56:17	[INFO ] [DOOR_CONTROL   ] SUB  | DO_RATCH_UNLOCK_FLAG          -> SIGNAL_OFF
17:56:20	[INFO ] [DOOR_CONTROL   ] SUB  | DI_DOOR_CLOSE                 -> SIGNAL_OFF
17:56:20	[INFO ] [DOOR_CONTROL   ] SUB  | DI_DOOR_OPEN                  -> SIGNAL_ON 
17:56:20	[INFO ] [DOOR_CONTROL   ] PROC | Door Opened                   
17:56:20	[INFO ] [DOOR_CONTROL   ] PUB  | CARGO_DOOR                    -> OPENED    
17:56:20	[INFO ] [DOOR_CONTROL   ] SUB  | DI_RATCH_LOCK_FLAG            -> SIGNAL_OFF
17:56:20	[INFO ] [DOOR_CONTROL   ] SUB  | DO_RATCH_UNLOCK_FLAG          -> SIGNAL_OFF
17:56:24	[INFO ] [DOOR_CONTROL   ] SUB  | DI_DOOR_CLOSE                 -> SIGNAL_OFF
17:56:24	[INFO ] [DOOR_CONTROL   ] SUB  | DI_DOOR_OPEN                  -> SIGNAL_ON 
17:56:24	[INFO ] [DOOR_CONTROL   ] PROC | Door Opened                   
17:56:24	[INFO ] [DOOR_CONTROL   ] PUB  | CARGO_DOOR                    -> OPENED    
17:56:24	[INFO ] [DOOR_CONTROL   ] SUB  | DI_RATCH_LOCK_FLAG            -> SIGNAL_OFF
17:56:24	[INFO ] [DOOR_CONTROL   ] SUB  | DO_RATCH_UNLOCK_FLAG          -> SIGNAL_OFF
17:56:26	[INFO ] [DOOR_CONTROL   ] SUB  | DI_DOOR_CLOSE                 -> SIGNAL_OFF
17:56:26	[INFO ] [DOOR_CONTROL   ] SUB  | DI_DOOR_OPEN                  -> SIGNAL_ON 
17:56:26	[INFO ] [DOOR_CONTROL   ] PROC | Door Opened                   
17:56:26	[INFO ] [DOOR_CONTROL   ] PUB  | CARGO_DOOR                    -> OPENED    
17:56:26	[INFO ] [DOOR_CONTROL   ] SUB  | DI_RATCH_LOCK_FLAG            -> SIGNAL_OFF
17:56:26	[INFO ] [DOOR_CONTROL   ] SUB  | DO_RATCH_UNLOCK_FLAG          -> SIGNAL_OFF
17:56:29	[INFO ] [DOOR_CONTROL   ] SUB  | DI_DOOR_CLOSE                 -> SIGNAL_OFF
17:56:29	[INFO ] [DOOR_CONTROL   ] SUB  | DI_DOOR_OPEN                  -> SIGNAL_ON 
17:56:29	[INFO ] [DOOR_CONTROL   ] PROC | Door Opened                   
17:56:29	[INFO ] [DOOR_CONTROL   ] PUB  | CARGO_DOOR                    -> OPENED    
17:56:29	[INFO ] [DOOR_CONTROL   ] SUB  | DI_RATCH_LOCK_FLAG            -> SIGNAL_OFF
17:56:29	[INFO ] [DOOR_CONTROL   ] SUB  | DO_RATCH_UNLOCK_FLAG          -> SIGNAL_OFF
