17:05:09	[INFO ] [SENSOR_SIGNAL  ] PROC | Retry Count                   -> 3         
17:05:09	[INFO ] [SENSOR_SIGNAL  ] PROC | context success               
17:05:09	[INFO ] [SENSOR_SIGNAL  ] PROC | connect success               
17:05:09	[INFO ] [SENSOR_SIGNAL  ] PROC | try_connect_modbus_rtu success !!!
17:05:09	[INFO ] [SENSOR_SIGNAL  ] PROC | Node Start                    
17:05:13	[INFO ] [SENSOR_SIGNAL  ] PUB  | DI_RACK_00                    -> SIGNAL_OFF
17:05:13	[INFO ] [SENSOR_SIGNAL  ] PUB  | DI_RACK_01                    -> SIGNAL_OFF
17:05:13	[INFO ] [SENSOR_SIGNAL  ] PUB  | DI_RACK_02                    -> SIGNAL_OFF
17:05:13	[INFO ] [SENSOR_SIGNAL  ] PUB  | DI_RACK_03                    -> SIGNAL_OFF
17:05:13	[INFO ] [SENSOR_SIGNAL  ] PUB  | DI_RACK_04                    -> SIGNAL_OFF
17:05:13	[INFO ] [SENSOR_SIGNAL  ] PUB  | DI_RACK_05                    -> SIGNAL_OFF
17:05:13	[INFO ] [SENSOR_SIGNAL  ] PUB  | DI_RACK_06                    -> SIGNAL_OFF
17:05:13	[INFO ] [SENSOR_SIGNAL  ] PUB  | DI_RACK_07                    -> SIGNAL_OFF
17:05:13	[INFO ] [SENSOR_SIGNAL  ] PUB  | DI_RACK_08                    -> SIGNAL_OFF
17:05:13	[INFO ] [SENSOR_SIGNAL  ] PUB  | DI_RACK_09                    -> SIGNAL_OFF
17:05:13	[INFO ] [SENSOR_SIGNAL  ] PUB  | DI_DOOR_CLOSE                 -> SIGNAL_OFF
17:05:13	[INFO ] [SENSOR_SIGNAL  ] PUB  | DI_DOOR_OPEN                  -> SIGNAL_ON 
17:05:13	[INFO ] [SENSOR_SIGNAL  ] PUB  | DI_HANDLER_FORK_MAX_LIMIT     -> SIGNAL_OFF
17:05:13	[INFO ] [SENSOR_SIGNAL  ] PUB  | DI_HANDLER_FORK_MIN_LIMIT     -> SIGNAL_OFF
17:05:13	[INFO ] [SENSOR_SIGNAL  ] PUB  | DI_HANDLER_LIFT_MAX_LIMIT     -> SIGNAL_OFF
17:05:13	[INFO ] [SENSOR_SIGNAL  ] PUB  | DI_HANDLER_LIFT_MIN_LIMIT     -> SIGNAL_OFF
17:05:13	[INFO ] [SENSOR_SIGNAL  ] PUB  | DI_MAGNET_UNIT_ORIGIN         -> SIGNAL_ON 
17:05:13	[INFO ] [SENSOR_SIGNAL  ] PUB  | DI_MAGNET_UNIT_FRONT          -> SIGNAL_OFF
17:05:13	[INFO ] [SENSOR_SIGNAL  ] PUB  | DI_MAGNET_UNIT_REAR           -> SIGNAL_OFF
17:05:13	[INFO ] [SENSOR_SIGNAL  ] PUB  | DI_AMARTURE_CONTACT_DETECTION -> SIGNAL_OFF
17:05:13	[INFO ] [SENSOR_SIGNAL  ] PUB  | DI_TRAY_CONTACT_DETECTION     -> SIGNAL_OFF
17:05:13	[INFO ] [SENSOR_SIGNAL  ] PUB  | DI_HANDLER_TILT_MIN_LIMIT     -> SIGNAL_OFF
17:05:13	[INFO ] [SENSOR_SIGNAL  ] PUB  | DI_HANDLER_TILT_MAX_LIMIT     -> SIGNAL_OFF
17:05:13	[INFO ] [SENSOR_SIGNAL  ] PUB  | DI_RACK_FORK_BACKWARD_LIMIT   -> SIGNAL_OFF
17:05:13	[INFO ] [SENSOR_SIGNAL  ] PUB  | DI_RACK_FORK_FORWARD_LIMIT    -> SIGNAL_OFF
17:05:13	[INFO ] [SENSOR_SIGNAL  ] PUB  | DI_RATCH_LOCK_FLAG            -> SIGNAL_OFF
17:05:13	[INFO ] [SENSOR_SIGNAL  ] SUB  | CARGO_DOOR                    -> OPENED    
17:05:13	[INFO ] [SENSOR_SIGNAL  ] PUB  | DO_RATCH_UNLOCK_FLAG          -> SIGNAL_OFF
17:05:13	[INFO ] [SENSOR_SIGNAL  ] PUB  | DO_MAGNET_ON_FLAG             -> SIGNAL_OFF
17:05:13	[INFO ] [SENSOR_SIGNAL  ] PUB  | DO_HANDLER_TILT_RUN_FLAG      -> SIGNAL_OFF
17:05:13	[INFO ] [SENSOR_SIGNAL  ] PUB  | DO_HANDLER_TILI_DIRECTION_FLAG-> SIGNAL_OFF
17:05:15	[INFO ] [SENSOR_SIGNAL  ] PUB  | WAGO                          -> PREPARED  
17:05:20	[INFO ] [SENSOR_SIGNAL  ] PROC | Destructor Start              
17:05:20	[INFO ] [SENSOR_SIGNAL  ] PROC | modbus_tcp is disconnect      
17:05:20	[INFO ] [SENSOR_SIGNAL  ] PROC | Node Stop                     
17:06:06	[INFO ] [SENSOR_SIGNAL  ] PROC | Retry Count                   -> 3         
17:06:06	[INFO ] [SENSOR_SIGNAL  ] PROC | context success               
17:06:06	[INFO ] [SENSOR_SIGNAL  ] PROC | connect success               
17:06:06	[INFO ] [SENSOR_SIGNAL  ] PROC | try_connect_modbus_rtu success !!!
17:06:07	[INFO ] [SENSOR_SIGNAL  ] PROC | Node Start                    
17:06:07	[INFO ] [SENSOR_SIGNAL  ] PUB  | DI_RACK_00                    -> SIGNAL_OFF
17:06:07	[INFO ] [SENSOR_SIGNAL  ] PUB  | DI_RACK_01                    -> SIGNAL_OFF
17:06:07	[INFO ] [SENSOR_SIGNAL  ] PUB  | DI_RACK_02                    -> SIGNAL_OFF
17:06:07	[INFO ] [SENSOR_SIGNAL  ] PUB  | DI_RACK_03                    -> SIGNAL_OFF
17:06:07	[INFO ] [SENSOR_SIGNAL  ] PUB  | DI_RACK_04                    -> SIGNAL_OFF
17:06:07	[INFO ] [SENSOR_SIGNAL  ] PUB  | DI_RACK_05                    -> SIGNAL_OFF
17:06:07	[INFO ] [SENSOR_SIGNAL  ] PUB  | DI_RACK_06                    -> SIGNAL_OFF
17:06:07	[INFO ] [SENSOR_SIGNAL  ] PUB  | DI_RACK_07                    -> SIGNAL_OFF
17:06:07	[INFO ] [SENSOR_SIGNAL  ] PUB  | DI_RACK_08                    -> SIGNAL_OFF
17:06:07	[INFO ] [SENSOR_SIGNAL  ] PUB  | DI_RACK_09                    -> SIGNAL_OFF
17:06:07	[INFO ] [SENSOR_SIGNAL  ] PUB  | DI_DOOR_CLOSE                 -> SIGNAL_OFF
17:06:07	[INFO ] [SENSOR_SIGNAL  ] PUB  | DI_DOOR_OPEN                  -> SIGNAL_ON 
17:06:07	[INFO ] [SENSOR_SIGNAL  ] PUB  | DI_HANDLER_FORK_MAX_LIMIT     -> SIGNAL_OFF
17:06:07	[INFO ] [SENSOR_SIGNAL  ] PUB  | DI_HANDLER_FORK_MIN_LIMIT     -> SIGNAL_OFF
17:06:07	[INFO ] [SENSOR_SIGNAL  ] PUB  | DI_HANDLER_LIFT_MAX_LIMIT     -> SIGNAL_OFF
17:06:07	[INFO ] [SENSOR_SIGNAL  ] PUB  | DI_HANDLER_LIFT_MIN_LIMIT     -> SIGNAL_OFF
17:06:07	[INFO ] [SENSOR_SIGNAL  ] PUB  | DI_MAGNET_UNIT_ORIGIN         -> SIGNAL_ON 
17:06:07	[INFO ] [SENSOR_SIGNAL  ] PUB  | DI_MAGNET_UNIT_FRONT          -> SIGNAL_OFF
17:06:07	[INFO ] [SENSOR_SIGNAL  ] PUB  | DI_MAGNET_UNIT_REAR           -> SIGNAL_OFF
17:06:07	[INFO ] [SENSOR_SIGNAL  ] PUB  | DI_AMARTURE_CONTACT_DETECTION -> SIGNAL_OFF
17:06:07	[INFO ] [SENSOR_SIGNAL  ] PUB  | DI_TRAY_CONTACT_DETECTION     -> SIGNAL_OFF
17:06:07	[INFO ] [SENSOR_SIGNAL  ] PUB  | DI_HANDLER_TILT_MIN_LIMIT     -> SIGNAL_OFF
17:06:07	[INFO ] [SENSOR_SIGNAL  ] PUB  | DI_HANDLER_TILT_MAX_LIMIT     -> SIGNAL_OFF
17:06:07	[INFO ] [SENSOR_SIGNAL  ] PUB  | DI_RACK_FORK_BACKWARD_LIMIT   -> SIGNAL_OFF
17:06:07	[INFO ] [SENSOR_SIGNAL  ] PUB  | DI_RACK_FORK_FORWARD_LIMIT    -> SIGNAL_OFF
17:06:07	[INFO ] [SENSOR_SIGNAL  ] PUB  | DI_RATCH_LOCK_FLAG            -> SIGNAL_OFF
17:06:09	[INFO ] [SENSOR_SIGNAL  ] PUB  | DO_RATCH_UNLOCK_FLAG          -> SIGNAL_OFF
17:06:09	[INFO ] [SENSOR_SIGNAL  ] PUB  | DO_MAGNET_ON_FLAG             -> SIGNAL_OFF
17:06:09	[INFO ] [SENSOR_SIGNAL  ] PUB  | DO_HANDLER_TILT_RUN_FLAG      -> SIGNAL_OFF
17:06:09	[INFO ] [SENSOR_SIGNAL  ] PUB  | DO_HANDLER_TILI_DIRECTION_FLAG-> SIGNAL_OFF
17:06:09	[INFO ] [SENSOR_SIGNAL  ] PUB  | WAGO                          -> PREPARED  
17:06:13	[INFO ] [SENSOR_SIGNAL  ] PROC | modbus_tcp is disconnect      
17:06:13	[INFO ] [SENSOR_SIGNAL  ] PROC | Node Stop                     
17:09:54	[INFO ] [SENSOR_SIGNAL  ] PROC | Retry Count                   -> 3         
17:09:54	[INFO ] [SENSOR_SIGNAL  ] PROC | context success               
17:09:54	[INFO ] [SENSOR_SIGNAL  ] PROC | connect success               
17:09:54	[INFO ] [SENSOR_SIGNAL  ] PROC | try_connect_modbus_rtu success !!!
17:09:54	[INFO ] [SENSOR_SIGNAL  ] PROC | Node Start                    
17:09:55	[INFO ] [SENSOR_SIGNAL  ] PUB  | DI_RACK_00                    -> SIGNAL_OFF
17:09:55	[INFO ] [SENSOR_SIGNAL  ] PUB  | DI_RACK_01                    -> SIGNAL_OFF
17:09:55	[INFO ] [SENSOR_SIGNAL  ] PUB  | DI_RACK_02                    -> SIGNAL_OFF
17:09:55	[INFO ] [SENSOR_SIGNAL  ] PUB  | DI_RACK_03                    -> SIGNAL_OFF
17:09:55	[INFO ] [SENSOR_SIGNAL  ] PUB  | DI_RACK_04                    -> SIGNAL_OFF
17:09:55	[INFO ] [SENSOR_SIGNAL  ] PUB  | DI_RACK_05                    -> SIGNAL_OFF
17:09:55	[INFO ] [SENSOR_SIGNAL  ] PUB  | DI_RACK_06                    -> SIGNAL_OFF
17:09:55	[INFO ] [SENSOR_SIGNAL  ] PUB  | DI_RACK_07                    -> SIGNAL_OFF
17:09:55	[INFO ] [SENSOR_SIGNAL  ] PUB  | DI_RACK_08                    -> SIGNAL_OFF
17:09:55	[INFO ] [SENSOR_SIGNAL  ] PUB  | DI_RACK_09                    -> SIGNAL_OFF
17:09:55	[INFO ] [SENSOR_SIGNAL  ] PUB  | DI_DOOR_CLOSE                 -> SIGNAL_OFF
17:09:55	[INFO ] [SENSOR_SIGNAL  ] PUB  | DI_DOOR_OPEN                  -> SIGNAL_ON 
17:09:55	[INFO ] [SENSOR_SIGNAL  ] PUB  | DI_HANDLER_FORK_MAX_LIMIT     -> SIGNAL_OFF
17:09:55	[INFO ] [SENSOR_SIGNAL  ] PUB  | DI_HANDLER_FORK_MIN_LIMIT     -> SIGNAL_OFF
17:09:55	[INFO ] [SENSOR_SIGNAL  ] PUB  | DI_HANDLER_LIFT_MAX_LIMIT     -> SIGNAL_OFF
17:09:55	[INFO ] [SENSOR_SIGNAL  ] PUB  | DI_HANDLER_LIFT_MIN_LIMIT     -> SIGNAL_OFF
17:09:55	[INFO ] [SENSOR_SIGNAL  ] PUB  | DI_MAGNET_UNIT_ORIGIN         -> SIGNAL_ON 
17:09:55	[INFO ] [SENSOR_SIGNAL  ] PUB  | DI_MAGNET_UNIT_FRONT          -> SIGNAL_OFF
17:09:55	[INFO ] [SENSOR_SIGNAL  ] PUB  | DI_MAGNET_UNIT_REAR           -> SIGNAL_OFF
17:09:55	[INFO ] [SENSOR_SIGNAL  ] PUB  | DI_AMARTURE_CONTACT_DETECTION -> SIGNAL_OFF
17:09:55	[INFO ] [SENSOR_SIGNAL  ] PUB  | DI_TRAY_CONTACT_DETECTION     -> SIGNAL_OFF
17:09:55	[INFO ] [SENSOR_SIGNAL  ] PUB  | DI_HANDLER_TILT_MIN_LIMIT     -> SIGNAL_OFF
17:09:55	[INFO ] [SENSOR_SIGNAL  ] PUB  | DI_HANDLER_TILT_MAX_LIMIT     -> SIGNAL_OFF
17:09:55	[INFO ] [SENSOR_SIGNAL  ] PUB  | DI_RACK_FORK_BACKWARD_LIMIT   -> SIGNAL_OFF
17:09:55	[INFO ] [SENSOR_SIGNAL  ] PUB  | DI_RACK_FORK_FORWARD_LIMIT    -> SIGNAL_OFF
17:09:55	[INFO ] [SENSOR_SIGNAL  ] PUB  | DI_RATCH_LOCK_FLAG            -> SIGNAL_OFF
17:09:55	[INFO ] [SENSOR_SIGNAL  ] PUB  | DO_RATCH_UNLOCK_FLAG          -> SIGNAL_OFF
17:09:55	[INFO ] [SENSOR_SIGNAL  ] PUB  | DO_MAGNET_ON_FLAG             -> SIGNAL_OFF
17:09:55	[INFO ] [SENSOR_SIGNAL  ] PUB  | DO_HANDLER_TILT_RUN_FLAG      -> SIGNAL_OFF
17:09:55	[INFO ] [SENSOR_SIGNAL  ] PUB  | DO_HANDLER_TILI_DIRECTION_FLAG-> SIGNAL_OFF
17:09:58	[INFO ] [SENSOR_SIGNAL  ] PUB  | WAGO                          -> PREPARED  
17:10:03	[INFO ] [SENSOR_SIGNAL  ] PROC | modbus_tcp is disconnect      
17:15:33	[INFO ] [SENSOR_SIGNAL  ] PROC | Retry Count                   -> 3         
17:15:33	[INFO ] [SENSOR_SIGNAL  ] PROC | context success               
17:15:33	[INFO ] [SENSOR_SIGNAL  ] PROC | connect success               
17:15:33	[INFO ] [SENSOR_SIGNAL  ] PROC | try_connect_modbus_rtu success !!!
17:15:34	[INFO ] [SENSOR_SIGNAL  ] PUB  | DI_RACK_00                    -> SIGNAL_OFF
17:15:34	[INFO ] [SENSOR_SIGNAL  ] PROC | Node Start                    
17:15:34	[INFO ] [SENSOR_SIGNAL  ] PUB  | DI_RACK_01                    -> SIGNAL_OFF
17:15:34	[INFO ] [SENSOR_SIGNAL  ] PUB  | DI_RACK_02                    -> SIGNAL_OFF
17:15:34	[INFO ] [SENSOR_SIGNAL  ] PUB  | DI_RACK_03                    -> SIGNAL_OFF
17:15:34	[INFO ] [SENSOR_SIGNAL  ] PUB  | DI_RACK_04                    -> SIGNAL_OFF
17:15:34	[INFO ] [SENSOR_SIGNAL  ] PUB  | DI_RACK_05                    -> SIGNAL_OFF
17:15:34	[INFO ] [SENSOR_SIGNAL  ] PUB  | DI_RACK_06                    -> SIGNAL_OFF
17:15:34	[INFO ] [SENSOR_SIGNAL  ] PUB  | DI_RACK_07                    -> SIGNAL_OFF
17:15:34	[INFO ] [SENSOR_SIGNAL  ] PUB  | DI_RACK_08                    -> SIGNAL_OFF
17:15:34	[INFO ] [SENSOR_SIGNAL  ] PUB  | DI_RACK_09                    -> SIGNAL_OFF
17:15:34	[INFO ] [SENSOR_SIGNAL  ] PUB  | DI_DOOR_CLOSE                 -> SIGNAL_OFF
17:15:34	[INFO ] [SENSOR_SIGNAL  ] PUB  | DI_DOOR_OPEN                  -> SIGNAL_ON 
17:15:34	[INFO ] [SENSOR_SIGNAL  ] PUB  | DI_HANDLER_FORK_MAX_LIMIT     -> SIGNAL_OFF
17:15:34	[INFO ] [SENSOR_SIGNAL  ] PUB  | DI_HANDLER_FORK_MIN_LIMIT     -> SIGNAL_OFF
17:15:34	[INFO ] [SENSOR_SIGNAL  ] PUB  | DI_HANDLER_LIFT_MAX_LIMIT     -> SIGNAL_OFF
17:15:34	[INFO ] [SENSOR_SIGNAL  ] PUB  | DI_HANDLER_LIFT_MIN_LIMIT     -> SIGNAL_OFF
17:15:34	[INFO ] [SENSOR_SIGNAL  ] PUB  | DI_MAGNET_UNIT_ORIGIN         -> SIGNAL_ON 
17:15:34	[INFO ] [SENSOR_SIGNAL  ] PUB  | DI_MAGNET_UNIT_FRONT          -> SIGNAL_OFF
17:15:36	[INFO ] [SENSOR_SIGNAL  ] PUB  | DI_MAGNET_UNIT_REAR           -> SIGNAL_OFF
17:15:36	[INFO ] [SENSOR_SIGNAL  ] PUB  | DI_AMARTURE_CONTACT_DETECTION -> SIGNAL_OFF
17:15:36	[INFO ] [SENSOR_SIGNAL  ] PUB  | DI_TRAY_CONTACT_DETECTION     -> SIGNAL_OFF
17:15:36	[INFO ] [SENSOR_SIGNAL  ] PUB  | DI_HANDLER_TILT_MIN_LIMIT     -> SIGNAL_OFF
17:15:36	[INFO ] [SENSOR_SIGNAL  ] PUB  | DI_HANDLER_TILT_MAX_LIMIT     -> SIGNAL_OFF
17:15:36	[INFO ] [SENSOR_SIGNAL  ] PUB  | DI_RACK_FORK_BACKWARD_LIMIT   -> SIGNAL_OFF
17:15:36	[INFO ] [SENSOR_SIGNAL  ] PUB  | DI_RACK_FORK_FORWARD_LIMIT    -> SIGNAL_OFF
17:15:36	[INFO ] [SENSOR_SIGNAL  ] PUB  | DI_RATCH_LOCK_FLAG            -> SIGNAL_OFF
17:15:36	[INFO ] [SENSOR_SIGNAL  ] PUB  | DO_RATCH_UNLOCK_FLAG          -> SIGNAL_OFF
17:15:36	[INFO ] [SENSOR_SIGNAL  ] PUB  | DO_MAGNET_ON_FLAG             -> SIGNAL_OFF
17:15:36	[INFO ] [SENSOR_SIGNAL  ] PUB  | DO_HANDLER_TILT_RUN_FLAG      -> SIGNAL_OFF
17:15:36	[INFO ] [SENSOR_SIGNAL  ] PUB  | DO_HANDLER_TILI_DIRECTION_FLAG-> SIGNAL_OFF
17:15:36	[INFO ] [SENSOR_SIGNAL  ] SUB  | CARGO_DOOR                    -> OPENED    
17:15:36	[ERROR] [SENSOR_SIGNAL  ] PROC | modbus_read_bits fail !!!     
17:15:36	[ERROR] [SENSOR_SIGNAL  ] PROC | Error Number                  -> Invalid data
17:15:36	[INFO ] [SENSOR_SIGNAL  ] PROC | modbus_tcp is disconnect      
17:15:36	[ERROR] [SENSOR_SIGNAL  ] PROC | Read Data Size is Wrong!      
17:43:55	[INFO ] [SENSOR_SIGNAL  ] PROC | Node Start                    
17:43:55	[INFO ] [SENSOR_SIGNAL  ] PROC | Retry Count                   -> 3         
17:43:55	[INFO ] [SENSOR_SIGNAL  ] PROC | context success               
17:43:55	[INFO ] [SENSOR_SIGNAL  ] PROC | connect success               
17:43:55	[INFO ] [SENSOR_SIGNAL  ] PROC | try_connect_modbus_rtu success !!!
17:43:59	[INFO ] [SENSOR_SIGNAL  ] PUB  | DI_RACK_00                    -> SIGNAL_OFF
17:44:00	[INFO ] [SENSOR_SIGNAL  ] PUB  | DI_RACK_01                    -> SIGNAL_OFF
17:44:00	[INFO ] [SENSOR_SIGNAL  ] PUB  | DI_RACK_02                    -> SIGNAL_OFF
17:44:00	[INFO ] [SENSOR_SIGNAL  ] PUB  | DI_RACK_03                    -> SIGNAL_OFF
17:44:01	[INFO ] [SENSOR_SIGNAL  ] PUB  | DI_RACK_04                    -> SIGNAL_OFF
17:44:01	[INFO ] [SENSOR_SIGNAL  ] PUB  | DI_RACK_05                    -> SIGNAL_OFF
17:44:01	[INFO ] [SENSOR_SIGNAL  ] PUB  | DI_RACK_06                    -> SIGNAL_OFF
17:44:01	[INFO ] [SENSOR_SIGNAL  ] PUB  | DI_RACK_07                    -> SIGNAL_OFF
17:44:02	[INFO ] [SENSOR_SIGNAL  ] PUB  | DI_RACK_08                    -> SIGNAL_OFF
17:44:02	[INFO ] [SENSOR_SIGNAL  ] PUB  | DI_RACK_09                    -> SIGNAL_OFF
17:44:02	[INFO ] [SENSOR_SIGNAL  ] PUB  | DI_DOOR_CLOSE                 -> SIGNAL_OFF
17:44:02	[INFO ] [SENSOR_SIGNAL  ] PUB  | DI_DOOR_OPEN                  -> SIGNAL_ON 
17:44:03	[INFO ] [SENSOR_SIGNAL  ] SUB  | CARGO_DOOR                    -> OPENED    
17:44:03	[INFO ] [SENSOR_SIGNAL  ] PUB  | DI_HANDLER_FORK_MAX_LIMIT     -> SIGNAL_OFF
17:44:04	[INFO ] [SENSOR_SIGNAL  ] PUB  | DI_HANDLER_FORK_MIN_LIMIT     -> SIGNAL_OFF
17:44:04	[INFO ] [SENSOR_SIGNAL  ] PUB  | DI_HANDLER_LIFT_MAX_LIMIT     -> SIGNAL_OFF
17:44:04	[INFO ] [SENSOR_SIGNAL  ] PUB  | DO_RATCH_UNLOCK_FLAG          -> SIGNAL_OFF
17:44:04	[INFO ] [SENSOR_SIGNAL  ] PUB  | DI_HANDLER_LIFT_MIN_LIMIT     -> SIGNAL_OFF
17:44:05	[INFO ] [SENSOR_SIGNAL  ] PUB  | DI_MAGNET_UNIT_ORIGIN         -> SIGNAL_ON 
17:44:05	[INFO ] [SENSOR_SIGNAL  ] PUB  | DI_MAGNET_UNIT_FRONT          -> SIGNAL_OFF
17:44:05	[INFO ] [SENSOR_SIGNAL  ] PUB  | DI_MAGNET_UNIT_REAR           -> SIGNAL_OFF
17:44:05	[INFO ] [SENSOR_SIGNAL  ] PUB  | DI_AMARTURE_CONTACT_DETECTION -> SIGNAL_OFF
17:44:06	[INFO ] [SENSOR_SIGNAL  ] PUB  | DI_TRAY_CONTACT_DETECTION     -> SIGNAL_OFF
17:44:06	[INFO ] [SENSOR_SIGNAL  ] PUB  | DI_HANDLER_TILT_MIN_LIMIT     -> SIGNAL_OFF
17:44:06	[INFO ] [SENSOR_SIGNAL  ] PUB  | DI_HANDLER_TILT_MAX_LIMIT     -> SIGNAL_OFF
17:44:06	[INFO ] [SENSOR_SIGNAL  ] PUB  | DI_RACK_FORK_BACKWARD_LIMIT   -> SIGNAL_OFF
17:44:07	[INFO ] [SENSOR_SIGNAL  ] PUB  | DI_RACK_FORK_FORWARD_LIMIT    -> SIGNAL_OFF
17:44:07	[INFO ] [SENSOR_SIGNAL  ] PUB  | DI_RATCH_LOCK_FLAG            -> SIGNAL_OFF
17:44:08	[INFO ] [SENSOR_SIGNAL  ] PUB  | DO_MAGNET_ON_FLAG             -> SIGNAL_OFF
17:44:08	[INFO ] [SENSOR_SIGNAL  ] PUB  | DO_HANDLER_TILT_RUN_FLAG      -> SIGNAL_OFF
17:44:25	[INFO ] [SENSOR_SIGNAL  ] PROC | Node Start                    
17:44:25	[INFO ] [SENSOR_SIGNAL  ] PROC | Retry Count                   -> 3         
17:44:25	[INFO ] [SENSOR_SIGNAL  ] PROC | context success               
17:44:25	[INFO ] [SENSOR_SIGNAL  ] PROC | connect success               
17:44:25	[INFO ] [SENSOR_SIGNAL  ] PROC | try_connect_modbus_rtu success !!!
17:44:25	[INFO ] [SENSOR_SIGNAL  ] PUB  | DI_RACK_00                    -> SIGNAL_OFF
17:44:26	[INFO ] [SENSOR_SIGNAL  ] PUB  | DI_RACK_01                    -> SIGNAL_OFF
17:44:26	[INFO ] [SENSOR_SIGNAL  ] PUB  | DI_RACK_02                    -> SIGNAL_OFF
17:44:27	[INFO ] [SENSOR_SIGNAL  ] PUB  | DI_RACK_03                    -> SIGNAL_OFF
17:44:27	[INFO ] [SENSOR_SIGNAL  ] PUB  | DI_RACK_04                    -> SIGNAL_OFF
17:44:27	[INFO ] [SENSOR_SIGNAL  ] PUB  | DI_RACK_05                    -> SIGNAL_OFF
17:44:28	[INFO ] [SENSOR_SIGNAL  ] PUB  | DI_RACK_06                    -> SIGNAL_OFF
17:44:28	[INFO ] [SENSOR_SIGNAL  ] PUB  | DI_RACK_07                    -> SIGNAL_OFF
17:44:28	[INFO ] [SENSOR_SIGNAL  ] PUB  | DI_RACK_08                    -> SIGNAL_OFF
17:44:28	[INFO ] [SENSOR_SIGNAL  ] PUB  | DI_RACK_09                    -> SIGNAL_OFF
17:44:29	[INFO ] [SENSOR_SIGNAL  ] PUB  | DI_DOOR_CLOSE                 -> SIGNAL_OFF
17:44:29	[INFO ] [SENSOR_SIGNAL  ] PUB  | DI_DOOR_OPEN                  -> SIGNAL_ON 
17:44:29	[INFO ] [SENSOR_SIGNAL  ] SUB  | CARGO_DOOR                    -> OPENED    
17:44:30	[INFO ] [SENSOR_SIGNAL  ] PUB  | DI_HANDLER_FORK_MAX_LIMIT     -> SIGNAL_OFF
17:44:31	[INFO ] [SENSOR_SIGNAL  ] PUB  | DI_HANDLER_FORK_MIN_LIMIT     -> SIGNAL_OFF
17:44:31	[INFO ] [SENSOR_SIGNAL  ] PUB  | DO_RATCH_UNLOCK_FLAG          -> SIGNAL_OFF
17:44:32	[INFO ] [SENSOR_SIGNAL  ] PUB  | DI_HANDLER_LIFT_MAX_LIMIT     -> SIGNAL_OFF
17:44:32	[INFO ] [SENSOR_SIGNAL  ] PUB  | DI_HANDLER_LIFT_MIN_LIMIT     -> SIGNAL_OFF
17:44:32	[INFO ] [SENSOR_SIGNAL  ] PUB  | DI_MAGNET_UNIT_ORIGIN         -> SIGNAL_ON 
17:44:33	[INFO ] [SENSOR_SIGNAL  ] PUB  | DI_MAGNET_UNIT_FRONT          -> SIGNAL_OFF
17:44:33	[INFO ] [SENSOR_SIGNAL  ] PUB  | DI_MAGNET_UNIT_REAR           -> SIGNAL_OFF
17:44:33	[INFO ] [SENSOR_SIGNAL  ] PUB  | DI_AMARTURE_CONTACT_DETECTION -> SIGNAL_OFF
17:44:33	[INFO ] [SENSOR_SIGNAL  ] PUB  | DI_TRAY_CONTACT_DETECTION     -> SIGNAL_OFF
17:44:34	[INFO ] [SENSOR_SIGNAL  ] PUB  | DI_HANDLER_TILT_MIN_LIMIT     -> SIGNAL_OFF
17:44:34	[INFO ] [SENSOR_SIGNAL  ] PUB  | DI_HANDLER_TILT_MAX_LIMIT     -> SIGNAL_OFF
17:44:34	[INFO ] [SENSOR_SIGNAL  ] PUB  | DI_RACK_FORK_BACKWARD_LIMIT   -> SIGNAL_OFF
17:44:35	[INFO ] [SENSOR_SIGNAL  ] PUB  | DI_RACK_FORK_FORWARD_LIMIT    -> SIGNAL_OFF
17:44:35	[INFO ] [SENSOR_SIGNAL  ] PUB  | DI_RATCH_LOCK_FLAG            -> SIGNAL_OFF
17:44:35	[INFO ] [SENSOR_SIGNAL  ] PUB  | DO_MAGNET_ON_FLAG             -> SIGNAL_OFF
17:44:36	[INFO ] [SENSOR_SIGNAL  ] PUB  | DO_HANDLER_TILT_RUN_FLAG      -> SIGNAL_OFF
17:44:36	[INFO ] [SENSOR_SIGNAL  ] PUB  | DO_HANDLER_TILI_DIRECTION_FLAG-> SIGNAL_OFF
17:44:37	[INFO ] [SENSOR_SIGNAL  ] PUB  | WAGO                          -> PREPARED  
