16:11:55	[INFO ] [SENSOR_SIGNAL  ] PROC | Retry Count                   -> 3         
16:11:55	[INFO ] [SENSOR_SIGNAL  ] PROC | Node Start                    
16:11:55	[INFO ] [SENSOR_SIGNAL  ] PROC | context success               
16:11:55	[INFO ] [SENSOR_SIGNAL  ] PROC | connect success               
16:11:55	[INFO ] [SENSOR_SIGNAL  ] PROC | try_connect_modbus_rtu success !!!
16:12:06	[INFO ] [SENSOR_SIGNAL  ] PUB  | WAGO                          -> PREPARED  
16:12:06	[INFO ] [SENSOR_SIGNAL  ] PUB  | DI_RACK_00                    -> SIGNAL_OFF
16:12:06	[INFO ] [SENSOR_SIGNAL  ] PUB  | DI_RACK_01                    -> SIGNAL_OFF
16:12:06	[INFO ] [SENSOR_SIGNAL  ] PUB  | DI_RACK_02                    -> SIGNAL_OFF
16:12:06	[INFO ] [SENSOR_SIGNAL  ] PUB  | DI_RACK_03                    -> SIGNAL_OFF
16:12:06	[INFO ] [SENSOR_SIGNAL  ] PUB  | DI_RACK_04                    -> SIGNAL_OFF
16:12:06	[INFO ] [SENSOR_SIGNAL  ] PUB  | DI_RACK_05                    -> SIGNAL_OFF
16:12:06	[INFO ] [SENSOR_SIGNAL  ] PUB  | DI_RACK_06                    -> SIGNAL_OFF
16:12:06	[INFO ] [SENSOR_SIGNAL  ] PUB  | DI_RACK_07                    -> SIGNAL_OFF
16:12:06	[INFO ] [SENSOR_SIGNAL  ] PUB  | DI_RACK_08                    -> SIGNAL_OFF
16:12:06	[INFO ] [SENSOR_SIGNAL  ] PUB  | DI_RACK_09                    -> SIGNAL_OFF
16:12:06	[INFO ] [SENSOR_SIGNAL  ] PUB  | DI_DOOR_CLOSE                 -> SIGNAL_ON 
16:12:06	[INFO ] [SENSOR_SIGNAL  ] PUB  | DI_DOOR_OPEN                  -> SIGNAL_OFF
16:12:06	[INFO ] [SENSOR_SIGNAL  ] PUB  | DI_HANDLER_FORK_MAX_LIMIT     -> SIGNAL_OFF
16:12:06	[INFO ] [SENSOR_SIGNAL  ] PUB  | DI_HANDLER_FORK_MIN_LIMIT     -> SIGNAL_OFF
16:12:06	[INFO ] [SENSOR_SIGNAL  ] PUB  | DI_HANDLER_LIFT_MAX_LIMIT     -> SIGNAL_OFF
16:12:06	[INFO ] [SENSOR_SIGNAL  ] PUB  | DI_HANDLER_LIFT_MIN_LIMIT     -> SIGNAL_OFF
16:12:06	[INFO ] [SENSOR_SIGNAL  ] PUB  | DI_MAGNET_UNIT_ORIGIN         -> SIGNAL_ON 
16:12:06	[INFO ] [SENSOR_SIGNAL  ] PUB  | DI_MAGNET_UNIT_FRONT          -> SIGNAL_OFF
16:12:06	[INFO ] [SENSOR_SIGNAL  ] PUB  | DI_MAGNET_UNIT_REAR           -> SIGNAL_OFF
16:12:06	[INFO ] [SENSOR_SIGNAL  ] PUB  | DI_AMARTURE_CONTACT_DETECTION -> SIGNAL_OFF
16:12:06	[INFO ] [SENSOR_SIGNAL  ] PUB  | DI_TRAY_CONTACT_DETECTION     -> SIGNAL_OFF
16:12:06	[INFO ] [SENSOR_SIGNAL  ] PUB  | DI_HANDLER_TILT_MIN_LIMIT     -> SIGNAL_OFF
16:12:06	[INFO ] [SENSOR_SIGNAL  ] PUB  | DI_HANDLER_TILT_MAX_LIMIT     -> SIGNAL_OFF
16:12:06	[INFO ] [SENSOR_SIGNAL  ] PUB  | DI_RACK_FORK_BACKWARD_LIMIT   -> SIGNAL_OFF
16:12:06	[INFO ] [SENSOR_SIGNAL  ] PUB  | DI_RACK_FORK_FORWARD_LIMIT    -> SIGNAL_OFF
16:12:06	[INFO ] [SENSOR_SIGNAL  ] PUB  | DI_RATCH_LOCK_FLAG            -> SIGNAL_OFF
16:12:06	[INFO ] [SENSOR_SIGNAL  ] SUB  | CARGO_DOOR                    -> CLOSED    
16:12:06	[ERROR] [SENSOR_SIGNAL  ] PROC | modbus_write_bits fail !!!    
16:12:06	[ERROR] [SENSOR_SIGNAL  ] PROC | Error Number                  -> Invalid data
16:12:06	[INFO ] [SENSOR_SIGNAL  ] PROC | modbus_tcp is disconnect      
16:12:47	[INFO ] [SENSOR_SIGNAL  ] PROC | Retry Count                   -> 3         
16:12:47	[INFO ] [SENSOR_SIGNAL  ] PROC | context success               
16:12:47	[INFO ] [SENSOR_SIGNAL  ] PROC | Node Start                    
16:12:47	[INFO ] [SENSOR_SIGNAL  ] PROC | connect success               
16:12:47	[INFO ] [SENSOR_SIGNAL  ] PROC | try_connect_modbus_rtu success !!!
16:12:47	[INFO ] [SENSOR_SIGNAL  ] PUB  | DI_RACK_00                    -> SIGNAL_OFF
16:12:47	[INFO ] [SENSOR_SIGNAL  ] PUB  | DI_RACK_01                    -> SIGNAL_OFF
16:12:47	[INFO ] [SENSOR_SIGNAL  ] PUB  | DI_RACK_02                    -> SIGNAL_OFF
16:12:47	[INFO ] [SENSOR_SIGNAL  ] PUB  | DI_RACK_03                    -> SIGNAL_OFF
16:12:47	[INFO ] [SENSOR_SIGNAL  ] PUB  | DI_RACK_04                    -> SIGNAL_OFF
16:12:47	[INFO ] [SENSOR_SIGNAL  ] PUB  | DI_RACK_05                    -> SIGNAL_OFF
16:12:47	[INFO ] [SENSOR_SIGNAL  ] PUB  | DI_RACK_06                    -> SIGNAL_OFF
16:12:47	[INFO ] [SENSOR_SIGNAL  ] PUB  | DI_RACK_07                    -> SIGNAL_OFF
16:12:47	[INFO ] [SENSOR_SIGNAL  ] PUB  | DI_RACK_08                    -> SIGNAL_OFF
16:12:47	[INFO ] [SENSOR_SIGNAL  ] PUB  | DI_RACK_09                    -> SIGNAL_OFF
16:12:47	[INFO ] [SENSOR_SIGNAL  ] PUB  | DI_DOOR_CLOSE                 -> SIGNAL_ON 
16:12:47	[INFO ] [SENSOR_SIGNAL  ] PUB  | DI_DOOR_OPEN                  -> SIGNAL_OFF
16:12:47	[INFO ] [SENSOR_SIGNAL  ] PUB  | DI_HANDLER_FORK_MAX_LIMIT     -> SIGNAL_OFF
16:12:47	[INFO ] [SENSOR_SIGNAL  ] PUB  | DI_HANDLER_FORK_MIN_LIMIT     -> SIGNAL_OFF
16:12:47	[INFO ] [SENSOR_SIGNAL  ] PUB  | DI_HANDLER_LIFT_MAX_LIMIT     -> SIGNAL_OFF
16:12:47	[INFO ] [SENSOR_SIGNAL  ] PUB  | DI_HANDLER_LIFT_MIN_LIMIT     -> SIGNAL_OFF
16:12:47	[INFO ] [SENSOR_SIGNAL  ] PUB  | DI_MAGNET_UNIT_ORIGIN         -> SIGNAL_ON 
16:12:47	[INFO ] [SENSOR_SIGNAL  ] PUB  | DI_MAGNET_UNIT_FRONT          -> SIGNAL_OFF
16:12:47	[INFO ] [SENSOR_SIGNAL  ] PUB  | DI_MAGNET_UNIT_REAR           -> SIGNAL_OFF
16:12:47	[INFO ] [SENSOR_SIGNAL  ] PUB  | DI_AMARTURE_CONTACT_DETECTION -> SIGNAL_OFF
16:12:47	[INFO ] [SENSOR_SIGNAL  ] PUB  | DI_TRAY_CONTACT_DETECTION     -> SIGNAL_OFF
16:12:47	[INFO ] [SENSOR_SIGNAL  ] PUB  | DI_HANDLER_TILT_MIN_LIMIT     -> SIGNAL_OFF
16:12:47	[INFO ] [SENSOR_SIGNAL  ] PUB  | DI_HANDLER_TILT_MAX_LIMIT     -> SIGNAL_OFF
16:12:47	[INFO ] [SENSOR_SIGNAL  ] PUB  | DI_RACK_FORK_BACKWARD_LIMIT   -> SIGNAL_OFF
16:12:47	[INFO ] [SENSOR_SIGNAL  ] PUB  | DI_RACK_FORK_FORWARD_LIMIT    -> SIGNAL_OFF
16:12:47	[INFO ] [SENSOR_SIGNAL  ] PUB  | DI_RATCH_LOCK_FLAG            -> SIGNAL_OFF
16:12:47	[INFO ] [SENSOR_SIGNAL  ] PUB  | DO_RATCH_UNLOCK_FLAG          -> SIGNAL_OFF
16:12:47	[INFO ] [SENSOR_SIGNAL  ] PUB  | DO_MAGNET_ON_FLAG             -> SIGNAL_OFF
16:12:47	[INFO ] [SENSOR_SIGNAL  ] PUB  | DO_HANDLER_TILT_RUN_FLAG      -> SIGNAL_OFF
16:12:47	[INFO ] [SENSOR_SIGNAL  ] PUB  | DO_HANDLER_TILI_DIRECTION_FLAG-> SIGNAL_OFF
16:12:47	[INFO ] [SENSOR_SIGNAL  ] PUB  | WAGO                          -> PREPARED  
16:12:52	[INFO ] [SENSOR_SIGNAL  ] SUB  | CARGO_DOOR                    -> OPENING   
16:12:52	[INFO ] [SENSOR_SIGNAL  ] PUB  | DO_RATCH_UNLOCK_FLAG          -> SIGNAL_ON 
16:12:52	[INFO ] [SENSOR_SIGNAL  ] SUB  | CARGO_DOOR                    -> OPENING   
16:12:52	[INFO ] [SENSOR_SIGNAL  ] PUB  | DI_DOOR_CLOSE                 -> SIGNAL_OFF
16:12:53	[INFO ] [SENSOR_SIGNAL  ] PUB  | DI_RACK_02                    -> SIGNAL_ON 
16:12:54	[INFO ] [SENSOR_SIGNAL  ] PUB  | DI_RACK_02                    -> SIGNAL_OFF
16:12:55	[INFO ] [SENSOR_SIGNAL  ] PUB  | DI_DOOR_OPEN                  -> SIGNAL_ON 
16:12:55	[INFO ] [SENSOR_SIGNAL  ] SUB  | CARGO_DOOR                    -> OPENED    
16:12:55	[INFO ] [SENSOR_SIGNAL  ] PUB  | DO_RATCH_UNLOCK_FLAG          -> SIGNAL_OFF
16:16:09	[INFO ] [SENSOR_SIGNAL  ] SUB  | CARGO_DOOR                    -> OPENING   
16:16:55	[INFO ] [SENSOR_SIGNAL  ] PROC | Destructor Start              
16:16:55	[INFO ] [SENSOR_SIGNAL  ] PROC | modbus_tcp is disconnect      
16:16:55	[INFO ] [SENSOR_SIGNAL  ] PROC | Node Stop                     
16:17:05	[INFO ] [SENSOR_SIGNAL  ] PROC | Retry Count                   -> 3         
16:17:05	[INFO ] [SENSOR_SIGNAL  ] PROC | context success               
16:17:05	[INFO ] [SENSOR_SIGNAL  ] PROC | Node Start                    
16:17:05	[INFO ] [SENSOR_SIGNAL  ] PROC | connect success               
16:17:05	[INFO ] [SENSOR_SIGNAL  ] PROC | try_connect_modbus_rtu success !!!
16:17:05	[INFO ] [SENSOR_SIGNAL  ] PUB  | DI_RACK_00                    -> SIGNAL_OFF
16:17:05	[INFO ] [SENSOR_SIGNAL  ] PUB  | DI_RACK_01                    -> SIGNAL_OFF
16:17:05	[INFO ] [SENSOR_SIGNAL  ] PUB  | DI_RACK_02                    -> SIGNAL_OFF
16:17:05	[INFO ] [SENSOR_SIGNAL  ] PUB  | DI_RACK_03                    -> SIGNAL_OFF
16:17:05	[INFO ] [SENSOR_SIGNAL  ] PUB  | DI_RACK_04                    -> SIGNAL_OFF
16:17:05	[INFO ] [SENSOR_SIGNAL  ] PUB  | DI_RACK_05                    -> SIGNAL_OFF
16:17:05	[INFO ] [SENSOR_SIGNAL  ] PUB  | DI_RACK_06                    -> SIGNAL_OFF
16:17:05	[INFO ] [SENSOR_SIGNAL  ] PUB  | DI_RACK_07                    -> SIGNAL_OFF
16:17:05	[INFO ] [SENSOR_SIGNAL  ] PUB  | DI_RACK_08                    -> SIGNAL_OFF
16:17:05	[INFO ] [SENSOR_SIGNAL  ] PUB  | DI_RACK_09                    -> SIGNAL_OFF
16:17:05	[INFO ] [SENSOR_SIGNAL  ] PUB  | DI_DOOR_CLOSE                 -> SIGNAL_OFF
16:17:05	[INFO ] [SENSOR_SIGNAL  ] PUB  | DI_DOOR_OPEN                  -> SIGNAL_ON 
16:17:05	[INFO ] [SENSOR_SIGNAL  ] PUB  | DI_HANDLER_FORK_MAX_LIMIT     -> SIGNAL_OFF
16:17:05	[INFO ] [SENSOR_SIGNAL  ] PUB  | DI_HANDLER_FORK_MIN_LIMIT     -> SIGNAL_OFF
16:17:05	[INFO ] [SENSOR_SIGNAL  ] PUB  | DI_HANDLER_LIFT_MAX_LIMIT     -> SIGNAL_OFF
16:17:05	[INFO ] [SENSOR_SIGNAL  ] PUB  | DI_HANDLER_LIFT_MIN_LIMIT     -> SIGNAL_OFF
16:17:05	[INFO ] [SENSOR_SIGNAL  ] PUB  | DI_MAGNET_UNIT_ORIGIN         -> SIGNAL_ON 
16:17:05	[INFO ] [SENSOR_SIGNAL  ] PUB  | DI_MAGNET_UNIT_FRONT          -> SIGNAL_OFF
16:17:05	[INFO ] [SENSOR_SIGNAL  ] PUB  | DI_MAGNET_UNIT_REAR           -> SIGNAL_OFF
16:17:05	[INFO ] [SENSOR_SIGNAL  ] PUB  | DI_AMARTURE_CONTACT_DETECTION -> SIGNAL_OFF
16:17:05	[INFO ] [SENSOR_SIGNAL  ] PUB  | DI_TRAY_CONTACT_DETECTION     -> SIGNAL_OFF
16:17:05	[INFO ] [SENSOR_SIGNAL  ] PUB  | DI_HANDLER_TILT_MIN_LIMIT     -> SIGNAL_OFF
16:17:05	[INFO ] [SENSOR_SIGNAL  ] PUB  | DI_HANDLER_TILT_MAX_LIMIT     -> SIGNAL_OFF
16:17:05	[INFO ] [SENSOR_SIGNAL  ] PUB  | DI_RACK_FORK_BACKWARD_LIMIT   -> SIGNAL_OFF
16:17:05	[INFO ] [SENSOR_SIGNAL  ] PUB  | DI_RACK_FORK_FORWARD_LIMIT    -> SIGNAL_OFF
16:17:05	[INFO ] [SENSOR_SIGNAL  ] PUB  | DI_RATCH_LOCK_FLAG            -> SIGNAL_OFF
16:17:05	[INFO ] [SENSOR_SIGNAL  ] PUB  | DO_RATCH_UNLOCK_FLAG          -> SIGNAL_OFF
16:17:05	[INFO ] [SENSOR_SIGNAL  ] PUB  | DO_MAGNET_ON_FLAG             -> SIGNAL_OFF
16:17:05	[INFO ] [SENSOR_SIGNAL  ] PUB  | DO_HANDLER_TILT_RUN_FLAG      -> SIGNAL_OFF
16:17:05	[INFO ] [SENSOR_SIGNAL  ] PUB  | DO_HANDLER_TILI_DIRECTION_FLAG-> SIGNAL_OFF
16:17:05	[INFO ] [SENSOR_SIGNAL  ] SUB  | CARGO_DOOR                    -> OPENED    
16:17:05	[INFO ] [SENSOR_SIGNAL  ] PUB  | WAGO                          -> PREPARED  
16:17:12	[INFO ] [SENSOR_SIGNAL  ] SUB  | CARGO_DOOR                    -> OPENING   
16:17:17	[INFO ] [SENSOR_SIGNAL  ] SUB  | CARGO_DOOR                    -> CLOSING   
16:17:18	[INFO ] [SENSOR_SIGNAL  ] PUB  | DI_DOOR_OPEN                  -> SIGNAL_OFF
16:17:19	[INFO ] [SENSOR_SIGNAL  ] PUB  | DI_RACK_02                    -> SIGNAL_ON 
16:17:19	[INFO ] [SENSOR_SIGNAL  ] PUB  | DI_RACK_02                    -> SIGNAL_OFF
16:17:20	[INFO ] [SENSOR_SIGNAL  ] PUB  | DI_DOOR_CLOSE                 -> SIGNAL_ON 
16:17:20	[INFO ] [SENSOR_SIGNAL  ] SUB  | CARGO_DOOR                    -> CLOSED    
16:17:33	[INFO ] [SENSOR_SIGNAL  ] PROC | Destructor Start              
16:17:33	[INFO ] [SENSOR_SIGNAL  ] PROC | modbus_tcp is disconnect      
16:17:33	[INFO ] [SENSOR_SIGNAL  ] PROC | Node Stop                     
16:19:13	[INFO ] [SENSOR_SIGNAL  ] PROC | Retry Count                   -> 3         
16:19:13	[INFO ] [SENSOR_SIGNAL  ] PROC | context success               
16:19:13	[INFO ] [SENSOR_SIGNAL  ] PROC | Node Start                    
16:19:13	[INFO ] [SENSOR_SIGNAL  ] PROC | connect success               
16:19:13	[INFO ] [SENSOR_SIGNAL  ] PROC | try_connect_modbus_rtu success !!!
16:19:13	[INFO ] [SENSOR_SIGNAL  ] PUB  | DI_RACK_00                    -> SIGNAL_OFF
16:19:13	[INFO ] [SENSOR_SIGNAL  ] PUB  | DI_RACK_01                    -> SIGNAL_OFF
16:19:13	[INFO ] [SENSOR_SIGNAL  ] PUB  | DI_RACK_02                    -> SIGNAL_OFF
16:19:13	[INFO ] [SENSOR_SIGNAL  ] PUB  | DI_RACK_03                    -> SIGNAL_OFF
16:19:13	[INFO ] [SENSOR_SIGNAL  ] PUB  | DI_RACK_04                    -> SIGNAL_OFF
16:19:13	[INFO ] [SENSOR_SIGNAL  ] PUB  | DI_RACK_05                    -> SIGNAL_OFF
16:19:13	[INFO ] [SENSOR_SIGNAL  ] PUB  | DI_RACK_06                    -> SIGNAL_OFF
16:19:13	[INFO ] [SENSOR_SIGNAL  ] PUB  | DI_RACK_07                    -> SIGNAL_OFF
16:19:13	[INFO ] [SENSOR_SIGNAL  ] PUB  | DI_RACK_08                    -> SIGNAL_OFF
16:19:13	[INFO ] [SENSOR_SIGNAL  ] PUB  | DI_RACK_09                    -> SIGNAL_OFF
16:19:13	[INFO ] [SENSOR_SIGNAL  ] PUB  | DI_DOOR_CLOSE                 -> SIGNAL_ON 
16:19:13	[INFO ] [SENSOR_SIGNAL  ] PUB  | DI_DOOR_OPEN                  -> SIGNAL_OFF
16:19:13	[INFO ] [SENSOR_SIGNAL  ] PUB  | DI_HANDLER_FORK_MAX_LIMIT     -> SIGNAL_OFF
16:19:13	[INFO ] [SENSOR_SIGNAL  ] PUB  | DI_HANDLER_FORK_MIN_LIMIT     -> SIGNAL_OFF
16:19:13	[INFO ] [SENSOR_SIGNAL  ] PUB  | DI_HANDLER_LIFT_MAX_LIMIT     -> SIGNAL_OFF
16:19:13	[INFO ] [SENSOR_SIGNAL  ] PUB  | DI_HANDLER_LIFT_MIN_LIMIT     -> SIGNAL_OFF
16:19:13	[INFO ] [SENSOR_SIGNAL  ] PUB  | DI_MAGNET_UNIT_ORIGIN         -> SIGNAL_ON 
16:19:13	[INFO ] [SENSOR_SIGNAL  ] PUB  | DI_MAGNET_UNIT_FRONT          -> SIGNAL_OFF
16:19:13	[INFO ] [SENSOR_SIGNAL  ] PUB  | DI_MAGNET_UNIT_REAR           -> SIGNAL_OFF
16:19:13	[INFO ] [SENSOR_SIGNAL  ] PUB  | DI_AMARTURE_CONTACT_DETECTION -> SIGNAL_OFF
16:19:13	[INFO ] [SENSOR_SIGNAL  ] PUB  | DI_TRAY_CONTACT_DETECTION     -> SIGNAL_OFF
16:19:13	[INFO ] [SENSOR_SIGNAL  ] PUB  | DI_HANDLER_TILT_MIN_LIMIT     -> SIGNAL_OFF
16:19:13	[INFO ] [SENSOR_SIGNAL  ] PUB  | DI_HANDLER_TILT_MAX_LIMIT     -> SIGNAL_OFF
16:19:13	[INFO ] [SENSOR_SIGNAL  ] PUB  | DI_RACK_FORK_BACKWARD_LIMIT   -> SIGNAL_OFF
16:19:13	[INFO ] [SENSOR_SIGNAL  ] PUB  | DI_RACK_FORK_FORWARD_LIMIT    -> SIGNAL_OFF
16:19:13	[INFO ] [SENSOR_SIGNAL  ] PUB  | DI_RATCH_LOCK_FLAG            -> SIGNAL_OFF
16:19:13	[INFO ] [SENSOR_SIGNAL  ] PUB  | DO_RATCH_UNLOCK_FLAG          -> SIGNAL_OFF
16:19:13	[INFO ] [SENSOR_SIGNAL  ] PUB  | DO_MAGNET_ON_FLAG             -> SIGNAL_OFF
16:19:13	[INFO ] [SENSOR_SIGNAL  ] PUB  | DO_HANDLER_TILT_RUN_FLAG      -> SIGNAL_OFF
16:19:13	[INFO ] [SENSOR_SIGNAL  ] PUB  | DO_HANDLER_TILI_DIRECTION_FLAG-> SIGNAL_OFF
16:19:13	[INFO ] [SENSOR_SIGNAL  ] SUB  | CARGO_DOOR                    -> CLOSED    
16:19:13	[INFO ] [SENSOR_SIGNAL  ] PUB  | WAGO                          -> PREPARED  
16:24:42	[INFO ] [SENSOR_SIGNAL  ] SUB  | CARGO_DOOR                    -> OPENING   
16:24:42	[INFO ] [SENSOR_SIGNAL  ] PUB  | DO_RATCH_UNLOCK_FLAG          -> SIGNAL_ON 
16:24:42	[INFO ] [SENSOR_SIGNAL  ] SUB  | CARGO_DOOR                    -> OPENING   
16:24:43	[INFO ] [SENSOR_SIGNAL  ] PUB  | DI_DOOR_CLOSE                 -> SIGNAL_OFF
16:24:44	[INFO ] [SENSOR_SIGNAL  ] PUB  | DI_RACK_02                    -> SIGNAL_ON 
16:24:44	[INFO ] [SENSOR_SIGNAL  ] PUB  | DI_RACK_02                    -> SIGNAL_OFF
16:24:45	[INFO ] [SENSOR_SIGNAL  ] PUB  | DI_DOOR_OPEN                  -> SIGNAL_ON 
16:24:45	[INFO ] [SENSOR_SIGNAL  ] SUB  | CARGO_DOOR                    -> OPENED    
16:24:45	[INFO ] [SENSOR_SIGNAL  ] PUB  | DO_RATCH_UNLOCK_FLAG          -> SIGNAL_OFF
16:25:08	[INFO ] [SENSOR_SIGNAL  ] SUB  | CARGO_DOOR                    -> OPENING   
16:49:39	[INFO ] [SENSOR_SIGNAL  ] PROC | Destructor Start              
16:49:39	[INFO ] [SENSOR_SIGNAL  ] PROC | modbus_tcp is disconnect      
16:49:39	[INFO ] [SENSOR_SIGNAL  ] PROC | Node Stop                     
16:50:00	[INFO ] [SENSOR_SIGNAL  ] PROC | Retry Count                   -> 3         
16:50:00	[INFO ] [SENSOR_SIGNAL  ] PROC | context success               
16:50:00	[INFO ] [SENSOR_SIGNAL  ] PROC | Node Start                    
16:50:00	[INFO ] [SENSOR_SIGNAL  ] PROC | connect success               
16:50:00	[INFO ] [SENSOR_SIGNAL  ] PROC | try_connect_modbus_rtu success !!!
16:50:00	[INFO ] [SENSOR_SIGNAL  ] PUB  | DI_RACK_00                    -> SIGNAL_OFF
16:50:00	[INFO ] [SENSOR_SIGNAL  ] PUB  | DI_RACK_01                    -> SIGNAL_OFF
16:50:00	[INFO ] [SENSOR_SIGNAL  ] PUB  | DI_RACK_02                    -> SIGNAL_OFF
16:50:00	[INFO ] [SENSOR_SIGNAL  ] PUB  | DI_RACK_03                    -> SIGNAL_OFF
16:50:00	[INFO ] [SENSOR_SIGNAL  ] PUB  | DI_RACK_04                    -> SIGNAL_OFF
16:50:00	[INFO ] [SENSOR_SIGNAL  ] PUB  | DI_RACK_05                    -> SIGNAL_OFF
16:50:00	[INFO ] [SENSOR_SIGNAL  ] PUB  | DI_RACK_06                    -> SIGNAL_OFF
16:50:00	[INFO ] [SENSOR_SIGNAL  ] PUB  | DI_RACK_07                    -> SIGNAL_OFF
16:50:00	[INFO ] [SENSOR_SIGNAL  ] PUB  | DI_RACK_08                    -> SIGNAL_OFF
16:50:00	[INFO ] [SENSOR_SIGNAL  ] PUB  | DI_RACK_09                    -> SIGNAL_OFF
16:50:00	[INFO ] [SENSOR_SIGNAL  ] PUB  | DI_DOOR_CLOSE                 -> SIGNAL_OFF
16:50:00	[INFO ] [SENSOR_SIGNAL  ] PUB  | DI_DOOR_OPEN                  -> SIGNAL_ON 
16:50:00	[INFO ] [SENSOR_SIGNAL  ] PUB  | DI_HANDLER_FORK_MAX_LIMIT     -> SIGNAL_OFF
16:50:00	[INFO ] [SENSOR_SIGNAL  ] PUB  | DI_HANDLER_FORK_MIN_LIMIT     -> SIGNAL_OFF
16:50:00	[INFO ] [SENSOR_SIGNAL  ] PUB  | DI_HANDLER_LIFT_MAX_LIMIT     -> SIGNAL_OFF
16:50:00	[INFO ] [SENSOR_SIGNAL  ] PUB  | DI_HANDLER_LIFT_MIN_LIMIT     -> SIGNAL_OFF
16:50:00	[INFO ] [SENSOR_SIGNAL  ] PUB  | DI_MAGNET_UNIT_ORIGIN         -> SIGNAL_ON 
16:50:00	[INFO ] [SENSOR_SIGNAL  ] PUB  | DI_MAGNET_UNIT_FRONT          -> SIGNAL_OFF
16:50:00	[INFO ] [SENSOR_SIGNAL  ] PUB  | DI_MAGNET_UNIT_REAR           -> SIGNAL_OFF
16:50:00	[INFO ] [SENSOR_SIGNAL  ] PUB  | DI_AMARTURE_CONTACT_DETECTION -> SIGNAL_OFF
16:50:00	[INFO ] [SENSOR_SIGNAL  ] PUB  | DI_TRAY_CONTACT_DETECTION     -> SIGNAL_OFF
16:50:00	[INFO ] [SENSOR_SIGNAL  ] PUB  | DI_HANDLER_TILT_MIN_LIMIT     -> SIGNAL_OFF
16:50:00	[INFO ] [SENSOR_SIGNAL  ] PUB  | DI_HANDLER_TILT_MAX_LIMIT     -> SIGNAL_OFF
16:50:00	[INFO ] [SENSOR_SIGNAL  ] PUB  | DI_RACK_FORK_BACKWARD_LIMIT   -> SIGNAL_OFF
16:50:00	[INFO ] [SENSOR_SIGNAL  ] PUB  | DI_RACK_FORK_FORWARD_LIMIT    -> SIGNAL_OFF
16:50:00	[INFO ] [SENSOR_SIGNAL  ] PUB  | DI_RATCH_LOCK_FLAG            -> SIGNAL_OFF
16:50:00	[INFO ] [SENSOR_SIGNAL  ] PUB  | DO_RATCH_UNLOCK_FLAG          -> SIGNAL_OFF
16:50:00	[INFO ] [SENSOR_SIGNAL  ] PUB  | DO_MAGNET_ON_FLAG             -> SIGNAL_OFF
16:50:00	[INFO ] [SENSOR_SIGNAL  ] PUB  | DO_HANDLER_TILT_RUN_FLAG      -> SIGNAL_OFF
16:50:00	[INFO ] [SENSOR_SIGNAL  ] PUB  | DO_HANDLER_TILI_DIRECTION_FLAG-> SIGNAL_OFF
16:50:00	[INFO ] [SENSOR_SIGNAL  ] SUB  | CARGO_DOOR                    -> OPENED    
16:50:00	[INFO ] [SENSOR_SIGNAL  ] PUB  | WAGO                          -> PREPARED  
16:50:22	[INFO ] [SENSOR_SIGNAL  ] SUB  | CARGO_DOOR                    -> CLOSING   
16:50:23	[INFO ] [SENSOR_SIGNAL  ] PUB  | DI_DOOR_OPEN                  -> SIGNAL_OFF
16:50:24	[INFO ] [SENSOR_SIGNAL  ] PUB  | DI_RACK_02                    -> SIGNAL_ON 
16:50:24	[INFO ] [SENSOR_SIGNAL  ] PUB  | DI_RACK_02                    -> SIGNAL_OFF
16:50:25	[INFO ] [SENSOR_SIGNAL  ] PUB  | DI_DOOR_CLOSE                 -> SIGNAL_ON 
16:50:25	[INFO ] [SENSOR_SIGNAL  ] SUB  | CARGO_DOOR                    -> CLOSED    
16:50:43	[INFO ] [SENSOR_SIGNAL  ] SUB  | CARGO_DOOR                    -> OPENING   
16:50:43	[INFO ] [SENSOR_SIGNAL  ] PUB  | DO_RATCH_UNLOCK_FLAG          -> SIGNAL_ON 
16:50:43	[INFO ] [SENSOR_SIGNAL  ] SUB  | CARGO_DOOR                    -> OPENING   
16:50:43	[INFO ] [SENSOR_SIGNAL  ] PUB  | DI_DOOR_CLOSE                 -> SIGNAL_OFF
16:50:45	[INFO ] [SENSOR_SIGNAL  ] PUB  | DI_RACK_02                    -> SIGNAL_ON 
16:50:45	[INFO ] [SENSOR_SIGNAL  ] PUB  | DI_RACK_02                    -> SIGNAL_OFF
16:50:46	[INFO ] [SENSOR_SIGNAL  ] PUB  | DI_DOOR_OPEN                  -> SIGNAL_ON 
16:50:46	[INFO ] [SENSOR_SIGNAL  ] SUB  | CARGO_DOOR                    -> OPENED    
16:50:46	[INFO ] [SENSOR_SIGNAL  ] PUB  | DO_RATCH_UNLOCK_FLAG          -> SIGNAL_OFF
16:50:51	[INFO ] [SENSOR_SIGNAL  ] PROC | Destructor Start              
16:50:51	[INFO ] [SENSOR_SIGNAL  ] PROC | modbus_tcp is disconnect      
16:50:51	[INFO ] [SENSOR_SIGNAL  ] PROC | Node Stop                     
16:59:31	[INFO ] [SENSOR_SIGNAL  ] PROC | Retry Count                   -> 3         
16:59:31	[INFO ] [SENSOR_SIGNAL  ] PROC | context success               
16:59:31	[INFO ] [SENSOR_SIGNAL  ] PROC | Node Start                    
16:59:31	[INFO ] [SENSOR_SIGNAL  ] PROC | connect success               
16:59:31	[INFO ] [SENSOR_SIGNAL  ] PROC | try_connect_modbus_rtu success !!!
16:59:31	[INFO ] [SENSOR_SIGNAL  ] PUB  | DI_RACK_00                    -> SIGNAL_OFF
16:59:31	[INFO ] [SENSOR_SIGNAL  ] PUB  | DI_RACK_01                    -> SIGNAL_OFF
16:59:31	[INFO ] [SENSOR_SIGNAL  ] PUB  | DI_RACK_02                    -> SIGNAL_OFF
16:59:31	[INFO ] [SENSOR_SIGNAL  ] PUB  | DI_RACK_03                    -> SIGNAL_OFF
16:59:31	[INFO ] [SENSOR_SIGNAL  ] PUB  | DI_RACK_04                    -> SIGNAL_OFF
16:59:31	[INFO ] [SENSOR_SIGNAL  ] PUB  | DI_RACK_05                    -> SIGNAL_OFF
16:59:31	[INFO ] [SENSOR_SIGNAL  ] PUB  | DI_RACK_06                    -> SIGNAL_OFF
16:59:31	[INFO ] [SENSOR_SIGNAL  ] PUB  | DI_RACK_07                    -> SIGNAL_OFF
16:59:31	[INFO ] [SENSOR_SIGNAL  ] PUB  | DI_RACK_08                    -> SIGNAL_OFF
16:59:31	[INFO ] [SENSOR_SIGNAL  ] PUB  | DI_RACK_09                    -> SIGNAL_OFF
16:59:31	[INFO ] [SENSOR_SIGNAL  ] PUB  | DI_DOOR_CLOSE                 -> SIGNAL_OFF
16:59:31	[INFO ] [SENSOR_SIGNAL  ] PUB  | DI_DOOR_OPEN                  -> SIGNAL_ON 
16:59:31	[INFO ] [SENSOR_SIGNAL  ] PUB  | DI_HANDLER_FORK_MAX_LIMIT     -> SIGNAL_OFF
16:59:31	[INFO ] [SENSOR_SIGNAL  ] PUB  | DI_HANDLER_FORK_MIN_LIMIT     -> SIGNAL_OFF
16:59:31	[INFO ] [SENSOR_SIGNAL  ] PUB  | DI_HANDLER_LIFT_MAX_LIMIT     -> SIGNAL_OFF
16:59:31	[INFO ] [SENSOR_SIGNAL  ] PUB  | DI_HANDLER_LIFT_MIN_LIMIT     -> SIGNAL_OFF
16:59:31	[INFO ] [SENSOR_SIGNAL  ] PUB  | DI_MAGNET_UNIT_ORIGIN         -> SIGNAL_ON 
16:59:31	[INFO ] [SENSOR_SIGNAL  ] PUB  | DI_MAGNET_UNIT_FRONT          -> SIGNAL_OFF
16:59:31	[INFO ] [SENSOR_SIGNAL  ] PUB  | DI_MAGNET_UNIT_REAR           -> SIGNAL_OFF
16:59:31	[INFO ] [SENSOR_SIGNAL  ] PUB  | DI_AMARTURE_CONTACT_DETECTION -> SIGNAL_OFF
16:59:31	[INFO ] [SENSOR_SIGNAL  ] PUB  | DI_TRAY_CONTACT_DETECTION     -> SIGNAL_OFF
16:59:31	[INFO ] [SENSOR_SIGNAL  ] PUB  | DI_HANDLER_TILT_MIN_LIMIT     -> SIGNAL_OFF
16:59:31	[INFO ] [SENSOR_SIGNAL  ] PUB  | DI_HANDLER_TILT_MAX_LIMIT     -> SIGNAL_OFF
16:59:31	[INFO ] [SENSOR_SIGNAL  ] PUB  | DI_RACK_FORK_BACKWARD_LIMIT   -> SIGNAL_OFF
16:59:31	[INFO ] [SENSOR_SIGNAL  ] PUB  | DI_RACK_FORK_FORWARD_LIMIT    -> SIGNAL_OFF
16:59:31	[INFO ] [SENSOR_SIGNAL  ] PUB  | DI_RATCH_LOCK_FLAG            -> SIGNAL_OFF
16:59:31	[INFO ] [SENSOR_SIGNAL  ] PUB  | DO_RATCH_UNLOCK_FLAG          -> SIGNAL_OFF
16:59:31	[INFO ] [SENSOR_SIGNAL  ] PUB  | DO_MAGNET_ON_FLAG             -> SIGNAL_OFF
16:59:31	[INFO ] [SENSOR_SIGNAL  ] PUB  | DO_HANDLER_TILT_RUN_FLAG      -> SIGNAL_OFF
16:59:31	[INFO ] [SENSOR_SIGNAL  ] PUB  | DO_HANDLER_TILI_DIRECTION_FLAG-> SIGNAL_OFF
16:59:31	[INFO ] [SENSOR_SIGNAL  ] SUB  | CARGO_DOOR                    -> OPENED    
16:59:31	[INFO ] [SENSOR_SIGNAL  ] PUB  | WAGO                          -> PREPARED  
