18:00:03	[INFO ] [SENSOR_SIGNAL  ] PROC | Retry Count                   -> 3         
18:00:03	[INFO ] [SENSOR_SIGNAL  ] PROC | context success               
18:00:03	[INFO ] [SENSOR_SIGNAL  ] PROC | Node Start                    
18:00:03	[INFO ] [SENSOR_SIGNAL  ] PROC | connect success               
18:00:03	[INFO ] [SENSOR_SIGNAL  ] PROC | try_connect_modbus_rtu success !!!
18:00:03	[INFO ] [SENSOR_SIGNAL  ] PUB  | DI_RACK_00                    -> SIGNAL_OFF
18:00:03	[INFO ] [SENSOR_SIGNAL  ] PUB  | DI_RACK_01                    -> SIGNAL_OFF
18:00:03	[INFO ] [SENSOR_SIGNAL  ] PUB  | DI_RACK_02                    -> SIGNAL_OFF
18:00:03	[INFO ] [SENSOR_SIGNAL  ] PUB  | DI_RACK_03                    -> SIGNAL_OFF
18:00:03	[INFO ] [SENSOR_SIGNAL  ] PUB  | DI_RACK_04                    -> SIGNAL_OFF
18:00:03	[INFO ] [SENSOR_SIGNAL  ] PUB  | DI_RACK_05                    -> SIGNAL_OFF
18:00:03	[INFO ] [SENSOR_SIGNAL  ] PUB  | DI_RACK_06                    -> SIGNAL_OFF
18:00:03	[INFO ] [SENSOR_SIGNAL  ] PUB  | DI_RACK_07                    -> SIGNAL_OFF
18:00:03	[INFO ] [SENSOR_SIGNAL  ] PUB  | DI_RACK_08                    -> SIGNAL_OFF
18:00:03	[INFO ] [SENSOR_SIGNAL  ] PUB  | DI_RACK_09                    -> SIGNAL_OFF
18:00:03	[INFO ] [SENSOR_SIGNAL  ] PUB  | DI_DOOR_CLOSE                 -> SIGNAL_OFF
18:00:03	[INFO ] [SENSOR_SIGNAL  ] PUB  | DI_DOOR_OPEN                  -> SIGNAL_ON 
18:00:03	[INFO ] [SENSOR_SIGNAL  ] PUB  | DI_HANDLER_FORK_MAX_LIMIT     -> SIGNAL_OFF
18:00:03	[INFO ] [SENSOR_SIGNAL  ] PUB  | DI_HANDLER_FORK_MIN_LIMIT     -> SIGNAL_OFF
18:00:03	[INFO ] [SENSOR_SIGNAL  ] PUB  | DI_HANDLER_LIFT_MAX_LIMIT     -> SIGNAL_OFF
18:00:03	[INFO ] [SENSOR_SIGNAL  ] PUB  | DI_HANDLER_LIFT_MIN_LIMIT     -> SIGNAL_OFF
18:00:03	[INFO ] [SENSOR_SIGNAL  ] PUB  | DI_MAGNET_UNIT_ORIGIN         -> SIGNAL_ON 
18:00:03	[INFO ] [SENSOR_SIGNAL  ] PUB  | DI_MAGNET_UNIT_FRONT          -> SIGNAL_OFF
18:00:03	[INFO ] [SENSOR_SIGNAL  ] PUB  | DI_MAGNET_UNIT_REAR           -> SIGNAL_OFF
18:00:03	[INFO ] [SENSOR_SIGNAL  ] PUB  | DI_AMARTURE_CONTACT_DETECTION -> SIGNAL_OFF
18:00:03	[INFO ] [SENSOR_SIGNAL  ] PUB  | DI_TRAY_CONTACT_DETECTION     -> SIGNAL_OFF
18:00:03	[INFO ] [SENSOR_SIGNAL  ] PUB  | DI_HANDLER_TILT_MIN_LIMIT     -> SIGNAL_OFF
18:00:03	[INFO ] [SENSOR_SIGNAL  ] PUB  | DI_HANDLER_TILT_MAX_LIMIT     -> SIGNAL_OFF
18:00:03	[INFO ] [SENSOR_SIGNAL  ] PUB  | DI_RACK_FORK_BACKWARD_LIMIT   -> SIGNAL_OFF
18:00:05	[INFO ] [SENSOR_SIGNAL  ] PROC | Retry Count                   -> 3         
18:00:05	[INFO ] [SENSOR_SIGNAL  ] PROC | context success               
18:00:05	[INFO ] [SENSOR_SIGNAL  ] PROC | Node Start                    
18:00:05	[INFO ] [SENSOR_SIGNAL  ] PROC | connect success               
18:00:05	[INFO ] [SENSOR_SIGNAL  ] PROC | try_connect_modbus_rtu success !!!
18:00:05	[INFO ] [SENSOR_SIGNAL  ] PUB  | DI_RACK_00                    -> SIGNAL_OFF
18:00:05	[INFO ] [SENSOR_SIGNAL  ] PUB  | DI_RACK_01                    -> SIGNAL_OFF
18:00:05	[INFO ] [SENSOR_SIGNAL  ] PUB  | DI_RACK_02                    -> SIGNAL_OFF
18:00:05	[INFO ] [SENSOR_SIGNAL  ] PUB  | DI_RACK_03                    -> SIGNAL_OFF
18:00:05	[INFO ] [SENSOR_SIGNAL  ] PUB  | DI_RACK_04                    -> SIGNAL_OFF
18:00:05	[INFO ] [SENSOR_SIGNAL  ] PUB  | DI_RACK_05                    -> SIGNAL_OFF
18:00:05	[INFO ] [SENSOR_SIGNAL  ] PUB  | DI_RACK_06                    -> SIGNAL_OFF
18:00:05	[INFO ] [SENSOR_SIGNAL  ] PUB  | DI_RACK_07                    -> SIGNAL_OFF
18:00:05	[INFO ] [SENSOR_SIGNAL  ] PUB  | DI_RACK_08                    -> SIGNAL_OFF
18:00:05	[INFO ] [SENSOR_SIGNAL  ] PUB  | DI_RACK_09                    -> SIGNAL_OFF
18:00:05	[INFO ] [SENSOR_SIGNAL  ] PUB  | DI_DOOR_CLOSE                 -> SIGNAL_OFF
18:00:05	[INFO ] [SENSOR_SIGNAL  ] PUB  | DI_DOOR_OPEN                  -> SIGNAL_ON 
18:00:05	[INFO ] [SENSOR_SIGNAL  ] PUB  | DI_HANDLER_FORK_MAX_LIMIT     -> SIGNAL_OFF
18:00:05	[INFO ] [SENSOR_SIGNAL  ] PUB  | DI_HANDLER_FORK_MIN_LIMIT     -> SIGNAL_OFF
18:00:05	[INFO ] [SENSOR_SIGNAL  ] PUB  | DI_HANDLER_LIFT_MAX_LIMIT     -> SIGNAL_OFF
18:00:05	[INFO ] [SENSOR_SIGNAL  ] PUB  | DI_HANDLER_LIFT_MIN_LIMIT     -> SIGNAL_OFF
18:00:05	[INFO ] [SENSOR_SIGNAL  ] PUB  | DI_MAGNET_UNIT_ORIGIN         -> SIGNAL_ON 
18:00:05	[INFO ] [SENSOR_SIGNAL  ] PUB  | DI_MAGNET_UNIT_FRONT          -> SIGNAL_OFF
18:00:05	[INFO ] [SENSOR_SIGNAL  ] PUB  | DI_MAGNET_UNIT_REAR           -> SIGNAL_OFF
18:00:05	[INFO ] [SENSOR_SIGNAL  ] PUB  | DI_AMARTURE_CONTACT_DETECTION -> SIGNAL_OFF
18:00:05	[INFO ] [SENSOR_SIGNAL  ] PUB  | DI_TRAY_CONTACT_DETECTION     -> SIGNAL_OFF
18:00:05	[INFO ] [SENSOR_SIGNAL  ] PUB  | DI_HANDLER_TILT_MIN_LIMIT     -> SIGNAL_OFF
18:00:05	[INFO ] [SENSOR_SIGNAL  ] PUB  | DI_HANDLER_TILT_MAX_LIMIT     -> SIGNAL_OFF
18:00:05	[INFO ] [SENSOR_SIGNAL  ] PUB  | DI_RACK_FORK_BACKWARD_LIMIT   -> SIGNAL_OFF
18:00:05	[INFO ] [SENSOR_SIGNAL  ] PUB  | DI_RACK_FORK_FORWARD_LIMIT    -> SIGNAL_OFF
18:00:05	[INFO ] [SENSOR_SIGNAL  ] PUB  | DI_RATCH_LOCK_FLAG            -> SIGNAL_OFF
18:00:05	[INFO ] [SENSOR_SIGNAL  ] PUB  | DO_RATCH_UNLOCK_FLAG          -> SIGNAL_OFF
18:00:05	[INFO ] [SENSOR_SIGNAL  ] PUB  | DO_MAGNET_ON_FLAG             -> SIGNAL_OFF
18:00:05	[INFO ] [SENSOR_SIGNAL  ] PUB  | DO_HANDLER_TILT_RUN_FLAG      -> SIGNAL_OFF
18:00:05	[INFO ] [SENSOR_SIGNAL  ] PUB  | DO_HANDLER_TILI_DIRECTION_FLAG-> SIGNAL_OFF
18:00:05	[INFO ] [SENSOR_SIGNAL  ] SUB  | CARGO_DOOR                    -> OPENED    
18:00:05	[INFO ] [SENSOR_SIGNAL  ] PUB  | WAGO                          -> PREPARED  
18:00:07	[INFO ] [SENSOR_SIGNAL  ] PROC | Node Stop                     
18:00:07	[INFO ] [SENSOR_SIGNAL  ] PROC | modbus_tcp is disconnect      
18:02:00	[INFO ] [SENSOR_SIGNAL  ] PROC | Retry Count                   -> 3         
18:02:00	[INFO ] [SENSOR_SIGNAL  ] PROC | context success               
18:02:00	[INFO ] [SENSOR_SIGNAL  ] PROC | Node Start                    
18:02:00	[INFO ] [SENSOR_SIGNAL  ] PROC | connect success               
18:02:00	[INFO ] [SENSOR_SIGNAL  ] PROC | try_connect_modbus_rtu success !!!
18:02:00	[INFO ] [SENSOR_SIGNAL  ] PUB  | DI_RACK_00                    -> SIGNAL_OFF
18:02:00	[INFO ] [SENSOR_SIGNAL  ] PUB  | DI_RACK_01                    -> SIGNAL_OFF
18:02:00	[INFO ] [SENSOR_SIGNAL  ] PUB  | DI_RACK_02                    -> SIGNAL_OFF
18:02:00	[INFO ] [SENSOR_SIGNAL  ] PUB  | DI_RACK_03                    -> SIGNAL_OFF
18:02:00	[INFO ] [SENSOR_SIGNAL  ] PUB  | DI_RACK_04                    -> SIGNAL_OFF
18:02:00	[INFO ] [SENSOR_SIGNAL  ] PUB  | DI_RACK_05                    -> SIGNAL_OFF
18:02:00	[INFO ] [SENSOR_SIGNAL  ] PUB  | DI_RACK_06                    -> SIGNAL_OFF
18:02:00	[INFO ] [SENSOR_SIGNAL  ] PUB  | DI_RACK_07                    -> SIGNAL_OFF
18:02:00	[INFO ] [SENSOR_SIGNAL  ] PUB  | DI_RACK_08                    -> SIGNAL_OFF
18:02:00	[INFO ] [SENSOR_SIGNAL  ] PUB  | DI_RACK_09                    -> SIGNAL_OFF
18:02:00	[INFO ] [SENSOR_SIGNAL  ] PUB  | DI_DOOR_CLOSE                 -> SIGNAL_OFF
18:02:00	[INFO ] [SENSOR_SIGNAL  ] PUB  | DI_DOOR_OPEN                  -> SIGNAL_ON 
18:02:00	[INFO ] [SENSOR_SIGNAL  ] PUB  | DI_HANDLER_FORK_MAX_LIMIT     -> SIGNAL_OFF
18:02:00	[INFO ] [SENSOR_SIGNAL  ] PUB  | DI_HANDLER_FORK_MIN_LIMIT     -> SIGNAL_OFF
18:02:00	[INFO ] [SENSOR_SIGNAL  ] PUB  | DI_HANDLER_LIFT_MAX_LIMIT     -> SIGNAL_OFF
18:02:00	[INFO ] [SENSOR_SIGNAL  ] PUB  | DI_HANDLER_LIFT_MIN_LIMIT     -> SIGNAL_OFF
18:02:00	[INFO ] [SENSOR_SIGNAL  ] PUB  | DI_MAGNET_UNIT_ORIGIN         -> SIGNAL_ON 
18:02:00	[INFO ] [SENSOR_SIGNAL  ] PUB  | DI_MAGNET_UNIT_FRONT          -> SIGNAL_OFF
18:02:00	[INFO ] [SENSOR_SIGNAL  ] PUB  | DI_MAGNET_UNIT_REAR           -> SIGNAL_OFF
18:02:00	[INFO ] [SENSOR_SIGNAL  ] PUB  | DI_AMARTURE_CONTACT_DETECTION -> SIGNAL_OFF
18:02:00	[INFO ] [SENSOR_SIGNAL  ] PUB  | DI_TRAY_CONTACT_DETECTION     -> SIGNAL_OFF
18:02:00	[INFO ] [SENSOR_SIGNAL  ] PUB  | DI_HANDLER_TILT_MIN_LIMIT     -> SIGNAL_OFF
18:02:00	[INFO ] [SENSOR_SIGNAL  ] PUB  | DI_HANDLER_TILT_MAX_LIMIT     -> SIGNAL_OFF
18:02:00	[INFO ] [SENSOR_SIGNAL  ] PUB  | DI_RACK_FORK_BACKWARD_LIMIT   -> SIGNAL_OFF
18:02:00	[INFO ] [SENSOR_SIGNAL  ] PUB  | DI_RACK_FORK_FORWARD_LIMIT    -> SIGNAL_OFF
18:02:00	[INFO ] [SENSOR_SIGNAL  ] PUB  | DI_RATCH_LOCK_FLAG            -> SIGNAL_OFF
18:02:00	[INFO ] [SENSOR_SIGNAL  ] PUB  | DO_RATCH_UNLOCK_FLAG          -> SIGNAL_OFF
18:02:00	[INFO ] [SENSOR_SIGNAL  ] PUB  | DO_MAGNET_ON_FLAG             -> SIGNAL_OFF
18:02:00	[INFO ] [SENSOR_SIGNAL  ] PUB  | DO_HANDLER_TILT_RUN_FLAG      -> SIGNAL_OFF
18:02:00	[INFO ] [SENSOR_SIGNAL  ] PUB  | DO_HANDLER_TILI_DIRECTION_FLAG-> SIGNAL_OFF
18:02:00	[INFO ] [SENSOR_SIGNAL  ] PUB  | WAGO                          -> PREPARED  
18:02:02	[INFO ] [SENSOR_SIGNAL  ] PROC | Retry Count                   -> 3         
18:02:02	[INFO ] [SENSOR_SIGNAL  ] PROC | context success               
18:02:02	[INFO ] [SENSOR_SIGNAL  ] PROC | Node Start                    
18:02:02	[INFO ] [SENSOR_SIGNAL  ] PROC | connect success               
18:02:02	[INFO ] [SENSOR_SIGNAL  ] PROC | try_connect_modbus_rtu success !!!
18:02:02	[INFO ] [SENSOR_SIGNAL  ] PUB  | DI_RACK_00                    -> SIGNAL_OFF
18:02:02	[INFO ] [SENSOR_SIGNAL  ] PUB  | DI_RACK_01                    -> SIGNAL_OFF
18:02:02	[INFO ] [SENSOR_SIGNAL  ] PUB  | DI_RACK_02                    -> SIGNAL_OFF
18:02:02	[INFO ] [SENSOR_SIGNAL  ] PUB  | DI_RACK_03                    -> SIGNAL_OFF
18:02:02	[INFO ] [SENSOR_SIGNAL  ] PUB  | DI_RACK_04                    -> SIGNAL_OFF
18:02:02	[INFO ] [SENSOR_SIGNAL  ] PUB  | DI_RACK_05                    -> SIGNAL_OFF
18:02:02	[INFO ] [SENSOR_SIGNAL  ] PUB  | DI_RACK_06                    -> SIGNAL_OFF
18:02:02	[INFO ] [SENSOR_SIGNAL  ] PUB  | DI_RACK_07                    -> SIGNAL_OFF
18:02:02	[INFO ] [SENSOR_SIGNAL  ] PUB  | DI_RACK_08                    -> SIGNAL_OFF
18:02:02	[INFO ] [SENSOR_SIGNAL  ] PUB  | DI_RACK_09                    -> SIGNAL_OFF
18:02:02	[INFO ] [SENSOR_SIGNAL  ] PUB  | DI_DOOR_CLOSE                 -> SIGNAL_OFF
18:02:02	[INFO ] [SENSOR_SIGNAL  ] PUB  | DI_DOOR_OPEN                  -> SIGNAL_ON 
18:02:02	[INFO ] [SENSOR_SIGNAL  ] PUB  | DI_HANDLER_FORK_MAX_LIMIT     -> SIGNAL_OFF
18:02:02	[INFO ] [SENSOR_SIGNAL  ] PUB  | DI_HANDLER_FORK_MIN_LIMIT     -> SIGNAL_OFF
18:02:02	[INFO ] [SENSOR_SIGNAL  ] PUB  | DI_HANDLER_LIFT_MAX_LIMIT     -> SIGNAL_OFF
18:02:02	[INFO ] [SENSOR_SIGNAL  ] PUB  | DI_HANDLER_LIFT_MIN_LIMIT     -> SIGNAL_OFF
18:02:02	[INFO ] [SENSOR_SIGNAL  ] PUB  | DI_MAGNET_UNIT_ORIGIN         -> SIGNAL_ON 
18:02:02	[INFO ] [SENSOR_SIGNAL  ] PUB  | DI_MAGNET_UNIT_FRONT          -> SIGNAL_OFF
18:02:02	[INFO ] [SENSOR_SIGNAL  ] PUB  | DI_MAGNET_UNIT_REAR           -> SIGNAL_OFF
18:02:02	[INFO ] [SENSOR_SIGNAL  ] PUB  | DI_AMARTURE_CONTACT_DETECTION -> SIGNAL_OFF
18:02:02	[INFO ] [SENSOR_SIGNAL  ] PUB  | DI_TRAY_CONTACT_DETECTION     -> SIGNAL_OFF
18:02:02	[INFO ] [SENSOR_SIGNAL  ] PUB  | DI_HANDLER_TILT_MIN_LIMIT     -> SIGNAL_OFF
18:02:02	[INFO ] [SENSOR_SIGNAL  ] PUB  | DI_HANDLER_TILT_MAX_LIMIT     -> SIGNAL_OFF
18:02:02	[INFO ] [SENSOR_SIGNAL  ] PUB  | DI_RACK_FORK_BACKWARD_LIMIT   -> SIGNAL_OFF
18:02:02	[INFO ] [SENSOR_SIGNAL  ] PUB  | DI_RACK_FORK_FORWARD_LIMIT    -> SIGNAL_OFF
18:02:02	[INFO ] [SENSOR_SIGNAL  ] PUB  | DI_RATCH_LOCK_FLAG            -> SIGNAL_OFF
18:02:02	[INFO ] [SENSOR_SIGNAL  ] PUB  | DO_RATCH_UNLOCK_FLAG          -> SIGNAL_OFF
18:02:02	[INFO ] [SENSOR_SIGNAL  ] PUB  | DO_MAGNET_ON_FLAG             -> SIGNAL_OFF
18:02:02	[INFO ] [SENSOR_SIGNAL  ] PUB  | DO_HANDLER_TILT_RUN_FLAG      -> SIGNAL_OFF
18:02:02	[INFO ] [SENSOR_SIGNAL  ] PUB  | DO_HANDLER_TILI_DIRECTION_FLAG-> SIGNAL_OFF
18:02:02	[INFO ] [SENSOR_SIGNAL  ] PUB  | WAGO                          -> PREPARED  
18:02:04	[INFO ] [SENSOR_SIGNAL  ] PROC | Node Stop                     
18:02:04	[INFO ] [SENSOR_SIGNAL  ] PROC | modbus_tcp is disconnect      
18:02:06	[INFO ] [SENSOR_SIGNAL  ] PROC | Retry Count                   -> 3         
18:02:06	[INFO ] [SENSOR_SIGNAL  ] PROC | context success               
18:02:06	[INFO ] [SENSOR_SIGNAL  ] PROC | Node Start                    
18:02:06	[INFO ] [SENSOR_SIGNAL  ] PROC | connect success               
18:02:06	[INFO ] [SENSOR_SIGNAL  ] PROC | try_connect_modbus_rtu success !!!
18:02:06	[INFO ] [SENSOR_SIGNAL  ] PUB  | DI_RACK_00                    -> SIGNAL_OFF
18:02:06	[INFO ] [SENSOR_SIGNAL  ] PUB  | DI_RACK_01                    -> SIGNAL_OFF
18:02:06	[INFO ] [SENSOR_SIGNAL  ] PUB  | DI_RACK_02                    -> SIGNAL_OFF
18:02:06	[INFO ] [SENSOR_SIGNAL  ] PUB  | DI_RACK_03                    -> SIGNAL_OFF
18:02:06	[INFO ] [SENSOR_SIGNAL  ] PUB  | DI_RACK_04                    -> SIGNAL_OFF
18:02:06	[INFO ] [SENSOR_SIGNAL  ] PUB  | DI_RACK_05                    -> SIGNAL_OFF
18:02:06	[INFO ] [SENSOR_SIGNAL  ] PUB  | DI_RACK_06                    -> SIGNAL_OFF
18:02:06	[INFO ] [SENSOR_SIGNAL  ] PUB  | DI_RACK_07                    -> SIGNAL_OFF
18:02:06	[INFO ] [SENSOR_SIGNAL  ] PUB  | DI_RACK_08                    -> SIGNAL_OFF
18:02:06	[INFO ] [SENSOR_SIGNAL  ] PUB  | DI_RACK_09                    -> SIGNAL_OFF
18:02:06	[INFO ] [SENSOR_SIGNAL  ] PUB  | DI_DOOR_CLOSE                 -> SIGNAL_OFF
18:02:06	[INFO ] [SENSOR_SIGNAL  ] PUB  | DI_DOOR_OPEN                  -> SIGNAL_ON 
18:02:06	[INFO ] [SENSOR_SIGNAL  ] PUB  | DI_HANDLER_FORK_MAX_LIMIT     -> SIGNAL_OFF
18:02:06	[INFO ] [SENSOR_SIGNAL  ] PUB  | DI_HANDLER_FORK_MIN_LIMIT     -> SIGNAL_OFF
18:02:06	[INFO ] [SENSOR_SIGNAL  ] PUB  | DI_HANDLER_LIFT_MAX_LIMIT     -> SIGNAL_OFF
18:02:06	[INFO ] [SENSOR_SIGNAL  ] PUB  | DI_HANDLER_LIFT_MIN_LIMIT     -> SIGNAL_OFF
18:02:06	[INFO ] [SENSOR_SIGNAL  ] PUB  | DI_MAGNET_UNIT_ORIGIN         -> SIGNAL_ON 
18:02:06	[INFO ] [SENSOR_SIGNAL  ] PUB  | DI_MAGNET_UNIT_FRONT          -> SIGNAL_OFF
18:02:06	[INFO ] [SENSOR_SIGNAL  ] PUB  | DI_MAGNET_UNIT_REAR           -> SIGNAL_OFF
18:02:06	[INFO ] [SENSOR_SIGNAL  ] PUB  | DI_AMARTURE_CONTACT_DETECTION -> SIGNAL_OFF
18:02:06	[INFO ] [SENSOR_SIGNAL  ] PUB  | DI_TRAY_CONTACT_DETECTION     -> SIGNAL_OFF
18:02:06	[INFO ] [SENSOR_SIGNAL  ] PUB  | DI_HANDLER_TILT_MIN_LIMIT     -> SIGNAL_OFF
18:02:06	[INFO ] [SENSOR_SIGNAL  ] PUB  | DI_HANDLER_TILT_MAX_LIMIT     -> SIGNAL_OFF
18:02:06	[INFO ] [SENSOR_SIGNAL  ] PUB  | DI_RACK_FORK_BACKWARD_LIMIT   -> SIGNAL_OFF
18:02:06	[INFO ] [SENSOR_SIGNAL  ] PUB  | DI_RACK_FORK_FORWARD_LIMIT    -> SIGNAL_OFF
18:02:06	[INFO ] [SENSOR_SIGNAL  ] PUB  | DI_RATCH_LOCK_FLAG            -> SIGNAL_OFF
18:02:06	[INFO ] [SENSOR_SIGNAL  ] PUB  | DO_RATCH_UNLOCK_FLAG          -> SIGNAL_OFF
18:02:06	[INFO ] [SENSOR_SIGNAL  ] PUB  | DO_MAGNET_ON_FLAG             -> SIGNAL_OFF
18:02:06	[INFO ] [SENSOR_SIGNAL  ] PUB  | DO_HANDLER_TILT_RUN_FLAG      -> SIGNAL_OFF
18:02:06	[INFO ] [SENSOR_SIGNAL  ] PUB  | DO_HANDLER_TILI_DIRECTION_FLAG-> SIGNAL_OFF
18:02:06	[INFO ] [SENSOR_SIGNAL  ] SUB  | CARGO_DOOR                    -> OPENED    
18:02:06	[INFO ] [SENSOR_SIGNAL  ] PUB  | WAGO                          -> PREPARED  
18:02:07	[INFO ] [SENSOR_SIGNAL  ] PROC | Node Stop                     
18:02:07	[INFO ] [SENSOR_SIGNAL  ] PROC | modbus_tcp is disconnect      
18:02:08	[INFO ] [SENSOR_SIGNAL  ] PROC | Retry Count                   -> 3         
18:02:08	[INFO ] [SENSOR_SIGNAL  ] PROC | context success               
18:02:08	[INFO ] [SENSOR_SIGNAL  ] PROC | Node Start                    
18:02:08	[INFO ] [SENSOR_SIGNAL  ] PROC | connect success               
18:02:08	[INFO ] [SENSOR_SIGNAL  ] PROC | try_connect_modbus_rtu success !!!
18:02:08	[INFO ] [SENSOR_SIGNAL  ] PUB  | DI_RACK_00                    -> SIGNAL_OFF
18:02:08	[INFO ] [SENSOR_SIGNAL  ] PUB  | DI_RACK_01                    -> SIGNAL_OFF
18:02:08	[INFO ] [SENSOR_SIGNAL  ] PUB  | DI_RACK_02                    -> SIGNAL_OFF
18:02:08	[INFO ] [SENSOR_SIGNAL  ] PUB  | DI_RACK_03                    -> SIGNAL_OFF
18:02:08	[INFO ] [SENSOR_SIGNAL  ] PUB  | DI_RACK_04                    -> SIGNAL_OFF
18:02:08	[INFO ] [SENSOR_SIGNAL  ] PUB  | DI_RACK_05                    -> SIGNAL_OFF
18:02:08	[INFO ] [SENSOR_SIGNAL  ] PUB  | DI_RACK_06                    -> SIGNAL_OFF
18:02:08	[INFO ] [SENSOR_SIGNAL  ] PUB  | DI_RACK_07                    -> SIGNAL_OFF
18:02:08	[INFO ] [SENSOR_SIGNAL  ] PUB  | DI_RACK_08                    -> SIGNAL_OFF
18:02:08	[INFO ] [SENSOR_SIGNAL  ] PUB  | DI_RACK_09                    -> SIGNAL_OFF
18:02:08	[INFO ] [SENSOR_SIGNAL  ] PUB  | DI_DOOR_CLOSE                 -> SIGNAL_OFF
18:02:08	[INFO ] [SENSOR_SIGNAL  ] PUB  | DI_DOOR_OPEN                  -> SIGNAL_ON 
18:02:08	[INFO ] [SENSOR_SIGNAL  ] PUB  | DI_HANDLER_FORK_MAX_LIMIT     -> SIGNAL_OFF
18:02:08	[INFO ] [SENSOR_SIGNAL  ] PUB  | DI_HANDLER_FORK_MIN_LIMIT     -> SIGNAL_OFF
18:02:08	[INFO ] [SENSOR_SIGNAL  ] PUB  | DI_HANDLER_LIFT_MAX_LIMIT     -> SIGNAL_OFF
18:02:08	[INFO ] [SENSOR_SIGNAL  ] PUB  | DI_HANDLER_LIFT_MIN_LIMIT     -> SIGNAL_OFF
18:02:08	[INFO ] [SENSOR_SIGNAL  ] PUB  | DI_MAGNET_UNIT_ORIGIN         -> SIGNAL_ON 
18:02:08	[INFO ] [SENSOR_SIGNAL  ] PUB  | DI_MAGNET_UNIT_FRONT          -> SIGNAL_OFF
18:02:08	[INFO ] [SENSOR_SIGNAL  ] PUB  | DI_MAGNET_UNIT_REAR           -> SIGNAL_OFF
18:02:08	[INFO ] [SENSOR_SIGNAL  ] PUB  | DI_AMARTURE_CONTACT_DETECTION -> SIGNAL_OFF
18:02:08	[INFO ] [SENSOR_SIGNAL  ] PUB  | DI_TRAY_CONTACT_DETECTION     -> SIGNAL_OFF
18:02:08	[INFO ] [SENSOR_SIGNAL  ] PUB  | DI_HANDLER_TILT_MIN_LIMIT     -> SIGNAL_OFF
18:02:08	[INFO ] [SENSOR_SIGNAL  ] PUB  | DI_HANDLER_TILT_MAX_LIMIT     -> SIGNAL_OFF
18:02:08	[INFO ] [SENSOR_SIGNAL  ] PUB  | DI_RACK_FORK_BACKWARD_LIMIT   -> SIGNAL_OFF
18:02:08	[INFO ] [SENSOR_SIGNAL  ] PUB  | DI_RACK_FORK_FORWARD_LIMIT    -> SIGNAL_OFF
18:02:08	[INFO ] [SENSOR_SIGNAL  ] PUB  | DI_RATCH_LOCK_FLAG            -> SIGNAL_OFF
18:02:08	[INFO ] [SENSOR_SIGNAL  ] PUB  | DO_RATCH_UNLOCK_FLAG          -> SIGNAL_OFF
18:02:08	[INFO ] [SENSOR_SIGNAL  ] PUB  | DO_MAGNET_ON_FLAG             -> SIGNAL_OFF
18:02:08	[INFO ] [SENSOR_SIGNAL  ] PUB  | DO_HANDLER_TILT_RUN_FLAG      -> SIGNAL_OFF
18:02:08	[INFO ] [SENSOR_SIGNAL  ] PUB  | DO_HANDLER_TILI_DIRECTION_FLAG-> SIGNAL_OFF
18:02:08	[INFO ] [SENSOR_SIGNAL  ] SUB  | CARGO_DOOR                    -> OPENED    
18:02:08	[INFO ] [SENSOR_SIGNAL  ] PUB  | WAGO                          -> PREPARED  
18:02:11	[INFO ] [SENSOR_SIGNAL  ] PROC | Node Start                    
18:02:11	[INFO ] [SENSOR_SIGNAL  ] PROC | Retry Count                   -> 3         
18:02:11	[INFO ] [SENSOR_SIGNAL  ] PROC | context success               
18:02:11	[INFO ] [SENSOR_SIGNAL  ] PROC | connect success               
18:02:11	[INFO ] [SENSOR_SIGNAL  ] PROC | try_connect_modbus_rtu success !!!
18:02:11	[INFO ] [SENSOR_SIGNAL  ] PUB  | DI_RACK_00                    -> SIGNAL_OFF
18:02:11	[INFO ] [SENSOR_SIGNAL  ] PUB  | DI_RACK_01                    -> SIGNAL_OFF
18:02:11	[INFO ] [SENSOR_SIGNAL  ] PUB  | DI_RACK_02                    -> SIGNAL_OFF
18:02:11	[INFO ] [SENSOR_SIGNAL  ] PUB  | DI_RACK_03                    -> SIGNAL_OFF
18:02:11	[INFO ] [SENSOR_SIGNAL  ] PUB  | DI_RACK_04                    -> SIGNAL_OFF
18:02:11	[INFO ] [SENSOR_SIGNAL  ] PUB  | DI_RACK_05                    -> SIGNAL_OFF
18:02:11	[INFO ] [SENSOR_SIGNAL  ] PUB  | DI_RACK_06                    -> SIGNAL_OFF
18:02:11	[INFO ] [SENSOR_SIGNAL  ] PUB  | DI_RACK_07                    -> SIGNAL_OFF
18:02:11	[INFO ] [SENSOR_SIGNAL  ] PUB  | DI_RACK_08                    -> SIGNAL_OFF
18:02:11	[INFO ] [SENSOR_SIGNAL  ] PUB  | DI_RACK_09                    -> SIGNAL_OFF
18:02:11	[INFO ] [SENSOR_SIGNAL  ] PUB  | DI_DOOR_CLOSE                 -> SIGNAL_OFF
18:02:11	[INFO ] [SENSOR_SIGNAL  ] PUB  | DI_DOOR_OPEN                  -> SIGNAL_ON 
18:02:11	[INFO ] [SENSOR_SIGNAL  ] PUB  | DI_HANDLER_FORK_MAX_LIMIT     -> SIGNAL_OFF
18:02:11	[INFO ] [SENSOR_SIGNAL  ] PUB  | DI_HANDLER_FORK_MIN_LIMIT     -> SIGNAL_OFF
18:02:11	[INFO ] [SENSOR_SIGNAL  ] PUB  | DI_HANDLER_LIFT_MAX_LIMIT     -> SIGNAL_OFF
18:02:11	[INFO ] [SENSOR_SIGNAL  ] PUB  | DI_HANDLER_LIFT_MIN_LIMIT     -> SIGNAL_OFF
18:02:11	[INFO ] [SENSOR_SIGNAL  ] PUB  | DI_MAGNET_UNIT_ORIGIN         -> SIGNAL_ON 
18:02:11	[INFO ] [SENSOR_SIGNAL  ] PUB  | DI_MAGNET_UNIT_FRONT          -> SIGNAL_OFF
18:02:11	[INFO ] [SENSOR_SIGNAL  ] PUB  | DI_MAGNET_UNIT_REAR           -> SIGNAL_OFF
18:02:11	[INFO ] [SENSOR_SIGNAL  ] PUB  | DI_AMARTURE_CONTACT_DETECTION -> SIGNAL_OFF
18:02:11	[INFO ] [SENSOR_SIGNAL  ] PUB  | DI_TRAY_CONTACT_DETECTION     -> SIGNAL_OFF
18:02:11	[INFO ] [SENSOR_SIGNAL  ] PUB  | DI_HANDLER_TILT_MIN_LIMIT     -> SIGNAL_OFF
18:02:11	[INFO ] [SENSOR_SIGNAL  ] PUB  | DI_HANDLER_TILT_MAX_LIMIT     -> SIGNAL_OFF
18:02:11	[INFO ] [SENSOR_SIGNAL  ] PUB  | DI_RACK_FORK_BACKWARD_LIMIT   -> SIGNAL_OFF
18:02:11	[INFO ] [SENSOR_SIGNAL  ] PUB  | DI_RACK_FORK_FORWARD_LIMIT    -> SIGNAL_OFF
18:02:11	[INFO ] [SENSOR_SIGNAL  ] PUB  | DI_RATCH_LOCK_FLAG            -> SIGNAL_OFF
18:02:11	[INFO ] [SENSOR_SIGNAL  ] PUB  | DO_RATCH_UNLOCK_FLAG          -> SIGNAL_OFF
18:02:11	[INFO ] [SENSOR_SIGNAL  ] PUB  | DO_MAGNET_ON_FLAG             -> SIGNAL_OFF
18:02:11	[INFO ] [SENSOR_SIGNAL  ] PUB  | DO_HANDLER_TILT_RUN_FLAG      -> SIGNAL_OFF
18:02:11	[INFO ] [SENSOR_SIGNAL  ] PUB  | DO_HANDLER_TILI_DIRECTION_FLAG-> SIGNAL_OFF
18:02:11	[INFO ] [SENSOR_SIGNAL  ] SUB  | CARGO_DOOR                    -> OPENED    
18:02:11	[ERROR] [SENSOR_SIGNAL  ] PROC | modbus_read_bits fail !!!     
18:02:11	[ERROR] [SENSOR_SIGNAL  ] PROC | Error Number                  -> Invalid data
18:02:11	[ERROR] [SENSOR_SIGNAL  ] PROC | read_bits                     -> 18446744073709551615
18:02:11	[ERROR] [SENSOR_SIGNAL  ] PROC | read_len                      -> 26        
18:02:11	[ERROR] [SENSOR_SIGNAL  ] PROC | modbus_write_bits fail !!!    
18:02:11	[INFO ] [SENSOR_SIGNAL  ] PROC | modbus_tcp is disconnect      
18:02:11	[ERROR] [SENSOR_SIGNAL  ] PROC | Read Data Size is Wrong!      
18:02:11	[ERROR] [SENSOR_SIGNAL  ] PROC | Error Number                  -> Connection reset by peer
18:02:11	[ERROR] [SENSOR_SIGNAL  ] PROC | read_bits                     -> 18446744073709551615
18:02:11	[ERROR] [SENSOR_SIGNAL  ] PROC | read_len                      -> 26        
18:02:11	[ERROR] [SENSOR_SIGNAL  ] PROC | write_bits                    -> 18446744073709551615
18:02:11	[ERROR] [SENSOR_SIGNAL  ] PROC | Write Data Size is Wrong!     
18:02:11	[ERROR] [SENSOR_SIGNAL  ] PROC | write_bits                    -> 18446744073709551615
18:02:13	[INFO ] [SENSOR_SIGNAL  ] PROC | Retry Count                   -> 2         
18:02:13	[INFO ] [SENSOR_SIGNAL  ] PROC | context success               
18:02:13	[INFO ] [SENSOR_SIGNAL  ] PROC | connect success               
18:02:13	[INFO ] [SENSOR_SIGNAL  ] PROC | try_connect_modbus_rtu success !!!
18:02:13	[INFO ] [SENSOR_SIGNAL  ] PUB  | DI_RACK_00                    -> SIGNAL_OFF
18:02:13	[INFO ] [SENSOR_SIGNAL  ] PUB  | DI_RACK_01                    -> SIGNAL_OFF
18:02:13	[INFO ] [SENSOR_SIGNAL  ] PUB  | DI_RACK_02                    -> SIGNAL_OFF
18:02:13	[INFO ] [SENSOR_SIGNAL  ] PUB  | DI_RACK_03                    -> SIGNAL_OFF
18:02:13	[INFO ] [SENSOR_SIGNAL  ] PUB  | DI_RACK_04                    -> SIGNAL_OFF
18:02:13	[INFO ] [SENSOR_SIGNAL  ] PUB  | DI_RACK_05                    -> SIGNAL_OFF
18:02:13	[INFO ] [SENSOR_SIGNAL  ] PUB  | DI_RACK_06                    -> SIGNAL_OFF
18:02:13	[INFO ] [SENSOR_SIGNAL  ] PUB  | DI_RACK_07                    -> SIGNAL_OFF
18:02:13	[INFO ] [SENSOR_SIGNAL  ] PUB  | DI_RACK_08                    -> SIGNAL_OFF
18:02:13	[INFO ] [SENSOR_SIGNAL  ] PUB  | DI_RACK_09                    -> SIGNAL_OFF
18:02:13	[INFO ] [SENSOR_SIGNAL  ] PUB  | DI_DOOR_CLOSE                 -> SIGNAL_OFF
18:02:13	[INFO ] [SENSOR_SIGNAL  ] PUB  | DI_DOOR_OPEN                  -> SIGNAL_ON 
18:02:13	[INFO ] [SENSOR_SIGNAL  ] PUB  | DI_HANDLER_FORK_MAX_LIMIT     -> SIGNAL_OFF
18:02:13	[INFO ] [SENSOR_SIGNAL  ] PUB  | DI_HANDLER_FORK_MIN_LIMIT     -> SIGNAL_OFF
18:02:13	[INFO ] [SENSOR_SIGNAL  ] PUB  | DI_HANDLER_LIFT_MAX_LIMIT     -> SIGNAL_OFF
18:02:13	[INFO ] [SENSOR_SIGNAL  ] PUB  | DI_HANDLER_LIFT_MIN_LIMIT     -> SIGNAL_OFF
18:02:13	[INFO ] [SENSOR_SIGNAL  ] PUB  | DI_MAGNET_UNIT_ORIGIN         -> SIGNAL_ON 
18:02:13	[INFO ] [SENSOR_SIGNAL  ] PUB  | DI_MAGNET_UNIT_FRONT          -> SIGNAL_OFF
18:02:13	[INFO ] [SENSOR_SIGNAL  ] PUB  | DI_MAGNET_UNIT_REAR           -> SIGNAL_OFF
18:02:13	[INFO ] [SENSOR_SIGNAL  ] PUB  | DI_AMARTURE_CONTACT_DETECTION -> SIGNAL_OFF
18:02:13	[INFO ] [SENSOR_SIGNAL  ] PUB  | DI_TRAY_CONTACT_DETECTION     -> SIGNAL_OFF
18:02:13	[INFO ] [SENSOR_SIGNAL  ] PUB  | DI_HANDLER_TILT_MIN_LIMIT     -> SIGNAL_OFF
18:02:13	[INFO ] [SENSOR_SIGNAL  ] PUB  | DI_HANDLER_TILT_MAX_LIMIT     -> SIGNAL_OFF
18:02:13	[INFO ] [SENSOR_SIGNAL  ] PUB  | DI_RACK_FORK_BACKWARD_LIMIT   -> SIGNAL_OFF
18:02:13	[INFO ] [SENSOR_SIGNAL  ] PUB  | DI_RACK_FORK_FORWARD_LIMIT    -> SIGNAL_OFF
18:02:13	[INFO ] [SENSOR_SIGNAL  ] PUB  | DI_RATCH_LOCK_FLAG            -> SIGNAL_OFF
18:02:13	[INFO ] [SENSOR_SIGNAL  ] PUB  | DO_RATCH_UNLOCK_FLAG          -> SIGNAL_OFF
18:02:13	[INFO ] [SENSOR_SIGNAL  ] PUB  | DO_MAGNET_ON_FLAG             -> SIGNAL_OFF
18:02:13	[INFO ] [SENSOR_SIGNAL  ] PUB  | DO_HANDLER_TILT_RUN_FLAG      -> SIGNAL_OFF
18:02:13	[INFO ] [SENSOR_SIGNAL  ] PUB  | DO_HANDLER_TILI_DIRECTION_FLAG-> SIGNAL_OFF
18:02:13	[INFO ] [SENSOR_SIGNAL  ] PUB  | WAGO                          -> PREPARED  
18:02:20	[INFO ] [SENSOR_SIGNAL  ] PROC | Node Stop                     
18:02:20	[INFO ] [SENSOR_SIGNAL  ] PROC | modbus_tcp is disconnect      
18:02:22	[INFO ] [SENSOR_SIGNAL  ] PROC | Retry Count                   -> 3         
18:02:22	[INFO ] [SENSOR_SIGNAL  ] PROC | context success               
18:02:22	[INFO ] [SENSOR_SIGNAL  ] PROC | Node Start                    
18:02:22	[INFO ] [SENSOR_SIGNAL  ] PROC | connect success               
18:02:22	[INFO ] [SENSOR_SIGNAL  ] PROC | try_connect_modbus_rtu success !!!
18:02:22	[INFO ] [SENSOR_SIGNAL  ] PUB  | DI_RACK_00                    -> SIGNAL_OFF
18:02:22	[INFO ] [SENSOR_SIGNAL  ] PUB  | DI_RACK_01                    -> SIGNAL_OFF
18:02:22	[INFO ] [SENSOR_SIGNAL  ] PUB  | DI_RACK_02                    -> SIGNAL_OFF
18:02:22	[INFO ] [SENSOR_SIGNAL  ] PUB  | DI_RACK_03                    -> SIGNAL_OFF
18:02:22	[INFO ] [SENSOR_SIGNAL  ] PUB  | DI_RACK_04                    -> SIGNAL_OFF
18:02:22	[INFO ] [SENSOR_SIGNAL  ] PUB  | DI_RACK_05                    -> SIGNAL_OFF
18:02:22	[INFO ] [SENSOR_SIGNAL  ] PUB  | DI_RACK_06                    -> SIGNAL_OFF
18:02:22	[INFO ] [SENSOR_SIGNAL  ] PUB  | DI_RACK_07                    -> SIGNAL_OFF
18:02:22	[INFO ] [SENSOR_SIGNAL  ] PUB  | DI_RACK_08                    -> SIGNAL_OFF
18:02:22	[INFO ] [SENSOR_SIGNAL  ] PUB  | DI_RACK_09                    -> SIGNAL_OFF
18:02:22	[INFO ] [SENSOR_SIGNAL  ] PUB  | DI_DOOR_CLOSE                 -> SIGNAL_OFF
18:02:22	[INFO ] [SENSOR_SIGNAL  ] PUB  | DI_DOOR_OPEN                  -> SIGNAL_ON 
18:02:22	[INFO ] [SENSOR_SIGNAL  ] PUB  | DI_HANDLER_FORK_MAX_LIMIT     -> SIGNAL_OFF
18:02:22	[INFO ] [SENSOR_SIGNAL  ] PUB  | DI_HANDLER_FORK_MIN_LIMIT     -> SIGNAL_OFF
18:02:22	[INFO ] [SENSOR_SIGNAL  ] PUB  | DI_HANDLER_LIFT_MAX_LIMIT     -> SIGNAL_OFF
18:02:22	[INFO ] [SENSOR_SIGNAL  ] PUB  | DI_HANDLER_LIFT_MIN_LIMIT     -> SIGNAL_OFF
18:02:22	[INFO ] [SENSOR_SIGNAL  ] PUB  | DI_MAGNET_UNIT_ORIGIN         -> SIGNAL_ON 
18:02:32	[INFO ] [SENSOR_SIGNAL  ] PROC | Retry Count                   -> 3         
18:02:32	[INFO ] [SENSOR_SIGNAL  ] PROC | context success               
18:02:32	[INFO ] [SENSOR_SIGNAL  ] PROC | Node Start                    
18:02:32	[INFO ] [SENSOR_SIGNAL  ] PROC | connect success               
18:02:32	[INFO ] [SENSOR_SIGNAL  ] PROC | try_connect_modbus_rtu success !!!
18:02:32	[INFO ] [SENSOR_SIGNAL  ] PUB  | DI_RACK_00                    -> SIGNAL_OFF
18:02:32	[INFO ] [SENSOR_SIGNAL  ] PUB  | DI_RACK_01                    -> SIGNAL_OFF
18:02:32	[INFO ] [SENSOR_SIGNAL  ] PUB  | DI_RACK_02                    -> SIGNAL_OFF
18:02:32	[INFO ] [SENSOR_SIGNAL  ] PUB  | DI_RACK_03                    -> SIGNAL_OFF
18:02:32	[INFO ] [SENSOR_SIGNAL  ] PUB  | DI_RACK_04                    -> SIGNAL_OFF
18:02:32	[INFO ] [SENSOR_SIGNAL  ] PUB  | DI_RACK_05                    -> SIGNAL_OFF
18:02:32	[INFO ] [SENSOR_SIGNAL  ] PUB  | DI_RACK_06                    -> SIGNAL_OFF
18:02:32	[INFO ] [SENSOR_SIGNAL  ] PUB  | DI_RACK_07                    -> SIGNAL_OFF
18:02:32	[INFO ] [SENSOR_SIGNAL  ] PUB  | DI_RACK_08                    -> SIGNAL_OFF
18:02:32	[INFO ] [SENSOR_SIGNAL  ] PUB  | DI_RACK_09                    -> SIGNAL_OFF
18:02:32	[INFO ] [SENSOR_SIGNAL  ] PUB  | DI_DOOR_CLOSE                 -> SIGNAL_OFF
18:02:32	[INFO ] [SENSOR_SIGNAL  ] PUB  | DI_DOOR_OPEN                  -> SIGNAL_ON 
18:02:32	[INFO ] [SENSOR_SIGNAL  ] PUB  | DI_HANDLER_FORK_MAX_LIMIT     -> SIGNAL_OFF
18:02:32	[INFO ] [SENSOR_SIGNAL  ] PUB  | DI_HANDLER_FORK_MIN_LIMIT     -> SIGNAL_OFF
18:02:32	[INFO ] [SENSOR_SIGNAL  ] PUB  | DI_HANDLER_LIFT_MAX_LIMIT     -> SIGNAL_OFF
18:02:32	[INFO ] [SENSOR_SIGNAL  ] PUB  | DI_HANDLER_LIFT_MIN_LIMIT     -> SIGNAL_OFF
18:02:32	[INFO ] [SENSOR_SIGNAL  ] PUB  | DI_MAGNET_UNIT_ORIGIN         -> SIGNAL_ON 
18:02:32	[INFO ] [SENSOR_SIGNAL  ] PUB  | DI_MAGNET_UNIT_FRONT          -> SIGNAL_OFF
18:02:32	[INFO ] [SENSOR_SIGNAL  ] PUB  | DI_MAGNET_UNIT_REAR           -> SIGNAL_OFF
18:02:32	[INFO ] [SENSOR_SIGNAL  ] PUB  | DI_AMARTURE_CONTACT_DETECTION -> SIGNAL_OFF
18:02:32	[INFO ] [SENSOR_SIGNAL  ] PUB  | DI_TRAY_CONTACT_DETECTION     -> SIGNAL_OFF
18:02:32	[INFO ] [SENSOR_SIGNAL  ] PUB  | DI_HANDLER_TILT_MIN_LIMIT     -> SIGNAL_OFF
18:02:32	[INFO ] [SENSOR_SIGNAL  ] PUB  | DI_HANDLER_TILT_MAX_LIMIT     -> SIGNAL_OFF
18:02:32	[INFO ] [SENSOR_SIGNAL  ] PUB  | DI_RACK_FORK_BACKWARD_LIMIT   -> SIGNAL_OFF
18:02:32	[INFO ] [SENSOR_SIGNAL  ] PUB  | DI_RACK_FORK_FORWARD_LIMIT    -> SIGNAL_OFF
18:02:32	[INFO ] [SENSOR_SIGNAL  ] PUB  | DI_RATCH_LOCK_FLAG            -> SIGNAL_OFF
18:02:32	[INFO ] [SENSOR_SIGNAL  ] PUB  | DO_RATCH_UNLOCK_FLAG          -> SIGNAL_OFF
18:02:32	[INFO ] [SENSOR_SIGNAL  ] PUB  | DO_MAGNET_ON_FLAG             -> SIGNAL_OFF
18:02:32	[INFO ] [SENSOR_SIGNAL  ] PUB  | DO_HANDLER_TILT_RUN_FLAG      -> SIGNAL_OFF
18:02:32	[INFO ] [SENSOR_SIGNAL  ] PUB  | DO_HANDLER_TILI_DIRECTION_FLAG-> SIGNAL_OFF
18:02:32	[INFO ] [SENSOR_SIGNAL  ] SUB  | CARGO_DOOR                    -> OPENED    
18:02:36	[INFO ] [SENSOR_SIGNAL  ] PROC | Retry Count                   -> 3         
18:02:36	[INFO ] [SENSOR_SIGNAL  ] PROC | context success               
18:02:36	[INFO ] [SENSOR_SIGNAL  ] PROC | Node Start                    
18:02:36	[INFO ] [SENSOR_SIGNAL  ] PROC | connect success               
18:02:36	[INFO ] [SENSOR_SIGNAL  ] PROC | try_connect_modbus_rtu success !!!
18:02:36	[INFO ] [SENSOR_SIGNAL  ] PUB  | DI_RACK_00                    -> SIGNAL_OFF
18:02:36	[INFO ] [SENSOR_SIGNAL  ] PUB  | DI_RACK_01                    -> SIGNAL_OFF
18:02:36	[INFO ] [SENSOR_SIGNAL  ] PUB  | DI_RACK_02                    -> SIGNAL_OFF
18:02:36	[INFO ] [SENSOR_SIGNAL  ] PUB  | DI_RACK_03                    -> SIGNAL_OFF
18:02:36	[INFO ] [SENSOR_SIGNAL  ] PUB  | DI_RACK_04                    -> SIGNAL_OFF
18:02:36	[INFO ] [SENSOR_SIGNAL  ] PUB  | DI_RACK_05                    -> SIGNAL_OFF
18:02:36	[INFO ] [SENSOR_SIGNAL  ] PUB  | DI_RACK_06                    -> SIGNAL_OFF
18:02:36	[INFO ] [SENSOR_SIGNAL  ] PUB  | DI_RACK_07                    -> SIGNAL_OFF
18:02:36	[INFO ] [SENSOR_SIGNAL  ] PUB  | DI_RACK_08                    -> SIGNAL_OFF
18:02:36	[INFO ] [SENSOR_SIGNAL  ] PUB  | DI_RACK_09                    -> SIGNAL_OFF
18:02:36	[INFO ] [SENSOR_SIGNAL  ] PUB  | DI_DOOR_CLOSE                 -> SIGNAL_OFF
18:02:36	[INFO ] [SENSOR_SIGNAL  ] PUB  | DI_DOOR_OPEN                  -> SIGNAL_ON 
18:02:36	[INFO ] [SENSOR_SIGNAL  ] PUB  | DI_HANDLER_FORK_MAX_LIMIT     -> SIGNAL_OFF
18:02:36	[INFO ] [SENSOR_SIGNAL  ] PUB  | DI_HANDLER_FORK_MIN_LIMIT     -> SIGNAL_OFF
18:02:36	[INFO ] [SENSOR_SIGNAL  ] PUB  | DI_HANDLER_LIFT_MAX_LIMIT     -> SIGNAL_OFF
18:02:36	[INFO ] [SENSOR_SIGNAL  ] PUB  | DI_HANDLER_LIFT_MIN_LIMIT     -> SIGNAL_OFF
18:02:36	[INFO ] [SENSOR_SIGNAL  ] PUB  | DI_MAGNET_UNIT_ORIGIN         -> SIGNAL_ON 
18:02:36	[INFO ] [SENSOR_SIGNAL  ] PUB  | DI_MAGNET_UNIT_FRONT          -> SIGNAL_OFF
18:02:36	[INFO ] [SENSOR_SIGNAL  ] PUB  | DI_MAGNET_UNIT_REAR           -> SIGNAL_OFF
18:02:36	[INFO ] [SENSOR_SIGNAL  ] PUB  | DI_AMARTURE_CONTACT_DETECTION -> SIGNAL_OFF
18:02:36	[INFO ] [SENSOR_SIGNAL  ] PUB  | DI_TRAY_CONTACT_DETECTION     -> SIGNAL_OFF
18:02:36	[INFO ] [SENSOR_SIGNAL  ] PUB  | DI_HANDLER_TILT_MIN_LIMIT     -> SIGNAL_OFF
18:02:36	[INFO ] [SENSOR_SIGNAL  ] PUB  | DI_HANDLER_TILT_MAX_LIMIT     -> SIGNAL_OFF
18:02:36	[INFO ] [SENSOR_SIGNAL  ] PUB  | DI_RACK_FORK_BACKWARD_LIMIT   -> SIGNAL_OFF
18:02:36	[INFO ] [SENSOR_SIGNAL  ] PUB  | DI_RACK_FORK_FORWARD_LIMIT    -> SIGNAL_OFF
18:02:36	[INFO ] [SENSOR_SIGNAL  ] PUB  | DI_RATCH_LOCK_FLAG            -> SIGNAL_OFF
18:02:36	[INFO ] [SENSOR_SIGNAL  ] PUB  | DO_RATCH_UNLOCK_FLAG          -> SIGNAL_OFF
18:02:36	[INFO ] [SENSOR_SIGNAL  ] PUB  | DO_MAGNET_ON_FLAG             -> SIGNAL_OFF
18:02:36	[INFO ] [SENSOR_SIGNAL  ] PUB  | DO_HANDLER_TILT_RUN_FLAG      -> SIGNAL_OFF
18:02:36	[INFO ] [SENSOR_SIGNAL  ] PUB  | DO_HANDLER_TILI_DIRECTION_FLAG-> SIGNAL_OFF
18:02:36	[INFO ] [SENSOR_SIGNAL  ] PUB  | WAGO                          -> PREPARED  
18:02:37	[INFO ] [SENSOR_SIGNAL  ] PROC | Node Stop                     
18:02:37	[INFO ] [SENSOR_SIGNAL  ] PROC | modbus_tcp is disconnect      
18:02:40	[INFO ] [SENSOR_SIGNAL  ] PROC | Node Start                    
18:02:40	[INFO ] [SENSOR_SIGNAL  ] PROC | Retry Count                   -> 3         
18:02:40	[INFO ] [SENSOR_SIGNAL  ] PROC | context success               
18:02:40	[INFO ] [SENSOR_SIGNAL  ] PROC | connect success               
18:02:40	[INFO ] [SENSOR_SIGNAL  ] PROC | try_connect_modbus_rtu success !!!
18:02:40	[INFO ] [SENSOR_SIGNAL  ] PUB  | DI_RACK_00                    -> SIGNAL_OFF
18:02:40	[INFO ] [SENSOR_SIGNAL  ] PUB  | DI_RACK_01                    -> SIGNAL_OFF
18:02:40	[INFO ] [SENSOR_SIGNAL  ] PUB  | DI_RACK_02                    -> SIGNAL_OFF
18:02:40	[INFO ] [SENSOR_SIGNAL  ] PUB  | DI_RACK_03                    -> SIGNAL_OFF
18:02:40	[INFO ] [SENSOR_SIGNAL  ] PUB  | DI_RACK_04                    -> SIGNAL_OFF
18:02:40	[INFO ] [SENSOR_SIGNAL  ] PUB  | DI_RACK_05                    -> SIGNAL_OFF
18:02:40	[INFO ] [SENSOR_SIGNAL  ] PUB  | DI_RACK_06                    -> SIGNAL_OFF
18:02:40	[INFO ] [SENSOR_SIGNAL  ] PUB  | DI_RACK_07                    -> SIGNAL_OFF
18:02:40	[INFO ] [SENSOR_SIGNAL  ] PUB  | DI_RACK_08                    -> SIGNAL_OFF
18:02:40	[INFO ] [SENSOR_SIGNAL  ] PUB  | DI_RACK_09                    -> SIGNAL_OFF
18:02:40	[INFO ] [SENSOR_SIGNAL  ] PUB  | DI_DOOR_CLOSE                 -> SIGNAL_OFF
18:02:40	[INFO ] [SENSOR_SIGNAL  ] PUB  | DI_DOOR_OPEN                  -> SIGNAL_ON 
18:02:40	[INFO ] [SENSOR_SIGNAL  ] PUB  | DI_HANDLER_FORK_MAX_LIMIT     -> SIGNAL_OFF
18:02:40	[INFO ] [SENSOR_SIGNAL  ] PUB  | DI_HANDLER_FORK_MIN_LIMIT     -> SIGNAL_OFF
18:02:40	[INFO ] [SENSOR_SIGNAL  ] PUB  | DI_HANDLER_LIFT_MAX_LIMIT     -> SIGNAL_OFF
18:02:40	[INFO ] [SENSOR_SIGNAL  ] PUB  | DI_HANDLER_LIFT_MIN_LIMIT     -> SIGNAL_OFF
18:02:40	[INFO ] [SENSOR_SIGNAL  ] PUB  | DI_MAGNET_UNIT_ORIGIN         -> SIGNAL_ON 
18:02:40	[INFO ] [SENSOR_SIGNAL  ] PUB  | DI_MAGNET_UNIT_FRONT          -> SIGNAL_OFF
18:02:40	[INFO ] [SENSOR_SIGNAL  ] PUB  | DI_MAGNET_UNIT_REAR           -> SIGNAL_OFF
18:02:40	[INFO ] [SENSOR_SIGNAL  ] PUB  | DI_AMARTURE_CONTACT_DETECTION -> SIGNAL_OFF
18:02:40	[INFO ] [SENSOR_SIGNAL  ] PUB  | DI_TRAY_CONTACT_DETECTION     -> SIGNAL_OFF
18:02:40	[INFO ] [SENSOR_SIGNAL  ] PUB  | DI_HANDLER_TILT_MIN_LIMIT     -> SIGNAL_OFF
18:02:40	[INFO ] [SENSOR_SIGNAL  ] PUB  | DI_HANDLER_TILT_MAX_LIMIT     -> SIGNAL_OFF
18:02:40	[INFO ] [SENSOR_SIGNAL  ] PUB  | DI_RACK_FORK_BACKWARD_LIMIT   -> SIGNAL_OFF
18:02:40	[INFO ] [SENSOR_SIGNAL  ] SUB  | CARGO_DOOR                    -> OPENED    
18:02:40	[INFO ] [SENSOR_SIGNAL  ] PUB  | DO_RATCH_UNLOCK_FLAG          -> SIGNAL_OFF
18:02:40	[INFO ] [SENSOR_SIGNAL  ] PUB  | DI_RACK_FORK_FORWARD_LIMIT    -> SIGNAL_OFF
18:02:40	[INFO ] [SENSOR_SIGNAL  ] PUB  | DI_RATCH_LOCK_FLAG            -> SIGNAL_OFF
18:02:40	[INFO ] [SENSOR_SIGNAL  ] PUB  | DO_MAGNET_ON_FLAG             -> SIGNAL_OFF
18:02:40	[INFO ] [SENSOR_SIGNAL  ] PUB  | DO_HANDLER_TILT_RUN_FLAG      -> SIGNAL_OFF
18:02:40	[INFO ] [SENSOR_SIGNAL  ] PUB  | DO_HANDLER_TILI_DIRECTION_FLAG-> SIGNAL_OFF
18:02:40	[INFO ] [SENSOR_SIGNAL  ] PUB  | WAGO                          -> PREPARED  
18:02:41	[INFO ] [SENSOR_SIGNAL  ] PROC | Node Stop                     
18:02:41	[INFO ] [SENSOR_SIGNAL  ] PROC | modbus_tcp is disconnect      
18:02:43	[INFO ] [SENSOR_SIGNAL  ] PROC | Retry Count                   -> 3         
18:02:43	[INFO ] [SENSOR_SIGNAL  ] PROC | Node Start                    
18:02:43	[INFO ] [SENSOR_SIGNAL  ] PROC | context success               
18:02:43	[INFO ] [SENSOR_SIGNAL  ] PROC | connect success               
18:02:43	[INFO ] [SENSOR_SIGNAL  ] PROC | try_connect_modbus_rtu success !!!
18:02:43	[INFO ] [SENSOR_SIGNAL  ] PUB  | DI_RACK_00                    -> SIGNAL_OFF
18:02:43	[INFO ] [SENSOR_SIGNAL  ] PUB  | DI_RACK_01                    -> SIGNAL_OFF
18:02:43	[INFO ] [SENSOR_SIGNAL  ] PUB  | DI_RACK_02                    -> SIGNAL_OFF
18:02:43	[INFO ] [SENSOR_SIGNAL  ] PUB  | DI_RACK_03                    -> SIGNAL_OFF
18:02:43	[INFO ] [SENSOR_SIGNAL  ] PUB  | DI_RACK_04                    -> SIGNAL_OFF
18:02:43	[INFO ] [SENSOR_SIGNAL  ] PUB  | DI_RACK_05                    -> SIGNAL_OFF
18:02:43	[INFO ] [SENSOR_SIGNAL  ] PUB  | DI_RACK_06                    -> SIGNAL_OFF
18:02:43	[INFO ] [SENSOR_SIGNAL  ] PUB  | DI_RACK_07                    -> SIGNAL_OFF
18:02:43	[INFO ] [SENSOR_SIGNAL  ] PUB  | DI_RACK_08                    -> SIGNAL_OFF
18:02:43	[INFO ] [SENSOR_SIGNAL  ] PUB  | DI_RACK_09                    -> SIGNAL_OFF
18:02:43	[INFO ] [SENSOR_SIGNAL  ] PUB  | DI_DOOR_CLOSE                 -> SIGNAL_OFF
18:02:43	[INFO ] [SENSOR_SIGNAL  ] PUB  | DI_DOOR_OPEN                  -> SIGNAL_ON 
18:02:43	[INFO ] [SENSOR_SIGNAL  ] PUB  | DI_HANDLER_FORK_MAX_LIMIT     -> SIGNAL_OFF
18:02:43	[INFO ] [SENSOR_SIGNAL  ] PUB  | DI_HANDLER_FORK_MIN_LIMIT     -> SIGNAL_OFF
18:02:43	[INFO ] [SENSOR_SIGNAL  ] PUB  | DI_HANDLER_LIFT_MAX_LIMIT     -> SIGNAL_OFF
18:02:43	[INFO ] [SENSOR_SIGNAL  ] PUB  | DI_HANDLER_LIFT_MIN_LIMIT     -> SIGNAL_OFF
18:02:43	[INFO ] [SENSOR_SIGNAL  ] PUB  | DI_MAGNET_UNIT_ORIGIN         -> SIGNAL_ON 
18:02:43	[INFO ] [SENSOR_SIGNAL  ] PUB  | DI_MAGNET_UNIT_FRONT          -> SIGNAL_OFF
18:02:43	[INFO ] [SENSOR_SIGNAL  ] PUB  | DI_MAGNET_UNIT_REAR           -> SIGNAL_OFF
18:02:43	[INFO ] [SENSOR_SIGNAL  ] PUB  | DI_AMARTURE_CONTACT_DETECTION -> SIGNAL_OFF
18:02:43	[INFO ] [SENSOR_SIGNAL  ] PUB  | DI_TRAY_CONTACT_DETECTION     -> SIGNAL_OFF
18:02:43	[INFO ] [SENSOR_SIGNAL  ] PUB  | DI_HANDLER_TILT_MIN_LIMIT     -> SIGNAL_OFF
18:02:43	[INFO ] [SENSOR_SIGNAL  ] PUB  | DI_HANDLER_TILT_MAX_LIMIT     -> SIGNAL_OFF
18:02:43	[INFO ] [SENSOR_SIGNAL  ] PUB  | DI_RACK_FORK_BACKWARD_LIMIT   -> SIGNAL_OFF
18:02:43	[INFO ] [SENSOR_SIGNAL  ] PUB  | DI_RACK_FORK_FORWARD_LIMIT    -> SIGNAL_OFF
18:02:43	[INFO ] [SENSOR_SIGNAL  ] PUB  | DI_RATCH_LOCK_FLAG            -> SIGNAL_OFF
18:02:43	[INFO ] [SENSOR_SIGNAL  ] PUB  | DO_RATCH_UNLOCK_FLAG          -> SIGNAL_OFF
18:02:43	[INFO ] [SENSOR_SIGNAL  ] PUB  | DO_MAGNET_ON_FLAG             -> SIGNAL_OFF
18:02:43	[INFO ] [SENSOR_SIGNAL  ] PUB  | DO_HANDLER_TILT_RUN_FLAG      -> SIGNAL_OFF
18:02:43	[INFO ] [SENSOR_SIGNAL  ] PUB  | DO_HANDLER_TILI_DIRECTION_FLAG-> SIGNAL_OFF
18:02:43	[INFO ] [SENSOR_SIGNAL  ] SUB  | CARGO_DOOR                    -> OPENED    
18:02:43	[INFO ] [SENSOR_SIGNAL  ] PUB  | WAGO                          -> PREPARED  
18:02:44	[INFO ] [SENSOR_SIGNAL  ] PROC | Node Stop                     
18:02:44	[INFO ] [SENSOR_SIGNAL  ] PROC | modbus_tcp is disconnect      
18:02:46	[INFO ] [SENSOR_SIGNAL  ] PROC | Node Start                    
18:02:46	[INFO ] [SENSOR_SIGNAL  ] PROC | Retry Count                   -> 3         
18:02:46	[INFO ] [SENSOR_SIGNAL  ] PROC | context success               
18:02:46	[INFO ] [SENSOR_SIGNAL  ] PROC | connect success               
18:02:46	[INFO ] [SENSOR_SIGNAL  ] PROC | try_connect_modbus_rtu success !!!
18:02:46	[INFO ] [SENSOR_SIGNAL  ] PUB  | DI_RACK_00                    -> SIGNAL_OFF
18:02:46	[INFO ] [SENSOR_SIGNAL  ] PUB  | DI_RACK_01                    -> SIGNAL_OFF
18:02:46	[INFO ] [SENSOR_SIGNAL  ] PUB  | DI_RACK_02                    -> SIGNAL_OFF
18:02:46	[INFO ] [SENSOR_SIGNAL  ] PUB  | DI_RACK_03                    -> SIGNAL_OFF
18:02:46	[INFO ] [SENSOR_SIGNAL  ] PUB  | DI_RACK_04                    -> SIGNAL_OFF
18:02:46	[INFO ] [SENSOR_SIGNAL  ] PUB  | DI_RACK_05                    -> SIGNAL_OFF
18:02:46	[INFO ] [SENSOR_SIGNAL  ] PUB  | DI_RACK_06                    -> SIGNAL_OFF
18:02:46	[INFO ] [SENSOR_SIGNAL  ] PUB  | DI_RACK_07                    -> SIGNAL_OFF
18:02:46	[INFO ] [SENSOR_SIGNAL  ] PUB  | DI_RACK_08                    -> SIGNAL_OFF
18:02:46	[INFO ] [SENSOR_SIGNAL  ] PUB  | DI_RACK_09                    -> SIGNAL_OFF
18:02:46	[INFO ] [SENSOR_SIGNAL  ] PUB  | DI_DOOR_CLOSE                 -> SIGNAL_OFF
18:02:46	[INFO ] [SENSOR_SIGNAL  ] PUB  | DI_DOOR_OPEN                  -> SIGNAL_ON 
18:02:46	[INFO ] [SENSOR_SIGNAL  ] PUB  | DI_HANDLER_FORK_MAX_LIMIT     -> SIGNAL_OFF
18:02:46	[INFO ] [SENSOR_SIGNAL  ] PUB  | DI_HANDLER_FORK_MIN_LIMIT     -> SIGNAL_OFF
18:02:46	[INFO ] [SENSOR_SIGNAL  ] PUB  | DI_HANDLER_LIFT_MAX_LIMIT     -> SIGNAL_OFF
18:02:46	[INFO ] [SENSOR_SIGNAL  ] PUB  | DI_HANDLER_LIFT_MIN_LIMIT     -> SIGNAL_OFF
18:02:46	[INFO ] [SENSOR_SIGNAL  ] PUB  | DI_MAGNET_UNIT_ORIGIN         -> SIGNAL_ON 
18:02:46	[INFO ] [SENSOR_SIGNAL  ] PUB  | DI_MAGNET_UNIT_FRONT          -> SIGNAL_OFF
18:02:46	[INFO ] [SENSOR_SIGNAL  ] PUB  | DI_MAGNET_UNIT_REAR           -> SIGNAL_OFF
18:02:46	[INFO ] [SENSOR_SIGNAL  ] PUB  | DI_AMARTURE_CONTACT_DETECTION -> SIGNAL_OFF
18:02:46	[INFO ] [SENSOR_SIGNAL  ] PUB  | DI_TRAY_CONTACT_DETECTION     -> SIGNAL_OFF
18:02:46	[INFO ] [SENSOR_SIGNAL  ] PUB  | DI_HANDLER_TILT_MIN_LIMIT     -> SIGNAL_OFF
18:02:46	[INFO ] [SENSOR_SIGNAL  ] PUB  | DI_HANDLER_TILT_MAX_LIMIT     -> SIGNAL_OFF
18:02:46	[INFO ] [SENSOR_SIGNAL  ] PUB  | DI_RACK_FORK_BACKWARD_LIMIT   -> SIGNAL_OFF
18:02:46	[INFO ] [SENSOR_SIGNAL  ] PUB  | DI_RACK_FORK_FORWARD_LIMIT    -> SIGNAL_OFF
18:02:46	[INFO ] [SENSOR_SIGNAL  ] PUB  | DI_RATCH_LOCK_FLAG            -> SIGNAL_OFF
18:03:29	[INFO ] [SENSOR_SIGNAL  ] PROC | Node Start                    
18:03:29	[INFO ] [SENSOR_SIGNAL  ] PROC | Retry Count                   -> 3         
18:03:29	[INFO ] [SENSOR_SIGNAL  ] PROC | context success               
18:03:29	[INFO ] [SENSOR_SIGNAL  ] PROC | connect success               
18:03:29	[INFO ] [SENSOR_SIGNAL  ] PROC | try_connect_modbus_rtu success !!!
18:03:29	[INFO ] [SENSOR_SIGNAL  ] PUB  | DI_RACK_00                    -> SIGNAL_OFF
18:03:29	[INFO ] [SENSOR_SIGNAL  ] PUB  | DI_RACK_01                    -> SIGNAL_OFF
18:03:29	[INFO ] [SENSOR_SIGNAL  ] PUB  | DI_RACK_02                    -> SIGNAL_OFF
18:03:29	[INFO ] [SENSOR_SIGNAL  ] PUB  | DI_RACK_03                    -> SIGNAL_OFF
18:03:29	[INFO ] [SENSOR_SIGNAL  ] PUB  | DI_RACK_04                    -> SIGNAL_OFF
18:03:29	[INFO ] [SENSOR_SIGNAL  ] PUB  | DI_RACK_05                    -> SIGNAL_OFF
18:03:29	[INFO ] [SENSOR_SIGNAL  ] PUB  | DI_RACK_06                    -> SIGNAL_OFF
18:03:29	[INFO ] [SENSOR_SIGNAL  ] PUB  | DI_RACK_07                    -> SIGNAL_OFF
18:03:29	[INFO ] [SENSOR_SIGNAL  ] PUB  | DI_RACK_08                    -> SIGNAL_OFF
18:03:29	[INFO ] [SENSOR_SIGNAL  ] PUB  | DI_RACK_09                    -> SIGNAL_OFF
18:03:29	[INFO ] [SENSOR_SIGNAL  ] PUB  | DI_DOOR_CLOSE                 -> SIGNAL_OFF
18:03:29	[INFO ] [SENSOR_SIGNAL  ] PUB  | DI_DOOR_OPEN                  -> SIGNAL_ON 
18:03:29	[INFO ] [SENSOR_SIGNAL  ] PUB  | DI_HANDLER_FORK_MAX_LIMIT     -> SIGNAL_OFF
18:03:29	[INFO ] [SENSOR_SIGNAL  ] PUB  | DI_HANDLER_FORK_MIN_LIMIT     -> SIGNAL_OFF
18:03:29	[INFO ] [SENSOR_SIGNAL  ] PUB  | DI_HANDLER_LIFT_MAX_LIMIT     -> SIGNAL_OFF
18:03:29	[INFO ] [SENSOR_SIGNAL  ] PUB  | DI_HANDLER_LIFT_MIN_LIMIT     -> SIGNAL_OFF
18:03:29	[INFO ] [SENSOR_SIGNAL  ] PUB  | DI_MAGNET_UNIT_ORIGIN         -> SIGNAL_ON 
18:03:29	[INFO ] [SENSOR_SIGNAL  ] PUB  | DI_MAGNET_UNIT_FRONT          -> SIGNAL_OFF
18:03:29	[INFO ] [SENSOR_SIGNAL  ] PUB  | DI_MAGNET_UNIT_REAR           -> SIGNAL_OFF
18:03:29	[INFO ] [SENSOR_SIGNAL  ] PUB  | DI_AMARTURE_CONTACT_DETECTION -> SIGNAL_OFF
18:03:29	[INFO ] [SENSOR_SIGNAL  ] PUB  | DI_TRAY_CONTACT_DETECTION     -> SIGNAL_OFF
18:03:29	[INFO ] [SENSOR_SIGNAL  ] PUB  | DI_HANDLER_TILT_MIN_LIMIT     -> SIGNAL_OFF
18:03:29	[INFO ] [SENSOR_SIGNAL  ] PUB  | DI_HANDLER_TILT_MAX_LIMIT     -> SIGNAL_OFF
18:03:29	[INFO ] [SENSOR_SIGNAL  ] PUB  | DI_RACK_FORK_BACKWARD_LIMIT   -> SIGNAL_OFF
18:03:29	[INFO ] [SENSOR_SIGNAL  ] PUB  | DI_RACK_FORK_FORWARD_LIMIT    -> SIGNAL_OFF
18:03:29	[INFO ] [SENSOR_SIGNAL  ] PUB  | DI_RATCH_LOCK_FLAG            -> SIGNAL_OFF
18:03:29	[INFO ] [SENSOR_SIGNAL  ] PUB  | DO_RATCH_UNLOCK_FLAG          -> SIGNAL_OFF
18:03:29	[INFO ] [SENSOR_SIGNAL  ] PUB  | DO_MAGNET_ON_FLAG             -> SIGNAL_OFF
18:03:29	[INFO ] [SENSOR_SIGNAL  ] PUB  | DO_HANDLER_TILT_RUN_FLAG      -> SIGNAL_OFF
18:03:29	[INFO ] [SENSOR_SIGNAL  ] PUB  | DO_HANDLER_TILI_DIRECTION_FLAG-> SIGNAL_OFF
18:03:29	[INFO ] [SENSOR_SIGNAL  ] SUB  | CARGO_DOOR                    -> OPENED    
18:03:29	[ERROR] [SENSOR_SIGNAL  ] PROC | modbus_write_bits fail !!!    
18:03:29	[ERROR] [SENSOR_SIGNAL  ] PROC | Error Number                  -> Invalid data
18:03:29	[ERROR] [SENSOR_SIGNAL  ] PROC | write_bits                    -> 18446744073709551615
18:03:29	[INFO ] [SENSOR_SIGNAL  ] PROC | modbus_tcp is disconnect      
18:03:29	[ERROR] [SENSOR_SIGNAL  ] PROC | Write Data Size is Wrong!     
18:03:29	[ERROR] [SENSOR_SIGNAL  ] PROC | write_bits                    -> 18446744073709551615
